<?xml version="1.0" encoding="UTF-8"?>
<testsuite xmlns:xsi="http://www.w3.org/2001/XMLSchema-instance" xsi:noNamespaceSchemaLocation="https://maven.apache.org/surefire/maven-surefire-plugin/xsd/surefire-test-report-3.0.xsd" version="3.0" name="com.in28minutes.jpa.hibernate.demo.repository.CourseRepositoryTest" time="3.809" tests="9" errors="0" skipped="0" failures="0">
  <properties>
    <property name="java.specification.version" value="17"/>
    <property name="sun.cpu.isalist" value="amd64"/>
    <property name="sun.jnu.encoding" value="Cp1252"/>
    <property name="java.class.path" value="C:\Users\hp\Downloads\jpa_with_hibernate\jpa-with-hibernate-master\02-jpa-advanced\target\test-classes;C:\Users\hp\Downloads\jpa_with_hibernate\jpa-with-hibernate-master\02-jpa-advanced\target\classes;C:\Users\hp\.m2\repository\org\springframework\boot\spring-boot-starter-data-jpa\3.2.1\spring-boot-starter-data-jpa-3.2.1.jar;C:\Users\hp\.m2\repository\org\springframework\boot\spring-boot-starter-aop\3.2.1\spring-boot-starter-aop-3.2.1.jar;C:\Users\hp\.m2\repository\org\springframework\spring-aop\6.1.2\spring-aop-6.1.2.jar;C:\Users\hp\.m2\repository\org\aspectj\aspectjweaver\1.9.21\aspectjweaver-1.9.21.jar;C:\Users\hp\.m2\repository\org\springframework\boot\spring-boot-starter-jdbc\3.2.1\spring-boot-starter-jdbc-3.2.1.jar;C:\Users\hp\.m2\repository\com\zaxxer\HikariCP\5.0.1\HikariCP-5.0.1.jar;C:\Users\hp\.m2\repository\org\springframework\spring-jdbc\6.1.2\spring-jdbc-6.1.2.jar;C:\Users\hp\.m2\repository\org\hibernate\orm\hibernate-core\6.4.1.Final\hibernate-core-6.4.1.Final.jar;C:\Users\hp\.m2\repository\jakarta\persistence\jakarta.persistence-api\3.1.0\jakarta.persistence-api-3.1.0.jar;C:\Users\hp\.m2\repository\jakarta\transaction\jakarta.transaction-api\2.0.1\jakarta.transaction-api-2.0.1.jar;C:\Users\hp\.m2\repository\org\hibernate\common\hibernate-commons-annotations\6.0.6.Final\hibernate-commons-annotations-6.0.6.Final.jar;C:\Users\hp\.m2\repository\io\smallrye\jandex\3.1.2\jandex-3.1.2.jar;C:\Users\hp\.m2\repository\com\fasterxml\classmate\1.6.0\classmate-1.6.0.jar;C:\Users\hp\.m2\repository\net\bytebuddy\byte-buddy\1.14.10\byte-buddy-1.14.10.jar;C:\Users\hp\.m2\repository\jakarta\inject\jakarta.inject-api\2.0.1\jakarta.inject-api-2.0.1.jar;C:\Users\hp\.m2\repository\org\antlr\antlr4-runtime\4.13.0\antlr4-runtime-4.13.0.jar;C:\Users\hp\.m2\repository\org\springframework\data\spring-data-jpa\3.2.1\spring-data-jpa-3.2.1.jar;C:\Users\hp\.m2\repository\org\springframework\data\spring-data-commons\3.2.1\spring-data-commons-3.2.1.jar;C:\Users\hp\.m2\repository\org\springframework\spring-orm\6.1.2\spring-orm-6.1.2.jar;C:\Users\hp\.m2\repository\org\springframework\spring-context\6.1.2\spring-context-6.1.2.jar;C:\Users\hp\.m2\repository\org\springframework\spring-tx\6.1.2\spring-tx-6.1.2.jar;C:\Users\hp\.m2\repository\org\springframework\spring-beans\6.1.2\spring-beans-6.1.2.jar;C:\Users\hp\.m2\repository\jakarta\annotation\jakarta.annotation-api\2.1.1\jakarta.annotation-api-2.1.1.jar;C:\Users\hp\.m2\repository\org\springframework\spring-aspects\6.1.2\spring-aspects-6.1.2.jar;C:\Users\hp\.m2\repository\org\springframework\boot\spring-boot-starter-data-rest\3.2.1\spring-boot-starter-data-rest-3.2.1.jar;C:\Users\hp\.m2\repository\org\springframework\data\spring-data-rest-webmvc\4.2.1\spring-data-rest-webmvc-4.2.1.jar;C:\Users\hp\.m2\repository\org\springframework\data\spring-data-rest-core\4.2.1\spring-data-rest-core-4.2.1.jar;C:\Users\hp\.m2\repository\org\springframework\hateoas\spring-hateoas\2.2.0\spring-hateoas-2.2.0.jar;C:\Users\hp\.m2\repository\org\springframework\plugin\spring-plugin-core\3.0.0\spring-plugin-core-3.0.0.jar;C:\Users\hp\.m2\repository\org\atteo\evo-inflector\1.3\evo-inflector-1.3.jar;C:\Users\hp\.m2\repository\com\fasterxml\jackson\core\jackson-databind\2.15.3\jackson-databind-2.15.3.jar;C:\Users\hp\.m2\repository\com\fasterxml\jackson\core\jackson-core\2.15.3\jackson-core-2.15.3.jar;C:\Users\hp\.m2\repository\com\fasterxml\jackson\core\jackson-annotations\2.15.3\jackson-annotations-2.15.3.jar;C:\Users\hp\.m2\repository\org\hibernate\orm\hibernate-jcache\6.1.6.Final\hibernate-jcache-6.1.6.Final.jar;C:\Users\hp\.m2\repository\javax\cache\cache-api\1.1.1\cache-api-1.1.1.jar;C:\Users\hp\.m2\repository\org\jboss\logging\jboss-logging\3.5.3.Final\jboss-logging-3.5.3.Final.jar;C:\Users\hp\.m2\repository\org\ehcache\ehcache\3.10.6\ehcache-3.10.6.jar;C:\Users\hp\.m2\repository\org\slf4j\slf4j-api\2.0.9\slf4j-api-2.0.9.jar;C:\Users\hp\.m2\repository\org\glassfish\jaxb\jaxb-runtime\4.0.4\jaxb-runtime-4.0.4.jar;C:\Users\hp\.m2\repository\org\glassfish\jaxb\jaxb-core\4.0.4\jaxb-core-4.0.4.jar;C:\Users\hp\.m2\repository\org\eclipse\angus\angus-activation\2.0.1\angus-activation-2.0.1.jar;C:\Users\hp\.m2\repository\org\glassfish\jaxb\txw2\4.0.4\txw2-4.0.4.jar;C:\Users\hp\.m2\repository\com\sun\istack\istack-commons-runtime\4.1.2\istack-commons-runtime-4.1.2.jar;C:\Users\hp\.m2\repository\org\springframework\boot\spring-boot-starter-web\3.2.1\spring-boot-starter-web-3.2.1.jar;C:\Users\hp\.m2\repository\org\springframework\boot\spring-boot-starter\3.2.1\spring-boot-starter-3.2.1.jar;C:\Users\hp\.m2\repository\org\springframework\boot\spring-boot\3.2.1\spring-boot-3.2.1.jar;C:\Users\hp\.m2\repository\org\springframework\boot\spring-boot-autoconfigure\3.2.1\spring-boot-autoconfigure-3.2.1.jar;C:\Users\hp\.m2\repository\org\springframework\boot\spring-boot-starter-logging\3.2.1\spring-boot-starter-logging-3.2.1.jar;C:\Users\hp\.m2\repository\ch\qos\logback\logback-classic\1.4.14\logback-classic-1.4.14.jar;C:\Users\hp\.m2\repository\ch\qos\logback\logback-core\1.4.14\logback-core-1.4.14.jar;C:\Users\hp\.m2\repository\org\apache\logging\log4j\log4j-to-slf4j\2.21.1\log4j-to-slf4j-2.21.1.jar;C:\Users\hp\.m2\repository\org\apache\logging\log4j\log4j-api\2.21.1\log4j-api-2.21.1.jar;C:\Users\hp\.m2\repository\org\slf4j\jul-to-slf4j\2.0.9\jul-to-slf4j-2.0.9.jar;C:\Users\hp\.m2\repository\org\yaml\snakeyaml\2.2\snakeyaml-2.2.jar;C:\Users\hp\.m2\repository\org\springframework\boot\spring-boot-starter-json\3.2.1\spring-boot-starter-json-3.2.1.jar;C:\Users\hp\.m2\repository\com\fasterxml\jackson\datatype\jackson-datatype-jdk8\2.15.3\jackson-datatype-jdk8-2.15.3.jar;C:\Users\hp\.m2\repository\com\fasterxml\jackson\datatype\jackson-datatype-jsr310\2.15.3\jackson-datatype-jsr310-2.15.3.jar;C:\Users\hp\.m2\repository\com\fasterxml\jackson\module\jackson-module-parameter-names\2.15.3\jackson-module-parameter-names-2.15.3.jar;C:\Users\hp\.m2\repository\org\springframework\boot\spring-boot-starter-tomcat\3.2.1\spring-boot-starter-tomcat-3.2.1.jar;C:\Users\hp\.m2\repository\org\apache\tomcat\embed\tomcat-embed-core\10.1.17\tomcat-embed-core-10.1.17.jar;C:\Users\hp\.m2\repository\org\apache\tomcat\embed\tomcat-embed-el\10.1.17\tomcat-embed-el-10.1.17.jar;C:\Users\hp\.m2\repository\org\apache\tomcat\embed\tomcat-embed-websocket\10.1.17\tomcat-embed-websocket-10.1.17.jar;C:\Users\hp\.m2\repository\org\springframework\spring-web\6.1.2\spring-web-6.1.2.jar;C:\Users\hp\.m2\repository\io\micrometer\micrometer-observation\1.12.1\micrometer-observation-1.12.1.jar;C:\Users\hp\.m2\repository\io\micrometer\micrometer-commons\1.12.1\micrometer-commons-1.12.1.jar;C:\Users\hp\.m2\repository\org\springframework\spring-webmvc\6.1.2\spring-webmvc-6.1.2.jar;C:\Users\hp\.m2\repository\org\springframework\spring-expression\6.1.2\spring-expression-6.1.2.jar;C:\Users\hp\.m2\repository\com\h2database\h2\2.2.224\h2-2.2.224.jar;C:\Users\hp\.m2\repository\org\springframework\boot\spring-boot-starter-test\3.2.1\spring-boot-starter-test-3.2.1.jar;C:\Users\hp\.m2\repository\org\springframework\boot\spring-boot-test\3.2.1\spring-boot-test-3.2.1.jar;C:\Users\hp\.m2\repository\org\springframework\boot\spring-boot-test-autoconfigure\3.2.1\spring-boot-test-autoconfigure-3.2.1.jar;C:\Users\hp\.m2\repository\com\jayway\jsonpath\json-path\2.8.0\json-path-2.8.0.jar;C:\Users\hp\.m2\repository\jakarta\xml\bind\jakarta.xml.bind-api\4.0.1\jakarta.xml.bind-api-4.0.1.jar;C:\Users\hp\.m2\repository\jakarta\activation\jakarta.activation-api\2.1.2\jakarta.activation-api-2.1.2.jar;C:\Users\hp\.m2\repository\net\minidev\json-smart\2.5.0\json-smart-2.5.0.jar;C:\Users\hp\.m2\repository\net\minidev\accessors-smart\2.5.0\accessors-smart-2.5.0.jar;C:\Users\hp\.m2\repository\org\ow2\asm\asm\9.3\asm-9.3.jar;C:\Users\hp\.m2\repository\org\assertj\assertj-core\3.24.2\assertj-core-3.24.2.jar;C:\Users\hp\.m2\repository\org\awaitility\awaitility\4.2.0\awaitility-4.2.0.jar;C:\Users\hp\.m2\repository\org\hamcrest\hamcrest\2.2\hamcrest-2.2.jar;C:\Users\hp\.m2\repository\org\junit\jupiter\junit-jupiter\5.10.1\junit-jupiter-5.10.1.jar;C:\Users\hp\.m2\repository\org\junit\jupiter\junit-jupiter-api\5.10.1\junit-jupiter-api-5.10.1.jar;C:\Users\hp\.m2\repository\org\opentest4j\opentest4j\1.3.0\opentest4j-1.3.0.jar;C:\Users\hp\.m2\repository\org\junit\platform\junit-platform-commons\1.10.1\junit-platform-commons-1.10.1.jar;C:\Users\hp\.m2\repository\org\apiguardian\apiguardian-api\1.1.2\apiguardian-api-1.1.2.jar;C:\Users\hp\.m2\repository\org\junit\jupiter\junit-jupiter-params\5.10.1\junit-jupiter-params-5.10.1.jar;C:\Users\hp\.m2\repository\org\junit\jupiter\junit-jupiter-engine\5.10.1\junit-jupiter-engine-5.10.1.jar;C:\Users\hp\.m2\repository\org\junit\platform\junit-platform-engine\1.10.1\junit-platform-engine-1.10.1.jar;C:\Users\hp\.m2\repository\org\mockito\mockito-core\5.7.0\mockito-core-5.7.0.jar;C:\Users\hp\.m2\repository\net\bytebuddy\byte-buddy-agent\1.14.10\byte-buddy-agent-1.14.10.jar;C:\Users\hp\.m2\repository\org\objenesis\objenesis\3.3\objenesis-3.3.jar;C:\Users\hp\.m2\repository\org\mockito\mockito-junit-jupiter\5.7.0\mockito-junit-jupiter-5.7.0.jar;C:\Users\hp\.m2\repository\org\skyscreamer\jsonassert\1.5.1\jsonassert-1.5.1.jar;C:\Users\hp\.m2\repository\com\vaadin\external\google\android-json\0.0.20131108.vaadin1\android-json-0.0.20131108.vaadin1.jar;C:\Users\hp\.m2\repository\org\springframework\spring-core\6.1.2\spring-core-6.1.2.jar;C:\Users\hp\.m2\repository\org\springframework\spring-jcl\6.1.2\spring-jcl-6.1.2.jar;C:\Users\hp\.m2\repository\org\springframework\spring-test\6.1.2\spring-test-6.1.2.jar;C:\Users\hp\.m2\repository\org\xmlunit\xmlunit-core\2.9.1\xmlunit-core-2.9.1.jar;"/>
    <property name="java.vm.vendor" value="Eclipse Adoptium"/>
    <property name="sun.arch.data.model" value="64"/>
    <property name="user.variant" value=""/>
    <property name="java.vendor.url" value="https://adoptium.net/"/>
    <property name="user.timezone" value="Asia/Calcutta"/>
    <property name="org.jboss.logging.provider" value="slf4j"/>
    <property name="os.name" value="Windows 11"/>
    <property name="java.vm.specification.version" value="17"/>
    <property name="sun.java.launcher" value="SUN_STANDARD"/>
    <property name="user.country" value="IN"/>
    <property name="sun.boot.library.path" value="C:\Users\hp\.p2\pool\plugins\org.eclipse.justj.openjdk.hotspot.jre.full.win32.x86_64_17.0.9.v20231028-0858\jre\bin"/>
    <property name="sun.java.command" value="C:\Users\hp\AppData\Local\Temp\surefire1721892345573238756\surefirebooter-20240111010715339_3.jar C:\Users\hp\AppData\Local\Temp\surefire1721892345573238756 2024-01-11T01-07-15_097-jvmRun1 surefire-20240111010715339_1tmp surefire_0-20240111010715339_2tmp"/>
    <property name="jdk.debug" value="release"/>
    <property name="surefire.test.class.path" value="C:\Users\hp\Downloads\jpa_with_hibernate\jpa-with-hibernate-master\02-jpa-advanced\target\test-classes;C:\Users\hp\Downloads\jpa_with_hibernate\jpa-with-hibernate-master\02-jpa-advanced\target\classes;C:\Users\hp\.m2\repository\org\springframework\boot\spring-boot-starter-data-jpa\3.2.1\spring-boot-starter-data-jpa-3.2.1.jar;C:\Users\hp\.m2\repository\org\springframework\boot\spring-boot-starter-aop\3.2.1\spring-boot-starter-aop-3.2.1.jar;C:\Users\hp\.m2\repository\org\springframework\spring-aop\6.1.2\spring-aop-6.1.2.jar;C:\Users\hp\.m2\repository\org\aspectj\aspectjweaver\1.9.21\aspectjweaver-1.9.21.jar;C:\Users\hp\.m2\repository\org\springframework\boot\spring-boot-starter-jdbc\3.2.1\spring-boot-starter-jdbc-3.2.1.jar;C:\Users\hp\.m2\repository\com\zaxxer\HikariCP\5.0.1\HikariCP-5.0.1.jar;C:\Users\hp\.m2\repository\org\springframework\spring-jdbc\6.1.2\spring-jdbc-6.1.2.jar;C:\Users\hp\.m2\repository\org\hibernate\orm\hibernate-core\6.4.1.Final\hibernate-core-6.4.1.Final.jar;C:\Users\hp\.m2\repository\jakarta\persistence\jakarta.persistence-api\3.1.0\jakarta.persistence-api-3.1.0.jar;C:\Users\hp\.m2\repository\jakarta\transaction\jakarta.transaction-api\2.0.1\jakarta.transaction-api-2.0.1.jar;C:\Users\hp\.m2\repository\org\hibernate\common\hibernate-commons-annotations\6.0.6.Final\hibernate-commons-annotations-6.0.6.Final.jar;C:\Users\hp\.m2\repository\io\smallrye\jandex\3.1.2\jandex-3.1.2.jar;C:\Users\hp\.m2\repository\com\fasterxml\classmate\1.6.0\classmate-1.6.0.jar;C:\Users\hp\.m2\repository\net\bytebuddy\byte-buddy\1.14.10\byte-buddy-1.14.10.jar;C:\Users\hp\.m2\repository\jakarta\inject\jakarta.inject-api\2.0.1\jakarta.inject-api-2.0.1.jar;C:\Users\hp\.m2\repository\org\antlr\antlr4-runtime\4.13.0\antlr4-runtime-4.13.0.jar;C:\Users\hp\.m2\repository\org\springframework\data\spring-data-jpa\3.2.1\spring-data-jpa-3.2.1.jar;C:\Users\hp\.m2\repository\org\springframework\data\spring-data-commons\3.2.1\spring-data-commons-3.2.1.jar;C:\Users\hp\.m2\repository\org\springframework\spring-orm\6.1.2\spring-orm-6.1.2.jar;C:\Users\hp\.m2\repository\org\springframework\spring-context\6.1.2\spring-context-6.1.2.jar;C:\Users\hp\.m2\repository\org\springframework\spring-tx\6.1.2\spring-tx-6.1.2.jar;C:\Users\hp\.m2\repository\org\springframework\spring-beans\6.1.2\spring-beans-6.1.2.jar;C:\Users\hp\.m2\repository\jakarta\annotation\jakarta.annotation-api\2.1.1\jakarta.annotation-api-2.1.1.jar;C:\Users\hp\.m2\repository\org\springframework\spring-aspects\6.1.2\spring-aspects-6.1.2.jar;C:\Users\hp\.m2\repository\org\springframework\boot\spring-boot-starter-data-rest\3.2.1\spring-boot-starter-data-rest-3.2.1.jar;C:\Users\hp\.m2\repository\org\springframework\data\spring-data-rest-webmvc\4.2.1\spring-data-rest-webmvc-4.2.1.jar;C:\Users\hp\.m2\repository\org\springframework\data\spring-data-rest-core\4.2.1\spring-data-rest-core-4.2.1.jar;C:\Users\hp\.m2\repository\org\springframework\hateoas\spring-hateoas\2.2.0\spring-hateoas-2.2.0.jar;C:\Users\hp\.m2\repository\org\springframework\plugin\spring-plugin-core\3.0.0\spring-plugin-core-3.0.0.jar;C:\Users\hp\.m2\repository\org\atteo\evo-inflector\1.3\evo-inflector-1.3.jar;C:\Users\hp\.m2\repository\com\fasterxml\jackson\core\jackson-databind\2.15.3\jackson-databind-2.15.3.jar;C:\Users\hp\.m2\repository\com\fasterxml\jackson\core\jackson-core\2.15.3\jackson-core-2.15.3.jar;C:\Users\hp\.m2\repository\com\fasterxml\jackson\core\jackson-annotations\2.15.3\jackson-annotations-2.15.3.jar;C:\Users\hp\.m2\repository\org\hibernate\orm\hibernate-jcache\6.1.6.Final\hibernate-jcache-6.1.6.Final.jar;C:\Users\hp\.m2\repository\javax\cache\cache-api\1.1.1\cache-api-1.1.1.jar;C:\Users\hp\.m2\repository\org\jboss\logging\jboss-logging\3.5.3.Final\jboss-logging-3.5.3.Final.jar;C:\Users\hp\.m2\repository\org\ehcache\ehcache\3.10.6\ehcache-3.10.6.jar;C:\Users\hp\.m2\repository\org\slf4j\slf4j-api\2.0.9\slf4j-api-2.0.9.jar;C:\Users\hp\.m2\repository\org\glassfish\jaxb\jaxb-runtime\4.0.4\jaxb-runtime-4.0.4.jar;C:\Users\hp\.m2\repository\org\glassfish\jaxb\jaxb-core\4.0.4\jaxb-core-4.0.4.jar;C:\Users\hp\.m2\repository\org\eclipse\angus\angus-activation\2.0.1\angus-activation-2.0.1.jar;C:\Users\hp\.m2\repository\org\glassfish\jaxb\txw2\4.0.4\txw2-4.0.4.jar;C:\Users\hp\.m2\repository\com\sun\istack\istack-commons-runtime\4.1.2\istack-commons-runtime-4.1.2.jar;C:\Users\hp\.m2\repository\org\springframework\boot\spring-boot-starter-web\3.2.1\spring-boot-starter-web-3.2.1.jar;C:\Users\hp\.m2\repository\org\springframework\boot\spring-boot-starter\3.2.1\spring-boot-starter-3.2.1.jar;C:\Users\hp\.m2\repository\org\springframework\boot\spring-boot\3.2.1\spring-boot-3.2.1.jar;C:\Users\hp\.m2\repository\org\springframework\boot\spring-boot-autoconfigure\3.2.1\spring-boot-autoconfigure-3.2.1.jar;C:\Users\hp\.m2\repository\org\springframework\boot\spring-boot-starter-logging\3.2.1\spring-boot-starter-logging-3.2.1.jar;C:\Users\hp\.m2\repository\ch\qos\logback\logback-classic\1.4.14\logback-classic-1.4.14.jar;C:\Users\hp\.m2\repository\ch\qos\logback\logback-core\1.4.14\logback-core-1.4.14.jar;C:\Users\hp\.m2\repository\org\apache\logging\log4j\log4j-to-slf4j\2.21.1\log4j-to-slf4j-2.21.1.jar;C:\Users\hp\.m2\repository\org\apache\logging\log4j\log4j-api\2.21.1\log4j-api-2.21.1.jar;C:\Users\hp\.m2\repository\org\slf4j\jul-to-slf4j\2.0.9\jul-to-slf4j-2.0.9.jar;C:\Users\hp\.m2\repository\org\yaml\snakeyaml\2.2\snakeyaml-2.2.jar;C:\Users\hp\.m2\repository\org\springframework\boot\spring-boot-starter-json\3.2.1\spring-boot-starter-json-3.2.1.jar;C:\Users\hp\.m2\repository\com\fasterxml\jackson\datatype\jackson-datatype-jdk8\2.15.3\jackson-datatype-jdk8-2.15.3.jar;C:\Users\hp\.m2\repository\com\fasterxml\jackson\datatype\jackson-datatype-jsr310\2.15.3\jackson-datatype-jsr310-2.15.3.jar;C:\Users\hp\.m2\repository\com\fasterxml\jackson\module\jackson-module-parameter-names\2.15.3\jackson-module-parameter-names-2.15.3.jar;C:\Users\hp\.m2\repository\org\springframework\boot\spring-boot-starter-tomcat\3.2.1\spring-boot-starter-tomcat-3.2.1.jar;C:\Users\hp\.m2\repository\org\apache\tomcat\embed\tomcat-embed-core\10.1.17\tomcat-embed-core-10.1.17.jar;C:\Users\hp\.m2\repository\org\apache\tomcat\embed\tomcat-embed-el\10.1.17\tomcat-embed-el-10.1.17.jar;C:\Users\hp\.m2\repository\org\apache\tomcat\embed\tomcat-embed-websocket\10.1.17\tomcat-embed-websocket-10.1.17.jar;C:\Users\hp\.m2\repository\org\springframework\spring-web\6.1.2\spring-web-6.1.2.jar;C:\Users\hp\.m2\repository\io\micrometer\micrometer-observation\1.12.1\micrometer-observation-1.12.1.jar;C:\Users\hp\.m2\repository\io\micrometer\micrometer-commons\1.12.1\micrometer-commons-1.12.1.jar;C:\Users\hp\.m2\repository\org\springframework\spring-webmvc\6.1.2\spring-webmvc-6.1.2.jar;C:\Users\hp\.m2\repository\org\springframework\spring-expression\6.1.2\spring-expression-6.1.2.jar;C:\Users\hp\.m2\repository\com\h2database\h2\2.2.224\h2-2.2.224.jar;C:\Users\hp\.m2\repository\org\springframework\boot\spring-boot-starter-test\3.2.1\spring-boot-starter-test-3.2.1.jar;C:\Users\hp\.m2\repository\org\springframework\boot\spring-boot-test\3.2.1\spring-boot-test-3.2.1.jar;C:\Users\hp\.m2\repository\org\springframework\boot\spring-boot-test-autoconfigure\3.2.1\spring-boot-test-autoconfigure-3.2.1.jar;C:\Users\hp\.m2\repository\com\jayway\jsonpath\json-path\2.8.0\json-path-2.8.0.jar;C:\Users\hp\.m2\repository\jakarta\xml\bind\jakarta.xml.bind-api\4.0.1\jakarta.xml.bind-api-4.0.1.jar;C:\Users\hp\.m2\repository\jakarta\activation\jakarta.activation-api\2.1.2\jakarta.activation-api-2.1.2.jar;C:\Users\hp\.m2\repository\net\minidev\json-smart\2.5.0\json-smart-2.5.0.jar;C:\Users\hp\.m2\repository\net\minidev\accessors-smart\2.5.0\accessors-smart-2.5.0.jar;C:\Users\hp\.m2\repository\org\ow2\asm\asm\9.3\asm-9.3.jar;C:\Users\hp\.m2\repository\org\assertj\assertj-core\3.24.2\assertj-core-3.24.2.jar;C:\Users\hp\.m2\repository\org\awaitility\awaitility\4.2.0\awaitility-4.2.0.jar;C:\Users\hp\.m2\repository\org\hamcrest\hamcrest\2.2\hamcrest-2.2.jar;C:\Users\hp\.m2\repository\org\junit\jupiter\junit-jupiter\5.10.1\junit-jupiter-5.10.1.jar;C:\Users\hp\.m2\repository\org\junit\jupiter\junit-jupiter-api\5.10.1\junit-jupiter-api-5.10.1.jar;C:\Users\hp\.m2\repository\org\opentest4j\opentest4j\1.3.0\opentest4j-1.3.0.jar;C:\Users\hp\.m2\repository\org\junit\platform\junit-platform-commons\1.10.1\junit-platform-commons-1.10.1.jar;C:\Users\hp\.m2\repository\org\apiguardian\apiguardian-api\1.1.2\apiguardian-api-1.1.2.jar;C:\Users\hp\.m2\repository\org\junit\jupiter\junit-jupiter-params\5.10.1\junit-jupiter-params-5.10.1.jar;C:\Users\hp\.m2\repository\org\junit\jupiter\junit-jupiter-engine\5.10.1\junit-jupiter-engine-5.10.1.jar;C:\Users\hp\.m2\repository\org\junit\platform\junit-platform-engine\1.10.1\junit-platform-engine-1.10.1.jar;C:\Users\hp\.m2\repository\org\mockito\mockito-core\5.7.0\mockito-core-5.7.0.jar;C:\Users\hp\.m2\repository\net\bytebuddy\byte-buddy-agent\1.14.10\byte-buddy-agent-1.14.10.jar;C:\Users\hp\.m2\repository\org\objenesis\objenesis\3.3\objenesis-3.3.jar;C:\Users\hp\.m2\repository\org\mockito\mockito-junit-jupiter\5.7.0\mockito-junit-jupiter-5.7.0.jar;C:\Users\hp\.m2\repository\org\skyscreamer\jsonassert\1.5.1\jsonassert-1.5.1.jar;C:\Users\hp\.m2\repository\com\vaadin\external\google\android-json\0.0.20131108.vaadin1\android-json-0.0.20131108.vaadin1.jar;C:\Users\hp\.m2\repository\org\springframework\spring-core\6.1.2\spring-core-6.1.2.jar;C:\Users\hp\.m2\repository\org\springframework\spring-jcl\6.1.2\spring-jcl-6.1.2.jar;C:\Users\hp\.m2\repository\org\springframework\spring-test\6.1.2\spring-test-6.1.2.jar;C:\Users\hp\.m2\repository\org\xmlunit\xmlunit-core\2.9.1\xmlunit-core-2.9.1.jar;"/>
    <property name="sun.cpu.endian" value="little"/>
    <property name="user.home" value="C:\Users\hp"/>
    <property name="user.language" value="en"/>
    <property name="java.specification.vendor" value="Oracle Corporation"/>
    <property name="java.version.date" value="2023-10-17"/>
    <property name="java.home" value="C:\Users\hp\.p2\pool\plugins\org.eclipse.justj.openjdk.hotspot.jre.full.win32.x86_64_17.0.9.v20231028-0858\jre"/>
    <property name="file.separator" value="\"/>
    <property name="style.color" value="always"/>
    <property name="basedir" value="C:\Users\hp\Downloads\jpa_with_hibernate\jpa-with-hibernate-master\02-jpa-advanced"/>
    <property name="java.vm.compressedOopsMode" value="Zero based"/>
    <property name="line.separator" value="&#10;"/>
    <property name="java.vm.specification.vendor" value="Oracle Corporation"/>
    <property name="java.specification.name" value="Java Platform API Specification"/>
    <property name="FILE_LOG_CHARSET" value="windows-1252"/>
    <property name="java.awt.headless" value="true"/>
    <property name="surefire.real.class.path" value="C:\Users\hp\AppData\Local\Temp\surefire1721892345573238756\surefirebooter-20240111010715339_3.jar"/>
    <property name="user.script" value=""/>
    <property name="sun.management.compiler" value="HotSpot 64-Bit Tiered Compilers"/>
    <property name="java.runtime.version" value="17.0.9+9"/>
    <property name="user.name" value="hp"/>
    <property name="path.separator" value=";"/>
    <property name="os.version" value="10.0"/>
    <property name="java.runtime.name" value="OpenJDK Runtime Environment"/>
    <property name="file.encoding" value="Cp1252"/>
    <property name="java.vm.name" value="OpenJDK 64-Bit Server VM"/>
    <property name="java.vendor.version" value="Temurin-17.0.9+9"/>
    <property name="localRepository" value="C:\Users\hp\.m2\repository"/>
    <property name="java.vendor.url.bug" value="https://github.com/adoptium/adoptium-support/issues"/>
    <property name="java.io.tmpdir" value="C:\Users\hp\AppData\Local\Temp\"/>
    <property name="com.zaxxer.hikari.pool_number" value="5"/>
    <property name="java.version" value="17.0.9"/>
    <property name="user.dir" value="C:\Users\hp\Downloads\jpa_with_hibernate\jpa-with-hibernate-master\02-jpa-advanced"/>
    <property name="os.arch" value="amd64"/>
    <property name="java.vm.specification.name" value="Java Virtual Machine Specification"/>
    <property name="PID" value="13684"/>
    <property name="sun.os.patch.level" value=""/>
    <property name="CONSOLE_LOG_CHARSET" value="windows-1252"/>
    <property name="native.encoding" value="Cp1252"/>
    <property name="java.library.path" value="C:\Users\hp\.p2\pool\plugins\org.eclipse.justj.openjdk.hotspot.jre.full.win32.x86_64_17.0.9.v20231028-0858\jre\bin;C:\WINDOWS\Sun\Java\bin;C:\WINDOWS\system32;C:\WINDOWS;C:/Users/hp/.p2/pool/plugins/org.eclipse.justj.openjdk.hotspot.jre.full.win32.x86_64_17.0.9.v20231028-0858/jre/bin/server;C:/Users/hp/.p2/pool/plugins/org.eclipse.justj.openjdk.hotspot.jre.full.win32.x86_64_17.0.9.v20231028-0858/jre/bin;C:\Python312\Scripts\;C:\Python312\;C:\WINDOWS\system32;C:\WINDOWS;C:\WINDOWS\System32\Wbem;C:\WINDOWS\System32\WindowsPowerShell\v1.0\;C:\WINDOWS\System32\OpenSSH\;C:\Program Files\nodejs\;C:\ProgramData\chocolatey\bin;C:\Users\hp\AppData\Roaming\npm;C:\Program Files\Git\cmd;C:\Program Files\Docker\Docker\resources\bin;C:\Program Files\MySQL\MySQL Shell 8.0\bin\;C:\Users\hp\AppData\Local\Microsoft\WindowsApps;C:\Users\hp\AppData\Local\Programs\Microsoft VS Code\bin;C:\Users\hp\AppData\Local\GitHubDesktop\bin;C:\Windows;;."/>
    <property name="java.vm.info" value="mixed mode"/>
    <property name="java.vendor" value="Eclipse Adoptium"/>
    <property name="java.vm.version" value="17.0.9+9"/>
    <property name="sun.io.unicode.encoding" value="UnicodeLittle"/>
    <property name="java.class.version" value="61.0"/>
  </properties>
  <testcase name="findById_firstLevelCacheDemo" classname="com.in28minutes.jpa.hibernate.demo.repository.CourseRepositoryTest" time="0.214">
    <system-out><![CDATA[Hibernate: 
    select
        c1_0.id,
        c1_0.created_date,
        c1_0.is_deleted,
        c1_0.last_updated_date,
        c1_0.name 
    from
        course c1_0 
    where
        c1_0.id=? 
        and (
            c1_0.is_deleted = false
        )
2024-01-11T01:07:24.819+05:30  INFO 13684 --- [           main] c.i.j.h.d.repository.CourseRepository    : Course -> Course[JPA in 50 Steps]
2024-01-11T01:07:24.837+05:30  INFO 13684 --- [           main] i.StatisticalLoggingSessionEventListener : Session Metrics {
    43500 nanoseconds spent acquiring 1 JDBC connections;
    0 nanoseconds spent releasing 0 JDBC connections;
    663300 nanoseconds spent preparing 1 JDBC statements;
    275800 nanoseconds spent executing 1 JDBC statements;
    0 nanoseconds spent executing 0 JDBC batches;
    30032900 nanoseconds spent performing 1 L2C puts;
    0 nanoseconds spent performing 0 L2C hits;
    2276600 nanoseconds spent performing 1 L2C misses;
    13919800 nanoseconds spent executing 1 flushes (flushing a total of 1 entities and 2 collections);
    0 nanoseconds spent executing 0 partial-flushes (flushing a total of 0 entities and 0 collections)
}
2024-01-11T01:07:24.838+05:30  INFO 13684 --- [           main] c.i.j.h.d.r.CourseRepositoryTest         : First Course Retrieved Course[JPA in 50 Steps]
2024-01-11T01:07:24.841+05:30 TRACE 13684 --- [           main] org.hibernate.type.CollectionType        : Created collection wrapper: [com.in28minutes.jpa.hibernate.demo.entity.Course.reviews#10001]
2024-01-11T01:07:24.842+05:30 TRACE 13684 --- [           main] org.hibernate.type.CollectionType        : Created collection wrapper: [com.in28minutes.jpa.hibernate.demo.entity.Course.students#10001]
2024-01-11T01:07:24.844+05:30  INFO 13684 --- [           main] c.i.j.h.d.repository.CourseRepository    : Course -> Course[JPA in 50 Steps]
2024-01-11T01:07:24.846+05:30  INFO 13684 --- [           main] i.StatisticalLoggingSessionEventListener : Session Metrics {
    27600 nanoseconds spent acquiring 1 JDBC connections;
    0 nanoseconds spent releasing 0 JDBC connections;
    0 nanoseconds spent preparing 0 JDBC statements;
    0 nanoseconds spent executing 0 JDBC statements;
    0 nanoseconds spent executing 0 JDBC batches;
    0 nanoseconds spent performing 0 L2C puts;
    1000700 nanoseconds spent performing 1 L2C hits;
    0 nanoseconds spent performing 0 L2C misses;
    640800 nanoseconds spent executing 1 flushes (flushing a total of 1 entities and 2 collections);
    0 nanoseconds spent executing 0 partial-flushes (flushing a total of 0 entities and 0 collections)
}
2024-01-11T01:07:24.846+05:30  INFO 13684 --- [           main] c.i.j.h.d.r.CourseRepositoryTest         : First Course Retrieved again Course[JPA in 50 Steps]
]]></system-out>
  </testcase>
  <testcase name="playWithEntityManager" classname="com.in28minutes.jpa.hibernate.demo.repository.CourseRepositoryTest" time="0.111">
    <system-out><![CDATA[Hibernate: 
    select
        next value for course_seq
2024-01-11T01:07:24.875+05:30 TRACE 13684 --- [           main] org.hibernate.type.CollectionType        : Created collection wrapper: [com.in28minutes.jpa.hibernate.demo.entity.Course.reviews#10001]
2024-01-11T01:07:24.875+05:30 TRACE 13684 --- [           main] org.hibernate.type.CollectionType        : Created collection wrapper: [com.in28minutes.jpa.hibernate.demo.entity.Course.students#10001]
2024-01-11T01:07:24.875+05:30  INFO 13684 --- [           main] c.i.j.h.d.repository.CourseRepository    : Course -> Course[JPA in 50 Steps]
Hibernate: 
    insert 
    into
        course
        (created_date, is_deleted, last_updated_date, name, id) 
    values
        (?, ?, ?, ?, ?)
Hibernate: 
    update
        course 
    set
        created_date=?,
        is_deleted=?,
        last_updated_date=?,
        name=? 
    where
        id=?
2024-01-11T01:07:24.922+05:30  INFO 13684 --- [           main] i.StatisticalLoggingSessionEventListener : Session Metrics {
    17600 nanoseconds spent acquiring 1 JDBC connections;
    0 nanoseconds spent releasing 0 JDBC connections;
    3102200 nanoseconds spent preparing 3 JDBC statements;
    1334600 nanoseconds spent executing 1 JDBC statements;
    2447500 nanoseconds spent executing 2 JDBC batches;
    3274000 nanoseconds spent performing 4 L2C puts;
    912400 nanoseconds spent performing 1 L2C hits;
    0 nanoseconds spent performing 0 L2C misses;
    42799400 nanoseconds spent executing 1 flushes (flushing a total of 2 entities and 4 collections);
    0 nanoseconds spent executing 0 partial-flushes (flushing a total of 0 entities and 0 collections)
}
2024-01-11T01:07:24.930+05:30  INFO 13684 --- [           main] j.LocalContainerEntityManagerFactoryBean : Closing JPA EntityManagerFactory for persistence unit 'default'
Hibernate: 
    drop table if exists course cascade 
Hibernate: 
    drop table if exists full_time_employee cascade 
Hibernate: 
    drop table if exists part_time_employee cascade 
Hibernate: 
    drop table if exists passport cascade 
Hibernate: 
    drop table if exists review cascade 
Hibernate: 
    drop table if exists student cascade 
Hibernate: 
    drop table if exists student_course cascade 
Hibernate: 
    drop sequence if exists course_seq
Hibernate: 
    drop sequence if exists full_time_employee_seq
Hibernate: 
    drop sequence if exists part_time_employee_seq
Hibernate: 
    drop sequence if exists passport_seq
Hibernate: 
    drop sequence if exists review_seq
Hibernate: 
    drop sequence if exists student_seq
2024-01-11T01:07:24.947+05:30  INFO 13684 --- [           main] org.ehcache.core.EhcacheManager          : Cache 'com.in28minutes.jpa.hibernate.demo.entity.Course' removed from EhcacheManager.
2024-01-11T01:07:24.948+05:30 TRACE 13684 --- [           main] o.h.type.spi.TypeConfiguration$Scope     : Handling #sessionFactoryClosed from [org.hibernate.internal.SessionFactoryImpl@4198921f] for TypeConfiguration
2024-01-11T01:07:24.948+05:30 DEBUG 13684 --- [           main] o.h.type.spi.TypeConfiguration$Scope     : Un-scoping TypeConfiguration [org.hibernate.type.spi.TypeConfiguration$Scope@26d68ea4] from SessionFactory [org.hibernate.internal.SessionFactoryImpl@4198921f]
2024-01-11T01:07:24.962+05:30  INFO 13684 --- [           main] com.zaxxer.hikari.HikariDataSource       : HikariPool-1 - Shutdown initiated...
2024-01-11T01:07:24.965+05:30  INFO 13684 --- [           main] com.zaxxer.hikari.HikariDataSource       : HikariPool-1 - Shutdown completed.
]]></system-out>
  </testcase>
  <testcase name="performance_without_hint" classname="com.in28minutes.jpa.hibernate.demo.repository.CourseRepositoryTest" time="0.127">
    <system-out><![CDATA[
  .   ____          _            __ _ _
 /\\ / ___'_ __ _ _(_)_ __  __ _ \ \ \ \
( ( )\___ | '_ | '_| | '_ \/ _` | \ \ \ \
 \\/  ___)| |_)| | | | | || (_| |  ) ) ) )
  '  |____| .__|_| |_|_| |_\__, | / / / /
 =========|_|==============|___/=/_/_/_/
 :: Spring Boot ::                (v3.2.1)

2024-01-11T01:07:25.016+05:30  INFO 13684 --- [           main] c.i.j.h.d.r.CourseRepositoryTest         : Starting CourseRepositoryTest using Java 17.0.9 with PID 13684 (started by hp in C:\Users\hp\Downloads\jpa_with_hibernate\jpa-with-hibernate-master\02-jpa-advanced)
2024-01-11T01:07:25.016+05:30  INFO 13684 --- [           main] c.i.j.h.d.r.CourseRepositoryTest         : No active profile set, falling back to 1 default profile: "default"
2024-01-11T01:07:25.216+05:30  INFO 13684 --- [           main] .s.d.r.c.RepositoryConfigurationDelegate : Bootstrapping Spring Data JPA repositories in DEFAULT mode.
2024-01-11T01:07:25.230+05:30  INFO 13684 --- [           main] .s.d.r.c.RepositoryConfigurationDelegate : Finished Spring Data repository scanning in 13 ms. Found 1 JPA repository interface.
2024-01-11T01:07:25.344+05:30  INFO 13684 --- [           main] com.zaxxer.hikari.HikariDataSource       : HikariPool-2 - Starting...
2024-01-11T01:07:25.347+05:30  INFO 13684 --- [           main] com.zaxxer.hikari.pool.HikariPool        : HikariPool-2 - Added connection conn10: url=jdbc:h2:mem:testdb user=SA
2024-01-11T01:07:25.347+05:30  INFO 13684 --- [           main] com.zaxxer.hikari.HikariDataSource       : HikariPool-2 - Start completed.
2024-01-11T01:07:25.348+05:30  INFO 13684 --- [           main] o.hibernate.jpa.internal.util.LogHelper  : HHH000204: Processing PersistenceUnitInfo [name: default]
2024-01-11T01:07:25.353+05:30  INFO 13684 --- [           main] o.h.c.internal.RegionFactoryInitiator    : HHH000025: Second-level cache region factory [org.hibernate.cache.jcache.internal.JCacheRegionFactory]
2024-01-11T01:07:25.354+05:30 DEBUG 13684 --- [           main] org.hibernate.type.BasicTypeRegistry     : Adding type registration boolean -> org.hibernate.type.BasicTypeReference@6c96403e
2024-01-11T01:07:25.354+05:30 DEBUG 13684 --- [           main] org.hibernate.type.BasicTypeRegistry     : Adding type registration boolean -> org.hibernate.type.BasicTypeReference@6c96403e
2024-01-11T01:07:25.354+05:30 DEBUG 13684 --- [           main] org.hibernate.type.BasicTypeRegistry     : Adding type registration java.lang.Boolean -> org.hibernate.type.BasicTypeReference@6c96403e
2024-01-11T01:07:25.354+05:30 DEBUG 13684 --- [           main] org.hibernate.type.BasicTypeRegistry     : Adding type registration numeric_boolean -> org.hibernate.type.BasicTypeReference@7babed9e
2024-01-11T01:07:25.354+05:30 DEBUG 13684 --- [           main] org.hibernate.type.BasicTypeRegistry     : Adding type registration org.hibernate.type.NumericBooleanConverter -> org.hibernate.type.BasicTypeReference@7babed9e
2024-01-11T01:07:25.354+05:30 DEBUG 13684 --- [           main] org.hibernate.type.BasicTypeRegistry     : Adding type registration true_false -> org.hibernate.type.BasicTypeReference@2353354a
2024-01-11T01:07:25.354+05:30 DEBUG 13684 --- [           main] org.hibernate.type.BasicTypeRegistry     : Adding type registration org.hibernate.type.TrueFalseConverter -> org.hibernate.type.BasicTypeReference@2353354a
2024-01-11T01:07:25.355+05:30 DEBUG 13684 --- [           main] org.hibernate.type.BasicTypeRegistry     : Adding type registration yes_no -> org.hibernate.type.BasicTypeReference@7c7ed72a
2024-01-11T01:07:25.355+05:30 DEBUG 13684 --- [           main] org.hibernate.type.BasicTypeRegistry     : Adding type registration org.hibernate.type.YesNoConverter -> org.hibernate.type.BasicTypeReference@7c7ed72a
2024-01-11T01:07:25.355+05:30 DEBUG 13684 --- [           main] org.hibernate.type.BasicTypeRegistry     : Adding type registration byte -> org.hibernate.type.BasicTypeReference@22b7ef2b
2024-01-11T01:07:25.355+05:30 DEBUG 13684 --- [           main] org.hibernate.type.BasicTypeRegistry     : Adding type registration byte -> org.hibernate.type.BasicTypeReference@22b7ef2b
2024-01-11T01:07:25.355+05:30 DEBUG 13684 --- [           main] org.hibernate.type.BasicTypeRegistry     : Adding type registration java.lang.Byte -> org.hibernate.type.BasicTypeReference@22b7ef2b
2024-01-11T01:07:25.355+05:30 DEBUG 13684 --- [           main] org.hibernate.type.BasicTypeRegistry     : Adding type registration binary -> org.hibernate.type.BasicTypeReference@6d421fe
2024-01-11T01:07:25.355+05:30 DEBUG 13684 --- [           main] org.hibernate.type.BasicTypeRegistry     : Adding type registration byte[] -> org.hibernate.type.BasicTypeReference@6d421fe
2024-01-11T01:07:25.355+05:30 DEBUG 13684 --- [           main] org.hibernate.type.BasicTypeRegistry     : Adding type registration [B -> org.hibernate.type.BasicTypeReference@6d421fe
2024-01-11T01:07:25.355+05:30 DEBUG 13684 --- [           main] org.hibernate.type.BasicTypeRegistry     : Adding type registration binary_wrapper -> org.hibernate.type.BasicTypeReference@2b098563
2024-01-11T01:07:25.355+05:30 DEBUG 13684 --- [           main] org.hibernate.type.BasicTypeRegistry     : Adding type registration wrapper-binary -> org.hibernate.type.BasicTypeReference@2b098563
2024-01-11T01:07:25.355+05:30 DEBUG 13684 --- [           main] org.hibernate.type.BasicTypeRegistry     : Adding type registration image -> org.hibernate.type.BasicTypeReference@c758a2d
2024-01-11T01:07:25.356+05:30 DEBUG 13684 --- [           main] org.hibernate.type.BasicTypeRegistry     : Adding type registration blob -> org.hibernate.type.BasicTypeReference@d0b814d
2024-01-11T01:07:25.356+05:30 DEBUG 13684 --- [           main] org.hibernate.type.BasicTypeRegistry     : Adding type registration java.sql.Blob -> org.hibernate.type.BasicTypeReference@d0b814d
2024-01-11T01:07:25.356+05:30 DEBUG 13684 --- [           main] org.hibernate.type.BasicTypeRegistry     : Adding type registration materialized_blob -> org.hibernate.type.BasicTypeReference@6ce15112
2024-01-11T01:07:25.356+05:30 DEBUG 13684 --- [           main] org.hibernate.type.BasicTypeRegistry     : Adding type registration materialized_blob_wrapper -> org.hibernate.type.BasicTypeReference@ba4f370
2024-01-11T01:07:25.356+05:30 DEBUG 13684 --- [           main] org.hibernate.type.BasicTypeRegistry     : Adding type registration short -> org.hibernate.type.BasicTypeReference@2ba024cb
2024-01-11T01:07:25.356+05:30 DEBUG 13684 --- [           main] org.hibernate.type.BasicTypeRegistry     : Adding type registration short -> org.hibernate.type.BasicTypeReference@2ba024cb
2024-01-11T01:07:25.356+05:30 DEBUG 13684 --- [           main] org.hibernate.type.BasicTypeRegistry     : Adding type registration java.lang.Short -> org.hibernate.type.BasicTypeReference@2ba024cb
2024-01-11T01:07:25.356+05:30 DEBUG 13684 --- [           main] org.hibernate.type.BasicTypeRegistry     : Adding type registration integer -> org.hibernate.type.BasicTypeReference@7af0d91b
2024-01-11T01:07:25.356+05:30 DEBUG 13684 --- [           main] org.hibernate.type.BasicTypeRegistry     : Adding type registration int -> org.hibernate.type.BasicTypeReference@7af0d91b
2024-01-11T01:07:25.356+05:30 DEBUG 13684 --- [           main] org.hibernate.type.BasicTypeRegistry     : Adding type registration java.lang.Integer -> org.hibernate.type.BasicTypeReference@7af0d91b
2024-01-11T01:07:25.356+05:30 DEBUG 13684 --- [           main] org.hibernate.type.BasicTypeRegistry     : Adding type registration long -> org.hibernate.type.BasicTypeReference@1c7f6e96
2024-01-11T01:07:25.356+05:30 DEBUG 13684 --- [           main] org.hibernate.type.BasicTypeRegistry     : Adding type registration long -> org.hibernate.type.BasicTypeReference@1c7f6e96
2024-01-11T01:07:25.356+05:30 DEBUG 13684 --- [           main] org.hibernate.type.BasicTypeRegistry     : Adding type registration java.lang.Long -> org.hibernate.type.BasicTypeReference@1c7f6e96
2024-01-11T01:07:25.356+05:30 DEBUG 13684 --- [           main] org.hibernate.type.BasicTypeRegistry     : Adding type registration float -> org.hibernate.type.BasicTypeReference@30ec211a
2024-01-11T01:07:25.356+05:30 DEBUG 13684 --- [           main] org.hibernate.type.BasicTypeRegistry     : Adding type registration float -> org.hibernate.type.BasicTypeReference@30ec211a
2024-01-11T01:07:25.356+05:30 DEBUG 13684 --- [           main] org.hibernate.type.BasicTypeRegistry     : Adding type registration java.lang.Float -> org.hibernate.type.BasicTypeReference@30ec211a
2024-01-11T01:07:25.356+05:30 DEBUG 13684 --- [           main] org.hibernate.type.BasicTypeRegistry     : Adding type registration double -> org.hibernate.type.BasicTypeReference@1ac0cdb0
2024-01-11T01:07:25.356+05:30 DEBUG 13684 --- [           main] org.hibernate.type.BasicTypeRegistry     : Adding type registration double -> org.hibernate.type.BasicTypeReference@1ac0cdb0
2024-01-11T01:07:25.356+05:30 DEBUG 13684 --- [           main] org.hibernate.type.BasicTypeRegistry     : Adding type registration java.lang.Double -> org.hibernate.type.BasicTypeReference@1ac0cdb0
2024-01-11T01:07:25.356+05:30 DEBUG 13684 --- [           main] org.hibernate.type.BasicTypeRegistry     : Adding type registration big_integer -> org.hibernate.type.BasicTypeReference@6684f7f2
2024-01-11T01:07:25.356+05:30 DEBUG 13684 --- [           main] org.hibernate.type.BasicTypeRegistry     : Adding type registration java.math.BigInteger -> org.hibernate.type.BasicTypeReference@6684f7f2
2024-01-11T01:07:25.357+05:30 DEBUG 13684 --- [           main] org.hibernate.type.BasicTypeRegistry     : Adding type registration big_decimal -> org.hibernate.type.BasicTypeReference@1682e6a
2024-01-11T01:07:25.357+05:30 DEBUG 13684 --- [           main] org.hibernate.type.BasicTypeRegistry     : Adding type registration java.math.BigDecimal -> org.hibernate.type.BasicTypeReference@1682e6a
2024-01-11T01:07:25.357+05:30 DEBUG 13684 --- [           main] org.hibernate.type.BasicTypeRegistry     : Adding type registration character -> org.hibernate.type.BasicTypeReference@505d2bac
2024-01-11T01:07:25.357+05:30 DEBUG 13684 --- [           main] org.hibernate.type.BasicTypeRegistry     : Adding type registration char -> org.hibernate.type.BasicTypeReference@505d2bac
2024-01-11T01:07:25.357+05:30 DEBUG 13684 --- [           main] org.hibernate.type.BasicTypeRegistry     : Adding type registration java.lang.Character -> org.hibernate.type.BasicTypeReference@505d2bac
2024-01-11T01:07:25.357+05:30 DEBUG 13684 --- [           main] org.hibernate.type.BasicTypeRegistry     : Adding type registration character_nchar -> org.hibernate.type.BasicTypeReference@4cecc15a
2024-01-11T01:07:25.357+05:30 DEBUG 13684 --- [           main] org.hibernate.type.BasicTypeRegistry     : Adding type registration string -> org.hibernate.type.BasicTypeReference@d969452
2024-01-11T01:07:25.357+05:30 DEBUG 13684 --- [           main] org.hibernate.type.BasicTypeRegistry     : Adding type registration java.lang.String -> org.hibernate.type.BasicTypeReference@d969452
2024-01-11T01:07:25.357+05:30 DEBUG 13684 --- [           main] org.hibernate.type.BasicTypeRegistry     : Adding type registration nstring -> org.hibernate.type.BasicTypeReference@4d4df0f4
2024-01-11T01:07:25.357+05:30 DEBUG 13684 --- [           main] org.hibernate.type.BasicTypeRegistry     : Adding type registration characters -> org.hibernate.type.BasicTypeReference@74f4a2ba
2024-01-11T01:07:25.357+05:30 DEBUG 13684 --- [           main] org.hibernate.type.BasicTypeRegistry     : Adding type registration char[] -> org.hibernate.type.BasicTypeReference@74f4a2ba
2024-01-11T01:07:25.357+05:30 DEBUG 13684 --- [           main] org.hibernate.type.BasicTypeRegistry     : Adding type registration [C -> org.hibernate.type.BasicTypeReference@74f4a2ba
2024-01-11T01:07:25.357+05:30 DEBUG 13684 --- [           main] org.hibernate.type.BasicTypeRegistry     : Adding type registration wrapper-characters -> org.hibernate.type.BasicTypeReference@5e385b6f
2024-01-11T01:07:25.357+05:30 DEBUG 13684 --- [           main] org.hibernate.type.BasicTypeRegistry     : Adding type registration text -> org.hibernate.type.BasicTypeReference@67b560fe
2024-01-11T01:07:25.357+05:30 DEBUG 13684 --- [           main] org.hibernate.type.BasicTypeRegistry     : Adding type registration ntext -> org.hibernate.type.BasicTypeReference@45dde6ac
2024-01-11T01:07:25.357+05:30 DEBUG 13684 --- [           main] org.hibernate.type.BasicTypeRegistry     : Adding type registration clob -> org.hibernate.type.BasicTypeReference@14ed7ddf
2024-01-11T01:07:25.357+05:30 DEBUG 13684 --- [           main] org.hibernate.type.BasicTypeRegistry     : Adding type registration java.sql.Clob -> org.hibernate.type.BasicTypeReference@14ed7ddf
2024-01-11T01:07:25.357+05:30 DEBUG 13684 --- [           main] org.hibernate.type.BasicTypeRegistry     : Adding type registration nclob -> org.hibernate.type.BasicTypeReference@892af0e
2024-01-11T01:07:25.357+05:30 DEBUG 13684 --- [           main] org.hibernate.type.BasicTypeRegistry     : Adding type registration java.sql.NClob -> org.hibernate.type.BasicTypeReference@892af0e
2024-01-11T01:07:25.358+05:30 DEBUG 13684 --- [           main] org.hibernate.type.BasicTypeRegistry     : Adding type registration materialized_clob -> org.hibernate.type.BasicTypeReference@446c8c72
2024-01-11T01:07:25.358+05:30 DEBUG 13684 --- [           main] org.hibernate.type.BasicTypeRegistry     : Adding type registration materialized_clob_char_array -> org.hibernate.type.BasicTypeReference@6e2eead5
2024-01-11T01:07:25.358+05:30 DEBUG 13684 --- [           main] org.hibernate.type.BasicTypeRegistry     : Adding type registration materialized_clob_character_array -> org.hibernate.type.BasicTypeReference@11d2714a
2024-01-11T01:07:25.358+05:30 DEBUG 13684 --- [           main] org.hibernate.type.BasicTypeRegistry     : Adding type registration materialized_nclob -> org.hibernate.type.BasicTypeReference@ca546a1
2024-01-11T01:07:25.358+05:30 DEBUG 13684 --- [           main] org.hibernate.type.BasicTypeRegistry     : Adding type registration materialized_nclob_character_array -> org.hibernate.type.BasicTypeReference@2c8a445b
2024-01-11T01:07:25.358+05:30 DEBUG 13684 --- [           main] org.hibernate.type.BasicTypeRegistry     : Adding type registration materialized_nclob_char_array -> org.hibernate.type.BasicTypeReference@356b6b5d
2024-01-11T01:07:25.358+05:30 DEBUG 13684 --- [           main] org.hibernate.type.BasicTypeRegistry     : Adding type registration Duration -> org.hibernate.type.BasicTypeReference@37b1149b
2024-01-11T01:07:25.358+05:30 DEBUG 13684 --- [           main] org.hibernate.type.BasicTypeRegistry     : Adding type registration java.time.Duration -> org.hibernate.type.BasicTypeReference@37b1149b
2024-01-11T01:07:25.358+05:30 DEBUG 13684 --- [           main] org.hibernate.type.BasicTypeRegistry     : Adding type registration LocalDateTime -> org.hibernate.type.BasicTypeReference@1187dc82
2024-01-11T01:07:25.358+05:30 DEBUG 13684 --- [           main] org.hibernate.type.BasicTypeRegistry     : Adding type registration java.time.LocalDateTime -> org.hibernate.type.BasicTypeReference@1187dc82
2024-01-11T01:07:25.358+05:30 DEBUG 13684 --- [           main] org.hibernate.type.BasicTypeRegistry     : Adding type registration LocalDate -> org.hibernate.type.BasicTypeReference@6fd1ea75
2024-01-11T01:07:25.358+05:30 DEBUG 13684 --- [           main] org.hibernate.type.BasicTypeRegistry     : Adding type registration java.time.LocalDate -> org.hibernate.type.BasicTypeReference@6fd1ea75
2024-01-11T01:07:25.358+05:30 DEBUG 13684 --- [           main] org.hibernate.type.BasicTypeRegistry     : Adding type registration LocalTime -> org.hibernate.type.BasicTypeReference@18e4551
2024-01-11T01:07:25.358+05:30 DEBUG 13684 --- [           main] org.hibernate.type.BasicTypeRegistry     : Adding type registration java.time.LocalTime -> org.hibernate.type.BasicTypeReference@18e4551
2024-01-11T01:07:25.358+05:30 DEBUG 13684 --- [           main] org.hibernate.type.BasicTypeRegistry     : Adding type registration OffsetDateTime -> org.hibernate.type.BasicTypeReference@3ea48c37
2024-01-11T01:07:25.358+05:30 DEBUG 13684 --- [           main] org.hibernate.type.BasicTypeRegistry     : Adding type registration java.time.OffsetDateTime -> org.hibernate.type.BasicTypeReference@3ea48c37
2024-01-11T01:07:25.358+05:30 DEBUG 13684 --- [           main] org.hibernate.type.BasicTypeRegistry     : Adding type registration OffsetDateTimeWithTimezone -> org.hibernate.type.BasicTypeReference@11e834ad
2024-01-11T01:07:25.358+05:30 DEBUG 13684 --- [           main] org.hibernate.type.BasicTypeRegistry     : Adding type registration OffsetDateTimeWithoutTimezone -> org.hibernate.type.BasicTypeReference@710ae6a7
2024-01-11T01:07:25.358+05:30 DEBUG 13684 --- [           main] org.hibernate.type.BasicTypeRegistry     : Adding type registration OffsetTime -> org.hibernate.type.BasicTypeReference@25d911a
2024-01-11T01:07:25.358+05:30 DEBUG 13684 --- [           main] org.hibernate.type.BasicTypeRegistry     : Adding type registration java.time.OffsetTime -> org.hibernate.type.BasicTypeReference@25d911a
2024-01-11T01:07:25.358+05:30 DEBUG 13684 --- [           main] org.hibernate.type.BasicTypeRegistry     : Adding type registration OffsetTimeUtc -> org.hibernate.type.BasicTypeReference@18026052
2024-01-11T01:07:25.358+05:30 DEBUG 13684 --- [           main] org.hibernate.type.BasicTypeRegistry     : Adding type registration OffsetTimeWithTimezone -> org.hibernate.type.BasicTypeReference@489f62a3
2024-01-11T01:07:25.358+05:30 DEBUG 13684 --- [           main] org.hibernate.type.BasicTypeRegistry     : Adding type registration OffsetTimeWithoutTimezone -> org.hibernate.type.BasicTypeReference@6e068ac9
2024-01-11T01:07:25.358+05:30 DEBUG 13684 --- [           main] org.hibernate.type.BasicTypeRegistry     : Adding type registration ZonedDateTime -> org.hibernate.type.BasicTypeReference@3d0352
2024-01-11T01:07:25.358+05:30 DEBUG 13684 --- [           main] org.hibernate.type.BasicTypeRegistry     : Adding type registration java.time.ZonedDateTime -> org.hibernate.type.BasicTypeReference@3d0352
2024-01-11T01:07:25.358+05:30 DEBUG 13684 --- [           main] org.hibernate.type.BasicTypeRegistry     : Adding type registration ZonedDateTimeWithTimezone -> org.hibernate.type.BasicTypeReference@bb6f3f7
2024-01-11T01:07:25.358+05:30 DEBUG 13684 --- [           main] org.hibernate.type.BasicTypeRegistry     : Adding type registration ZonedDateTimeWithoutTimezone -> org.hibernate.type.BasicTypeReference@388f1258
2024-01-11T01:07:25.358+05:30 DEBUG 13684 --- [           main] org.hibernate.type.BasicTypeRegistry     : Adding type registration date -> org.hibernate.type.BasicTypeReference@62058742
2024-01-11T01:07:25.358+05:30 DEBUG 13684 --- [           main] org.hibernate.type.BasicTypeRegistry     : Adding type registration java.sql.Date -> org.hibernate.type.BasicTypeReference@62058742
2024-01-11T01:07:25.358+05:30 DEBUG 13684 --- [           main] org.hibernate.type.BasicTypeRegistry     : Adding type registration time -> org.hibernate.type.BasicTypeReference@aca2fc3
2024-01-11T01:07:25.358+05:30 DEBUG 13684 --- [           main] org.hibernate.type.BasicTypeRegistry     : Adding type registration java.sql.Time -> org.hibernate.type.BasicTypeReference@aca2fc3
2024-01-11T01:07:25.358+05:30 DEBUG 13684 --- [           main] org.hibernate.type.BasicTypeRegistry     : Adding type registration timestamp -> org.hibernate.type.BasicTypeReference@36df4c26
2024-01-11T01:07:25.358+05:30 DEBUG 13684 --- [           main] org.hibernate.type.BasicTypeRegistry     : Adding type registration java.sql.Timestamp -> org.hibernate.type.BasicTypeReference@36df4c26
2024-01-11T01:07:25.358+05:30 DEBUG 13684 --- [           main] org.hibernate.type.BasicTypeRegistry     : Adding type registration java.util.Date -> org.hibernate.type.BasicTypeReference@36df4c26
2024-01-11T01:07:25.360+05:30 DEBUG 13684 --- [           main] org.hibernate.type.BasicTypeRegistry     : Adding type registration calendar -> org.hibernate.type.BasicTypeReference@76828577
2024-01-11T01:07:25.360+05:30 DEBUG 13684 --- [           main] org.hibernate.type.BasicTypeRegistry     : Adding type registration java.util.Calendar -> org.hibernate.type.BasicTypeReference@76828577
2024-01-11T01:07:25.360+05:30 DEBUG 13684 --- [           main] org.hibernate.type.BasicTypeRegistry     : Adding type registration java.util.GregorianCalendar -> org.hibernate.type.BasicTypeReference@76828577
2024-01-11T01:07:25.360+05:30 DEBUG 13684 --- [           main] org.hibernate.type.BasicTypeRegistry     : Adding type registration calendar_date -> org.hibernate.type.BasicTypeReference@38732372
2024-01-11T01:07:25.360+05:30 DEBUG 13684 --- [           main] org.hibernate.type.BasicTypeRegistry     : Adding type registration calendar_time -> org.hibernate.type.BasicTypeReference@639cb788
2024-01-11T01:07:25.360+05:30 DEBUG 13684 --- [           main] org.hibernate.type.BasicTypeRegistry     : Adding type registration instant -> org.hibernate.type.BasicTypeReference@2fee69a1
2024-01-11T01:07:25.360+05:30 DEBUG 13684 --- [           main] org.hibernate.type.BasicTypeRegistry     : Adding type registration java.time.Instant -> org.hibernate.type.BasicTypeReference@2fee69a1
2024-01-11T01:07:25.360+05:30 DEBUG 13684 --- [           main] org.hibernate.type.BasicTypeRegistry     : Adding type registration uuid -> org.hibernate.type.BasicTypeReference@4d25f816
2024-01-11T01:07:25.360+05:30 DEBUG 13684 --- [           main] org.hibernate.type.BasicTypeRegistry     : Adding type registration java.util.UUID -> org.hibernate.type.BasicTypeReference@4d25f816
2024-01-11T01:07:25.360+05:30 DEBUG 13684 --- [           main] org.hibernate.type.BasicTypeRegistry     : Adding type registration pg-uuid -> org.hibernate.type.BasicTypeReference@4d25f816
2024-01-11T01:07:25.360+05:30 DEBUG 13684 --- [           main] org.hibernate.type.BasicTypeRegistry     : Adding type registration uuid-binary -> org.hibernate.type.BasicTypeReference@6c6c2a73
2024-01-11T01:07:25.360+05:30 DEBUG 13684 --- [           main] org.hibernate.type.BasicTypeRegistry     : Adding type registration uuid-char -> org.hibernate.type.BasicTypeReference@6a4af081
2024-01-11T01:07:25.360+05:30 DEBUG 13684 --- [           main] org.hibernate.type.BasicTypeRegistry     : Adding type registration class -> org.hibernate.type.BasicTypeReference@36b53f08
2024-01-11T01:07:25.360+05:30 DEBUG 13684 --- [           main] org.hibernate.type.BasicTypeRegistry     : Adding type registration java.lang.Class -> org.hibernate.type.BasicTypeReference@36b53f08
2024-01-11T01:07:25.360+05:30 DEBUG 13684 --- [           main] org.hibernate.type.BasicTypeRegistry     : Adding type registration currency -> org.hibernate.type.BasicTypeReference@54329480
2024-01-11T01:07:25.360+05:30 DEBUG 13684 --- [           main] org.hibernate.type.BasicTypeRegistry     : Adding type registration Currency -> org.hibernate.type.BasicTypeReference@54329480
2024-01-11T01:07:25.360+05:30 DEBUG 13684 --- [           main] org.hibernate.type.BasicTypeRegistry     : Adding type registration java.util.Currency -> org.hibernate.type.BasicTypeReference@54329480
2024-01-11T01:07:25.360+05:30 DEBUG 13684 --- [           main] org.hibernate.type.BasicTypeRegistry     : Adding type registration locale -> org.hibernate.type.BasicTypeReference@590013c7
2024-01-11T01:07:25.360+05:30 DEBUG 13684 --- [           main] org.hibernate.type.BasicTypeRegistry     : Adding type registration java.util.Locale -> org.hibernate.type.BasicTypeReference@590013c7
2024-01-11T01:07:25.360+05:30 DEBUG 13684 --- [           main] org.hibernate.type.BasicTypeRegistry     : Adding type registration serializable -> org.hibernate.type.BasicTypeReference@64f32e9e
2024-01-11T01:07:25.360+05:30 DEBUG 13684 --- [           main] org.hibernate.type.BasicTypeRegistry     : Adding type registration java.io.Serializable -> org.hibernate.type.BasicTypeReference@64f32e9e
2024-01-11T01:07:25.360+05:30 DEBUG 13684 --- [           main] org.hibernate.type.BasicTypeRegistry     : Adding type registration timezone -> org.hibernate.type.BasicTypeReference@7b211077
2024-01-11T01:07:25.360+05:30 DEBUG 13684 --- [           main] org.hibernate.type.BasicTypeRegistry     : Adding type registration java.util.TimeZone -> org.hibernate.type.BasicTypeReference@7b211077
2024-01-11T01:07:25.360+05:30 DEBUG 13684 --- [           main] org.hibernate.type.BasicTypeRegistry     : Adding type registration ZoneOffset -> org.hibernate.type.BasicTypeReference@3b770d07
2024-01-11T01:07:25.360+05:30 DEBUG 13684 --- [           main] org.hibernate.type.BasicTypeRegistry     : Adding type registration java.time.ZoneOffset -> org.hibernate.type.BasicTypeReference@3b770d07
2024-01-11T01:07:25.360+05:30 DEBUG 13684 --- [           main] org.hibernate.type.BasicTypeRegistry     : Adding type registration url -> org.hibernate.type.BasicTypeReference@62b0bf85
2024-01-11T01:07:25.360+05:30 DEBUG 13684 --- [           main] org.hibernate.type.BasicTypeRegistry     : Adding type registration java.net.URL -> org.hibernate.type.BasicTypeReference@62b0bf85
2024-01-11T01:07:25.360+05:30 DEBUG 13684 --- [           main] org.hibernate.type.BasicTypeRegistry     : Adding type registration vector -> org.hibernate.type.BasicTypeReference@1fcaea93
2024-01-11T01:07:25.360+05:30 DEBUG 13684 --- [           main] org.hibernate.type.BasicTypeRegistry     : Adding type registration row_version -> org.hibernate.type.BasicTypeReference@6c9bf3b5
2024-01-11T01:07:25.360+05:30 DEBUG 13684 --- [           main] org.hibernate.type.BasicTypeRegistry     : Adding type registration object -> org.hibernate.type.JavaObjectType@baa227e
2024-01-11T01:07:25.360+05:30 DEBUG 13684 --- [           main] org.hibernate.type.BasicTypeRegistry     : Adding type registration java.lang.Object -> org.hibernate.type.JavaObjectType@baa227e
2024-01-11T01:07:25.360+05:30 DEBUG 13684 --- [           main] org.hibernate.type.BasicTypeRegistry     : Adding type registration null -> org.hibernate.type.NullType@1b3bec6c
2024-01-11T01:07:25.360+05:30 DEBUG 13684 --- [           main] org.hibernate.type.BasicTypeRegistry     : Adding type registration imm_date -> org.hibernate.type.BasicTypeReference@333ea5d6
2024-01-11T01:07:25.360+05:30 DEBUG 13684 --- [           main] org.hibernate.type.BasicTypeRegistry     : Adding type registration imm_time -> org.hibernate.type.BasicTypeReference@5f53e698
2024-01-11T01:07:25.360+05:30 DEBUG 13684 --- [           main] org.hibernate.type.BasicTypeRegistry     : Adding type registration imm_timestamp -> org.hibernate.type.BasicTypeReference@54d1c9ba
2024-01-11T01:07:25.360+05:30 DEBUG 13684 --- [           main] org.hibernate.type.BasicTypeRegistry     : Adding type registration imm_calendar -> org.hibernate.type.BasicTypeReference@626ed5f0
2024-01-11T01:07:25.360+05:30 DEBUG 13684 --- [           main] org.hibernate.type.BasicTypeRegistry     : Adding type registration imm_calendar_date -> org.hibernate.type.BasicTypeReference@2438cc7e
2024-01-11T01:07:25.360+05:30 DEBUG 13684 --- [           main] org.hibernate.type.BasicTypeRegistry     : Adding type registration imm_calendar_time -> org.hibernate.type.BasicTypeReference@641f9947
2024-01-11T01:07:25.361+05:30 DEBUG 13684 --- [           main] org.hibernate.type.BasicTypeRegistry     : Adding type registration imm_binary -> org.hibernate.type.BasicTypeReference@3e590067
2024-01-11T01:07:25.361+05:30 DEBUG 13684 --- [           main] org.hibernate.type.BasicTypeRegistry     : Adding type registration imm_serializable -> org.hibernate.type.BasicTypeReference@2a0c9309
2024-01-11T01:07:25.367+05:30  INFO 13684 --- [           main] o.s.o.j.p.SpringPersistenceUnitInfo      : No LoadTimeWeaver setup: ignoring JPA class transformer
2024-01-11T01:07:25.371+05:30 DEBUG 13684 --- [           main] o.h.t.d.jdbc.spi.JdbcTypeRegistry        : addDescriptor(NCharTypeDescriptor) replaced previous registration(CharTypeDescriptor)
2024-01-11T01:07:25.371+05:30 DEBUG 13684 --- [           main] o.h.t.d.jdbc.spi.JdbcTypeRegistry        : addDescriptor(NVarcharTypeDescriptor) replaced previous registration(VarcharTypeDescriptor)
2024-01-11T01:07:25.371+05:30 DEBUG 13684 --- [           main] o.h.t.d.jdbc.spi.JdbcTypeRegistry        : addDescriptor(LongNVarcharTypeDescriptor) replaced previous registration(LongVarcharTypeDescriptor)
2024-01-11T01:07:25.372+05:30 DEBUG 13684 --- [           main] o.h.t.d.jdbc.spi.JdbcTypeRegistry        : addDescriptor(NClobTypeDescriptor(DEFAULT)) replaced previous registration(ClobTypeDescriptor(DEFAULT))
2024-01-11T01:07:25.372+05:30 DEBUG 13684 --- [           main] o.h.t.d.jdbc.spi.JdbcTypeRegistry        : addDescriptor(2005, ClobTypeDescriptor(STREAM_BINDING)) replaced previous registration(ClobTypeDescriptor(DEFAULT))
2024-01-11T01:07:25.372+05:30 DEBUG 13684 --- [           main] o.h.t.d.jdbc.spi.JdbcTypeRegistry        : addDescriptor(TimestampUtcDescriptor) replaced previous registration(TimestampUtcDescriptor)
2024-01-11T01:07:25.372+05:30 DEBUG 13684 --- [           main] org.hibernate.type.BasicTypeRegistry     : Adding type registration org.hibernate.type.DurationType -> basicType@23(java.time.Duration,2)
2024-01-11T01:07:25.372+05:30 DEBUG 13684 --- [           main] org.hibernate.type.BasicTypeRegistry     : Adding type registration Duration -> basicType@23(java.time.Duration,2)
2024-01-11T01:07:25.372+05:30 DEBUG 13684 --- [           main] org.hibernate.type.BasicTypeRegistry     : Adding type registration java.time.Duration -> basicType@23(java.time.Duration,2)
2024-01-11T01:07:25.373+05:30 DEBUG 13684 --- [           main] o.h.type.spi.TypeConfiguration$Scope     : Scoping TypeConfiguration [org.hibernate.type.spi.TypeConfiguration@f542e08] to MetadataBuildingContext [org.hibernate.boot.internal.MetadataBuildingContextRootImpl@1bdf7cd4]
2024-01-11T01:07:25.417+05:30  WARN 13684 --- [           main] org.hibernate.orm.cache                  : HHH90001006: Missing cache[com.in28minutes.jpa.hibernate.demo.entity.Course] was created on-the-fly. The created cache will use a provider-specific default configuration: make sure you defined one. You can disable this warning by setting 'hibernate.javax.cache.missing_cache_strategy' to 'create'.
2024-01-11T01:07:25.420+05:30  INFO 13684 --- [           main] org.ehcache.core.EhcacheManager          : Cache 'com.in28minutes.jpa.hibernate.demo.entity.Course' created in EhcacheManager.
2024-01-11T01:07:25.506+05:30  INFO 13684 --- [           main] o.h.e.t.j.p.i.JtaPlatformInitiator       : HHH000489: No JTA platform available (set 'hibernate.transaction.jta.platform' to enable JTA platform integration)
2024-01-11T01:07:25.507+05:30 DEBUG 13684 --- [           main] o.h.type.spi.TypeConfiguration$Scope     : Scoping TypeConfiguration [org.hibernate.type.spi.TypeConfiguration@f542e08] to SessionFactoryImplementor [org.hibernate.internal.SessionFactoryImpl@299a0651]
2024-01-11T01:07:25.507+05:30 DEBUG 13684 --- [           main] o.h.stat.internal.StatisticsInitiator    : Statistics initialized [enabled=true]
Hibernate: 
    drop table if exists course cascade 
Hibernate: 
    drop table if exists full_time_employee cascade 
Hibernate: 
    drop table if exists part_time_employee cascade 
Hibernate: 
    drop table if exists passport cascade 
Hibernate: 
    drop table if exists review cascade 
Hibernate: 
    drop table if exists student cascade 
Hibernate: 
    drop table if exists student_course cascade 
Hibernate: 
    drop sequence if exists course_seq
Hibernate: 
    drop sequence if exists full_time_employee_seq
Hibernate: 
    drop sequence if exists part_time_employee_seq
Hibernate: 
    drop sequence if exists passport_seq
Hibernate: 
    drop sequence if exists review_seq
Hibernate: 
    drop sequence if exists student_seq
Hibernate: 
    create sequence course_seq start with 1 increment by 50
Hibernate: 
    create sequence full_time_employee_seq start with 1 increment by 50
Hibernate: 
    create sequence part_time_employee_seq start with 1 increment by 50
Hibernate: 
    create sequence passport_seq start with 1 increment by 50
Hibernate: 
    create sequence review_seq start with 1 increment by 50
Hibernate: 
    create sequence student_seq start with 1 increment by 50
Hibernate: 
    create table course (
        is_deleted boolean not null,
        created_date timestamp(6),
        id bigint not null,
        last_updated_date timestamp(6),
        name varchar(255) not null,
        primary key (id)
    )
Hibernate: 
    create table full_time_employee (
        salary numeric(38,2),
        id bigint not null,
        name varchar(255) not null,
        primary key (id)
    )
Hibernate: 
    create table part_time_employee (
        hourly_wage numeric(38,2),
        id bigint not null,
        name varchar(255) not null,
        primary key (id)
    )
Hibernate: 
    create table passport (
        id bigint not null,
        number varchar(255) not null,
        primary key (id)
    )
Hibernate: 
    create table review (
        course_id bigint,
        id bigint not null,
        description varchar(255),
        rating varchar(255) check (rating in ('ZERO','ONE','TWO','THREE','FOUR','FIVE')),
        primary key (id)
    )
Hibernate: 
    create table student (
        id bigint not null,
        passport_id bigint unique,
        city varchar(255),
        line1 varchar(255),
        line2 varchar(255),
        name varchar(255) not null,
        primary key (id)
    )
Hibernate: 
    create table student_course (
        course_id bigint not null,
        student_id bigint not null
    )
Hibernate: 
    alter table if exists review 
       add constraint FKprox8elgnr8u5wrq1983degk 
       foreign key (course_id) 
       references course
Hibernate: 
    alter table if exists student 
       add constraint FK6i2dofwfuu97njtfprqv68pib 
       foreign key (passport_id) 
       references passport
Hibernate: 
    alter table if exists student_course 
       add constraint FKejrkh4gv8iqgmspsanaji90ws 
       foreign key (course_id) 
       references course
Hibernate: 
    alter table if exists student_course 
       add constraint FKq7yw2wg9wlt2cnj480hcdn6dq 
       foreign key (student_id) 
       references student
2024-01-11T01:07:25.526+05:30 TRACE 13684 --- [           main] o.h.type.spi.TypeConfiguration$Scope     : Handling #sessionFactoryCreated from [org.hibernate.internal.SessionFactoryImpl@299a0651] for TypeConfiguration
2024-01-11T01:07:25.526+05:30  INFO 13684 --- [           main] j.LocalContainerEntityManagerFactoryBean : Initialized JPA EntityManagerFactory for persistence unit 'default'
2024-01-11T01:07:25.581+05:30  WARN 13684 --- [           main] JpaBaseConfiguration$JpaWebConfiguration : spring.jpa.open-in-view is enabled by default. Therefore, database queries may be performed during view rendering. Explicitly configure spring.jpa.open-in-view to disable this warning
2024-01-11T01:07:25.634+05:30  INFO 13684 --- [           main] i.StatisticalLoggingSessionEventListener : Session Metrics {
    0 nanoseconds spent acquiring 0 JDBC connections;
    0 nanoseconds spent releasing 0 JDBC connections;
    0 nanoseconds spent preparing 0 JDBC statements;
    0 nanoseconds spent executing 0 JDBC statements;
    0 nanoseconds spent executing 0 JDBC batches;
    0 nanoseconds spent performing 0 L2C puts;
    0 nanoseconds spent performing 0 L2C hits;
    0 nanoseconds spent performing 0 L2C misses;
    0 nanoseconds spent executing 0 flushes (flushing a total of 0 entities and 0 collections);
    0 nanoseconds spent executing 0 partial-flushes (flushing a total of 0 entities and 0 collections)
}
2024-01-11T01:07:25.648+05:30  INFO 13684 --- [           main] i.StatisticalLoggingSessionEventListener : Session Metrics {
    0 nanoseconds spent acquiring 0 JDBC connections;
    0 nanoseconds spent releasing 0 JDBC connections;
    0 nanoseconds spent preparing 0 JDBC statements;
    0 nanoseconds spent executing 0 JDBC statements;
    0 nanoseconds spent executing 0 JDBC batches;
    0 nanoseconds spent performing 0 L2C puts;
    0 nanoseconds spent performing 0 L2C hits;
    0 nanoseconds spent performing 0 L2C misses;
    0 nanoseconds spent executing 0 flushes (flushing a total of 0 entities and 0 collections);
    0 nanoseconds spent executing 0 partial-flushes (flushing a total of 0 entities and 0 collections)
}
2024-01-11T01:07:25.683+05:30  INFO 13684 --- [           main] i.StatisticalLoggingSessionEventListener : Session Metrics {
    0 nanoseconds spent acquiring 0 JDBC connections;
    0 nanoseconds spent releasing 0 JDBC connections;
    0 nanoseconds spent preparing 0 JDBC statements;
    0 nanoseconds spent executing 0 JDBC statements;
    0 nanoseconds spent executing 0 JDBC batches;
    0 nanoseconds spent performing 0 L2C puts;
    0 nanoseconds spent performing 0 L2C hits;
    0 nanoseconds spent performing 0 L2C misses;
    0 nanoseconds spent executing 0 flushes (flushing a total of 0 entities and 0 collections);
    0 nanoseconds spent executing 0 partial-flushes (flushing a total of 0 entities and 0 collections)
}
2024-01-11T01:07:25.684+05:30  INFO 13684 --- [           main] i.StatisticalLoggingSessionEventListener : Session Metrics {
    0 nanoseconds spent acquiring 0 JDBC connections;
    0 nanoseconds spent releasing 0 JDBC connections;
    0 nanoseconds spent preparing 0 JDBC statements;
    0 nanoseconds spent executing 0 JDBC statements;
    0 nanoseconds spent executing 0 JDBC batches;
    0 nanoseconds spent performing 0 L2C puts;
    0 nanoseconds spent performing 0 L2C hits;
    0 nanoseconds spent performing 0 L2C misses;
    0 nanoseconds spent executing 0 flushes (flushing a total of 0 entities and 0 collections);
    0 nanoseconds spent executing 0 partial-flushes (flushing a total of 0 entities and 0 collections)
}
2024-01-11T01:07:25.684+05:30  INFO 13684 --- [           main] i.StatisticalLoggingSessionEventListener : Session Metrics {
    0 nanoseconds spent acquiring 0 JDBC connections;
    0 nanoseconds spent releasing 0 JDBC connections;
    0 nanoseconds spent preparing 0 JDBC statements;
    0 nanoseconds spent executing 0 JDBC statements;
    0 nanoseconds spent executing 0 JDBC batches;
    0 nanoseconds spent performing 0 L2C puts;
    0 nanoseconds spent performing 0 L2C hits;
    0 nanoseconds spent performing 0 L2C misses;
    0 nanoseconds spent executing 0 flushes (flushing a total of 0 entities and 0 collections);
    0 nanoseconds spent executing 0 partial-flushes (flushing a total of 0 entities and 0 collections)
}
2024-01-11T01:07:25.687+05:30  INFO 13684 --- [           main] i.StatisticalLoggingSessionEventListener : Session Metrics {
    0 nanoseconds spent acquiring 0 JDBC connections;
    0 nanoseconds spent releasing 0 JDBC connections;
    0 nanoseconds spent preparing 0 JDBC statements;
    0 nanoseconds spent executing 0 JDBC statements;
    0 nanoseconds spent executing 0 JDBC batches;
    0 nanoseconds spent performing 0 L2C puts;
    0 nanoseconds spent performing 0 L2C hits;
    0 nanoseconds spent performing 0 L2C misses;
    0 nanoseconds spent executing 0 flushes (flushing a total of 0 entities and 0 collections);
    0 nanoseconds spent executing 0 partial-flushes (flushing a total of 0 entities and 0 collections)
}
2024-01-11T01:07:25.688+05:30  INFO 13684 --- [           main] i.StatisticalLoggingSessionEventListener : Session Metrics {
    0 nanoseconds spent acquiring 0 JDBC connections;
    0 nanoseconds spent releasing 0 JDBC connections;
    0 nanoseconds spent preparing 0 JDBC statements;
    0 nanoseconds spent executing 0 JDBC statements;
    0 nanoseconds spent executing 0 JDBC batches;
    0 nanoseconds spent performing 0 L2C puts;
    0 nanoseconds spent performing 0 L2C hits;
    0 nanoseconds spent performing 0 L2C misses;
    0 nanoseconds spent executing 0 flushes (flushing a total of 0 entities and 0 collections);
    0 nanoseconds spent executing 0 partial-flushes (flushing a total of 0 entities and 0 collections)
}
2024-01-11T01:07:25.690+05:30  INFO 13684 --- [           main] i.StatisticalLoggingSessionEventListener : Session Metrics {
    0 nanoseconds spent acquiring 0 JDBC connections;
    0 nanoseconds spent releasing 0 JDBC connections;
    0 nanoseconds spent preparing 0 JDBC statements;
    0 nanoseconds spent executing 0 JDBC statements;
    0 nanoseconds spent executing 0 JDBC batches;
    0 nanoseconds spent performing 0 L2C puts;
    0 nanoseconds spent performing 0 L2C hits;
    0 nanoseconds spent performing 0 L2C misses;
    0 nanoseconds spent executing 0 flushes (flushing a total of 0 entities and 0 collections);
    0 nanoseconds spent executing 0 partial-flushes (flushing a total of 0 entities and 0 collections)
}
2024-01-11T01:07:25.692+05:30  INFO 13684 --- [           main] i.StatisticalLoggingSessionEventListener : Session Metrics {
    0 nanoseconds spent acquiring 0 JDBC connections;
    0 nanoseconds spent releasing 0 JDBC connections;
    0 nanoseconds spent preparing 0 JDBC statements;
    0 nanoseconds spent executing 0 JDBC statements;
    0 nanoseconds spent executing 0 JDBC batches;
    0 nanoseconds spent performing 0 L2C puts;
    0 nanoseconds spent performing 0 L2C hits;
    0 nanoseconds spent performing 0 L2C misses;
    0 nanoseconds spent executing 0 flushes (flushing a total of 0 entities and 0 collections);
    0 nanoseconds spent executing 0 partial-flushes (flushing a total of 0 entities and 0 collections)
}
2024-01-11T01:07:25.695+05:30  INFO 13684 --- [           main] i.StatisticalLoggingSessionEventListener : Session Metrics {
    0 nanoseconds spent acquiring 0 JDBC connections;
    0 nanoseconds spent releasing 0 JDBC connections;
    0 nanoseconds spent preparing 0 JDBC statements;
    0 nanoseconds spent executing 0 JDBC statements;
    0 nanoseconds spent executing 0 JDBC batches;
    0 nanoseconds spent performing 0 L2C puts;
    0 nanoseconds spent performing 0 L2C hits;
    0 nanoseconds spent performing 0 L2C misses;
    0 nanoseconds spent executing 0 flushes (flushing a total of 0 entities and 0 collections);
    0 nanoseconds spent executing 0 partial-flushes (flushing a total of 0 entities and 0 collections)
}
2024-01-11T01:07:25.697+05:30  INFO 13684 --- [           main] i.StatisticalLoggingSessionEventListener : Session Metrics {
    0 nanoseconds spent acquiring 0 JDBC connections;
    0 nanoseconds spent releasing 0 JDBC connections;
    0 nanoseconds spent preparing 0 JDBC statements;
    0 nanoseconds spent executing 0 JDBC statements;
    0 nanoseconds spent executing 0 JDBC batches;
    0 nanoseconds spent performing 0 L2C puts;
    0 nanoseconds spent performing 0 L2C hits;
    0 nanoseconds spent performing 0 L2C misses;
    0 nanoseconds spent executing 0 flushes (flushing a total of 0 entities and 0 collections);
    0 nanoseconds spent executing 0 partial-flushes (flushing a total of 0 entities and 0 collections)
}
2024-01-11T01:07:25.698+05:30  INFO 13684 --- [           main] i.StatisticalLoggingSessionEventListener : Session Metrics {
    0 nanoseconds spent acquiring 0 JDBC connections;
    0 nanoseconds spent releasing 0 JDBC connections;
    0 nanoseconds spent preparing 0 JDBC statements;
    0 nanoseconds spent executing 0 JDBC statements;
    0 nanoseconds spent executing 0 JDBC batches;
    0 nanoseconds spent performing 0 L2C puts;
    0 nanoseconds spent performing 0 L2C hits;
    0 nanoseconds spent performing 0 L2C misses;
    0 nanoseconds spent executing 0 flushes (flushing a total of 0 entities and 0 collections);
    0 nanoseconds spent executing 0 partial-flushes (flushing a total of 0 entities and 0 collections)
}
2024-01-11T01:07:25.699+05:30  INFO 13684 --- [           main] i.StatisticalLoggingSessionEventListener : Session Metrics {
    0 nanoseconds spent acquiring 0 JDBC connections;
    0 nanoseconds spent releasing 0 JDBC connections;
    0 nanoseconds spent preparing 0 JDBC statements;
    0 nanoseconds spent executing 0 JDBC statements;
    0 nanoseconds spent executing 0 JDBC batches;
    0 nanoseconds spent performing 0 L2C puts;
    0 nanoseconds spent performing 0 L2C hits;
    0 nanoseconds spent performing 0 L2C misses;
    0 nanoseconds spent executing 0 flushes (flushing a total of 0 entities and 0 collections);
    0 nanoseconds spent executing 0 partial-flushes (flushing a total of 0 entities and 0 collections)
}
2024-01-11T01:07:25.699+05:30  INFO 13684 --- [           main] i.StatisticalLoggingSessionEventListener : Session Metrics {
    0 nanoseconds spent acquiring 0 JDBC connections;
    0 nanoseconds spent releasing 0 JDBC connections;
    0 nanoseconds spent preparing 0 JDBC statements;
    0 nanoseconds spent executing 0 JDBC statements;
    0 nanoseconds spent executing 0 JDBC batches;
    0 nanoseconds spent performing 0 L2C puts;
    0 nanoseconds spent performing 0 L2C hits;
    0 nanoseconds spent performing 0 L2C misses;
    0 nanoseconds spent executing 0 flushes (flushing a total of 0 entities and 0 collections);
    0 nanoseconds spent executing 0 partial-flushes (flushing a total of 0 entities and 0 collections)
}
2024-01-11T01:07:25.702+05:30  INFO 13684 --- [           main] i.StatisticalLoggingSessionEventListener : Session Metrics {
    0 nanoseconds spent acquiring 0 JDBC connections;
    0 nanoseconds spent releasing 0 JDBC connections;
    0 nanoseconds spent preparing 0 JDBC statements;
    0 nanoseconds spent executing 0 JDBC statements;
    0 nanoseconds spent executing 0 JDBC batches;
    0 nanoseconds spent performing 0 L2C puts;
    0 nanoseconds spent performing 0 L2C hits;
    0 nanoseconds spent performing 0 L2C misses;
    0 nanoseconds spent executing 0 flushes (flushing a total of 0 entities and 0 collections);
    0 nanoseconds spent executing 0 partial-flushes (flushing a total of 0 entities and 0 collections)
}
2024-01-11T01:07:25.702+05:30  INFO 13684 --- [           main] i.StatisticalLoggingSessionEventListener : Session Metrics {
    0 nanoseconds spent acquiring 0 JDBC connections;
    0 nanoseconds spent releasing 0 JDBC connections;
    0 nanoseconds spent preparing 0 JDBC statements;
    0 nanoseconds spent executing 0 JDBC statements;
    0 nanoseconds spent executing 0 JDBC batches;
    0 nanoseconds spent performing 0 L2C puts;
    0 nanoseconds spent performing 0 L2C hits;
    0 nanoseconds spent performing 0 L2C misses;
    0 nanoseconds spent executing 0 flushes (flushing a total of 0 entities and 0 collections);
    0 nanoseconds spent executing 0 partial-flushes (flushing a total of 0 entities and 0 collections)
}
2024-01-11T01:07:25.705+05:30  INFO 13684 --- [           main] i.StatisticalLoggingSessionEventListener : Session Metrics {
    0 nanoseconds spent acquiring 0 JDBC connections;
    0 nanoseconds spent releasing 0 JDBC connections;
    0 nanoseconds spent preparing 0 JDBC statements;
    0 nanoseconds spent executing 0 JDBC statements;
    0 nanoseconds spent executing 0 JDBC batches;
    0 nanoseconds spent performing 0 L2C puts;
    0 nanoseconds spent performing 0 L2C hits;
    0 nanoseconds spent performing 0 L2C misses;
    0 nanoseconds spent executing 0 flushes (flushing a total of 0 entities and 0 collections);
    0 nanoseconds spent executing 0 partial-flushes (flushing a total of 0 entities and 0 collections)
}
2024-01-11T01:07:25.706+05:30  INFO 13684 --- [           main] i.StatisticalLoggingSessionEventListener : Session Metrics {
    0 nanoseconds spent acquiring 0 JDBC connections;
    0 nanoseconds spent releasing 0 JDBC connections;
    0 nanoseconds spent preparing 0 JDBC statements;
    0 nanoseconds spent executing 0 JDBC statements;
    0 nanoseconds spent executing 0 JDBC batches;
    0 nanoseconds spent performing 0 L2C puts;
    0 nanoseconds spent performing 0 L2C hits;
    0 nanoseconds spent performing 0 L2C misses;
    0 nanoseconds spent executing 0 flushes (flushing a total of 0 entities and 0 collections);
    0 nanoseconds spent executing 0 partial-flushes (flushing a total of 0 entities and 0 collections)
}
2024-01-11T01:07:25.709+05:30  INFO 13684 --- [           main] i.StatisticalLoggingSessionEventListener : Session Metrics {
    0 nanoseconds spent acquiring 0 JDBC connections;
    0 nanoseconds spent releasing 0 JDBC connections;
    0 nanoseconds spent preparing 0 JDBC statements;
    0 nanoseconds spent executing 0 JDBC statements;
    0 nanoseconds spent executing 0 JDBC batches;
    0 nanoseconds spent performing 0 L2C puts;
    0 nanoseconds spent performing 0 L2C hits;
    0 nanoseconds spent performing 0 L2C misses;
    0 nanoseconds spent executing 0 flushes (flushing a total of 0 entities and 0 collections);
    0 nanoseconds spent executing 0 partial-flushes (flushing a total of 0 entities and 0 collections)
}
2024-01-11T01:07:25.709+05:30  INFO 13684 --- [           main] i.StatisticalLoggingSessionEventListener : Session Metrics {
    0 nanoseconds spent acquiring 0 JDBC connections;
    0 nanoseconds spent releasing 0 JDBC connections;
    0 nanoseconds spent preparing 0 JDBC statements;
    0 nanoseconds spent executing 0 JDBC statements;
    0 nanoseconds spent executing 0 JDBC batches;
    0 nanoseconds spent performing 0 L2C puts;
    0 nanoseconds spent performing 0 L2C hits;
    0 nanoseconds spent performing 0 L2C misses;
    0 nanoseconds spent executing 0 flushes (flushing a total of 0 entities and 0 collections);
    0 nanoseconds spent executing 0 partial-flushes (flushing a total of 0 entities and 0 collections)
}
2024-01-11T01:07:25.855+05:30  INFO 13684 --- [           main] o.s.b.a.h2.H2ConsoleAutoConfiguration    : H2 console available at '/h2-console'. Database available at 'jdbc:h2:mem:testdb'
2024-01-11T01:07:25.889+05:30  INFO 13684 --- [           main] c.i.j.h.d.r.CourseRepositoryTest         : Started CourseRepositoryTest in 0.915 seconds (process running for 10.403)
Hibernate: 
    select
        c1_0.id,
        c1_0.created_date,
        c1_0.is_deleted,
        c1_0.last_updated_date,
        c1_0.name 
    from
        course c1_0 
    where
        (
            c1_0.is_deleted = false
        )
2024-01-11T01:07:25.959+05:30 DEBUG 13684 --- [           main] o.h.stat.internal.StatisticsImpl         : HHH000117: HQL: Select c from Course c, time: 6ms, rows: 3
Hibernate: 
    select
        s1_0.course_id,
        s1_1.id,
        s1_1.city,
        s1_1.line1,
        s1_1.line2,
        s1_1.name,
        s1_1.passport_id 
    from
        student_course s1_0 
    join
        student s1_1 
            on s1_1.id=s1_0.student_id 
    where
        s1_0.course_id=?
Course[JPA in 50 Steps] [Student[Ranga], Student[Adam], Student[Jane]]
Hibernate: 
    select
        s1_0.course_id,
        s1_1.id,
        s1_1.city,
        s1_1.line1,
        s1_1.line2,
        s1_1.name,
        s1_1.passport_id 
    from
        student_course s1_0 
    join
        student s1_1 
            on s1_1.id=s1_0.student_id 
    where
        s1_0.course_id=?
Course[Spring in 50 Steps] []
Hibernate: 
    select
        s1_0.course_id,
        s1_1.id,
        s1_1.city,
        s1_1.line1,
        s1_1.line2,
        s1_1.name,
        s1_1.passport_id 
    from
        student_course s1_0 
    join
        student s1_1 
            on s1_1.id=s1_0.student_id 
    where
        s1_0.course_id=?
Course[Spring Boot in 100 Steps] [Student[Ranga]]
2024-01-11T01:07:25.994+05:30  INFO 13684 --- [           main] i.StatisticalLoggingSessionEventListener : Session Metrics {
    18600 nanoseconds spent acquiring 1 JDBC connections;
    0 nanoseconds spent releasing 0 JDBC connections;
    2239000 nanoseconds spent preparing 4 JDBC statements;
    1087400 nanoseconds spent executing 4 JDBC statements;
    0 nanoseconds spent executing 0 JDBC batches;
    2879200 nanoseconds spent performing 3 L2C puts;
    0 nanoseconds spent performing 0 L2C hits;
    0 nanoseconds spent performing 0 L2C misses;
    0 nanoseconds spent executing 0 flushes (flushing a total of 0 entities and 0 collections);
    32100 nanoseconds spent executing 1 partial-flushes (flushing a total of 0 entities and 0 collections)
}
2024-01-11T01:07:25.996+05:30  INFO 13684 --- [           main] j.LocalContainerEntityManagerFactoryBean : Closing JPA EntityManagerFactory for persistence unit 'default'
Hibernate: 
    drop table if exists course cascade 
Hibernate: 
    drop table if exists full_time_employee cascade 
Hibernate: 
    drop table if exists part_time_employee cascade 
Hibernate: 
    drop table if exists passport cascade 
Hibernate: 
    drop table if exists review cascade 
Hibernate: 
    drop table if exists student cascade 
Hibernate: 
    drop table if exists student_course cascade 
Hibernate: 
    drop sequence if exists course_seq
Hibernate: 
    drop sequence if exists full_time_employee_seq
Hibernate: 
    drop sequence if exists part_time_employee_seq
Hibernate: 
    drop sequence if exists passport_seq
Hibernate: 
    drop sequence if exists review_seq
Hibernate: 
    drop sequence if exists student_seq
2024-01-11T01:07:26.000+05:30  INFO 13684 --- [           main] org.ehcache.core.EhcacheManager          : Cache 'com.in28minutes.jpa.hibernate.demo.entity.Course' removed from EhcacheManager.
2024-01-11T01:07:26.000+05:30 TRACE 13684 --- [           main] o.h.type.spi.TypeConfiguration$Scope     : Handling #sessionFactoryClosed from [org.hibernate.internal.SessionFactoryImpl@299a0651] for TypeConfiguration
2024-01-11T01:07:26.000+05:30 DEBUG 13684 --- [           main] o.h.type.spi.TypeConfiguration$Scope     : Un-scoping TypeConfiguration [org.hibernate.type.spi.TypeConfiguration$Scope@4c879ea5] from SessionFactory [org.hibernate.internal.SessionFactoryImpl@299a0651]
2024-01-11T01:07:26.018+05:30  INFO 13684 --- [           main] com.zaxxer.hikari.HikariDataSource       : HikariPool-2 - Shutdown initiated...
2024-01-11T01:07:26.020+05:30  INFO 13684 --- [           main] com.zaxxer.hikari.HikariDataSource       : HikariPool-2 - Shutdown completed.
]]></system-out>
  </testcase>
  <testcase name="performance" classname="com.in28minutes.jpa.hibernate.demo.repository.CourseRepositoryTest" time="0.052">
    <system-out><![CDATA[
  .   ____          _            __ _ _
 /\\ / ___'_ __ _ _(_)_ __  __ _ \ \ \ \
( ( )\___ | '_ | '_| | '_ \/ _` | \ \ \ \
 \\/  ___)| |_)| | | | | || (_| |  ) ) ) )
  '  |____| .__|_| |_|_| |_\__, | / / / /
 =========|_|==============|___/=/_/_/_/
 :: Spring Boot ::                (v3.2.1)

2024-01-11T01:07:26.047+05:30  INFO 13684 --- [           main] c.i.j.h.d.r.CourseRepositoryTest         : Starting CourseRepositoryTest using Java 17.0.9 with PID 13684 (started by hp in C:\Users\hp\Downloads\jpa_with_hibernate\jpa-with-hibernate-master\02-jpa-advanced)
2024-01-11T01:07:26.048+05:30  INFO 13684 --- [           main] c.i.j.h.d.r.CourseRepositoryTest         : No active profile set, falling back to 1 default profile: "default"
2024-01-11T01:07:26.219+05:30  INFO 13684 --- [           main] .s.d.r.c.RepositoryConfigurationDelegate : Bootstrapping Spring Data JPA repositories in DEFAULT mode.
2024-01-11T01:07:26.232+05:30  INFO 13684 --- [           main] .s.d.r.c.RepositoryConfigurationDelegate : Finished Spring Data repository scanning in 12 ms. Found 1 JPA repository interface.
2024-01-11T01:07:26.324+05:30  INFO 13684 --- [           main] com.zaxxer.hikari.HikariDataSource       : HikariPool-3 - Starting...
2024-01-11T01:07:26.326+05:30  INFO 13684 --- [           main] com.zaxxer.hikari.pool.HikariPool        : HikariPool-3 - Added connection conn20: url=jdbc:h2:mem:testdb user=SA
2024-01-11T01:07:26.327+05:30  INFO 13684 --- [           main] com.zaxxer.hikari.HikariDataSource       : HikariPool-3 - Start completed.
2024-01-11T01:07:26.328+05:30  INFO 13684 --- [           main] o.hibernate.jpa.internal.util.LogHelper  : HHH000204: Processing PersistenceUnitInfo [name: default]
2024-01-11T01:07:26.334+05:30  INFO 13684 --- [           main] o.h.c.internal.RegionFactoryInitiator    : HHH000025: Second-level cache region factory [org.hibernate.cache.jcache.internal.JCacheRegionFactory]
2024-01-11T01:07:26.335+05:30 DEBUG 13684 --- [           main] org.hibernate.type.BasicTypeRegistry     : Adding type registration boolean -> org.hibernate.type.BasicTypeReference@6c96403e
2024-01-11T01:07:26.335+05:30 DEBUG 13684 --- [           main] org.hibernate.type.BasicTypeRegistry     : Adding type registration boolean -> org.hibernate.type.BasicTypeReference@6c96403e
2024-01-11T01:07:26.335+05:30 DEBUG 13684 --- [           main] org.hibernate.type.BasicTypeRegistry     : Adding type registration java.lang.Boolean -> org.hibernate.type.BasicTypeReference@6c96403e
2024-01-11T01:07:26.335+05:30 DEBUG 13684 --- [           main] org.hibernate.type.BasicTypeRegistry     : Adding type registration numeric_boolean -> org.hibernate.type.BasicTypeReference@7babed9e
2024-01-11T01:07:26.335+05:30 DEBUG 13684 --- [           main] org.hibernate.type.BasicTypeRegistry     : Adding type registration org.hibernate.type.NumericBooleanConverter -> org.hibernate.type.BasicTypeReference@7babed9e
2024-01-11T01:07:26.335+05:30 DEBUG 13684 --- [           main] org.hibernate.type.BasicTypeRegistry     : Adding type registration true_false -> org.hibernate.type.BasicTypeReference@2353354a
2024-01-11T01:07:26.335+05:30 DEBUG 13684 --- [           main] org.hibernate.type.BasicTypeRegistry     : Adding type registration org.hibernate.type.TrueFalseConverter -> org.hibernate.type.BasicTypeReference@2353354a
2024-01-11T01:07:26.335+05:30 DEBUG 13684 --- [           main] org.hibernate.type.BasicTypeRegistry     : Adding type registration yes_no -> org.hibernate.type.BasicTypeReference@7c7ed72a
2024-01-11T01:07:26.335+05:30 DEBUG 13684 --- [           main] org.hibernate.type.BasicTypeRegistry     : Adding type registration org.hibernate.type.YesNoConverter -> org.hibernate.type.BasicTypeReference@7c7ed72a
2024-01-11T01:07:26.335+05:30 DEBUG 13684 --- [           main] org.hibernate.type.BasicTypeRegistry     : Adding type registration byte -> org.hibernate.type.BasicTypeReference@22b7ef2b
2024-01-11T01:07:26.335+05:30 DEBUG 13684 --- [           main] org.hibernate.type.BasicTypeRegistry     : Adding type registration byte -> org.hibernate.type.BasicTypeReference@22b7ef2b
2024-01-11T01:07:26.335+05:30 DEBUG 13684 --- [           main] org.hibernate.type.BasicTypeRegistry     : Adding type registration java.lang.Byte -> org.hibernate.type.BasicTypeReference@22b7ef2b
2024-01-11T01:07:26.335+05:30 DEBUG 13684 --- [           main] org.hibernate.type.BasicTypeRegistry     : Adding type registration binary -> org.hibernate.type.BasicTypeReference@6d421fe
2024-01-11T01:07:26.336+05:30 DEBUG 13684 --- [           main] org.hibernate.type.BasicTypeRegistry     : Adding type registration byte[] -> org.hibernate.type.BasicTypeReference@6d421fe
2024-01-11T01:07:26.336+05:30 DEBUG 13684 --- [           main] org.hibernate.type.BasicTypeRegistry     : Adding type registration [B -> org.hibernate.type.BasicTypeReference@6d421fe
2024-01-11T01:07:26.336+05:30 DEBUG 13684 --- [           main] org.hibernate.type.BasicTypeRegistry     : Adding type registration binary_wrapper -> org.hibernate.type.BasicTypeReference@2b098563
2024-01-11T01:07:26.336+05:30 DEBUG 13684 --- [           main] org.hibernate.type.BasicTypeRegistry     : Adding type registration wrapper-binary -> org.hibernate.type.BasicTypeReference@2b098563
2024-01-11T01:07:26.336+05:30 DEBUG 13684 --- [           main] org.hibernate.type.BasicTypeRegistry     : Adding type registration image -> org.hibernate.type.BasicTypeReference@c758a2d
2024-01-11T01:07:26.336+05:30 DEBUG 13684 --- [           main] org.hibernate.type.BasicTypeRegistry     : Adding type registration blob -> org.hibernate.type.BasicTypeReference@d0b814d
2024-01-11T01:07:26.336+05:30 DEBUG 13684 --- [           main] org.hibernate.type.BasicTypeRegistry     : Adding type registration java.sql.Blob -> org.hibernate.type.BasicTypeReference@d0b814d
2024-01-11T01:07:26.336+05:30 DEBUG 13684 --- [           main] org.hibernate.type.BasicTypeRegistry     : Adding type registration materialized_blob -> org.hibernate.type.BasicTypeReference@6ce15112
2024-01-11T01:07:26.336+05:30 DEBUG 13684 --- [           main] org.hibernate.type.BasicTypeRegistry     : Adding type registration materialized_blob_wrapper -> org.hibernate.type.BasicTypeReference@ba4f370
2024-01-11T01:07:26.336+05:30 DEBUG 13684 --- [           main] org.hibernate.type.BasicTypeRegistry     : Adding type registration short -> org.hibernate.type.BasicTypeReference@2ba024cb
2024-01-11T01:07:26.336+05:30 DEBUG 13684 --- [           main] org.hibernate.type.BasicTypeRegistry     : Adding type registration short -> org.hibernate.type.BasicTypeReference@2ba024cb
2024-01-11T01:07:26.336+05:30 DEBUG 13684 --- [           main] org.hibernate.type.BasicTypeRegistry     : Adding type registration java.lang.Short -> org.hibernate.type.BasicTypeReference@2ba024cb
2024-01-11T01:07:26.336+05:30 DEBUG 13684 --- [           main] org.hibernate.type.BasicTypeRegistry     : Adding type registration integer -> org.hibernate.type.BasicTypeReference@7af0d91b
2024-01-11T01:07:26.336+05:30 DEBUG 13684 --- [           main] org.hibernate.type.BasicTypeRegistry     : Adding type registration int -> org.hibernate.type.BasicTypeReference@7af0d91b
2024-01-11T01:07:26.336+05:30 DEBUG 13684 --- [           main] org.hibernate.type.BasicTypeRegistry     : Adding type registration java.lang.Integer -> org.hibernate.type.BasicTypeReference@7af0d91b
2024-01-11T01:07:26.336+05:30 DEBUG 13684 --- [           main] org.hibernate.type.BasicTypeRegistry     : Adding type registration long -> org.hibernate.type.BasicTypeReference@1c7f6e96
2024-01-11T01:07:26.336+05:30 DEBUG 13684 --- [           main] org.hibernate.type.BasicTypeRegistry     : Adding type registration long -> org.hibernate.type.BasicTypeReference@1c7f6e96
2024-01-11T01:07:26.336+05:30 DEBUG 13684 --- [           main] org.hibernate.type.BasicTypeRegistry     : Adding type registration java.lang.Long -> org.hibernate.type.BasicTypeReference@1c7f6e96
2024-01-11T01:07:26.336+05:30 DEBUG 13684 --- [           main] org.hibernate.type.BasicTypeRegistry     : Adding type registration float -> org.hibernate.type.BasicTypeReference@30ec211a
2024-01-11T01:07:26.336+05:30 DEBUG 13684 --- [           main] org.hibernate.type.BasicTypeRegistry     : Adding type registration float -> org.hibernate.type.BasicTypeReference@30ec211a
2024-01-11T01:07:26.336+05:30 DEBUG 13684 --- [           main] org.hibernate.type.BasicTypeRegistry     : Adding type registration java.lang.Float -> org.hibernate.type.BasicTypeReference@30ec211a
2024-01-11T01:07:26.336+05:30 DEBUG 13684 --- [           main] org.hibernate.type.BasicTypeRegistry     : Adding type registration double -> org.hibernate.type.BasicTypeReference@1ac0cdb0
2024-01-11T01:07:26.337+05:30 DEBUG 13684 --- [           main] org.hibernate.type.BasicTypeRegistry     : Adding type registration double -> org.hibernate.type.BasicTypeReference@1ac0cdb0
2024-01-11T01:07:26.337+05:30 DEBUG 13684 --- [           main] org.hibernate.type.BasicTypeRegistry     : Adding type registration java.lang.Double -> org.hibernate.type.BasicTypeReference@1ac0cdb0
2024-01-11T01:07:26.337+05:30 DEBUG 13684 --- [           main] org.hibernate.type.BasicTypeRegistry     : Adding type registration big_integer -> org.hibernate.type.BasicTypeReference@6684f7f2
2024-01-11T01:07:26.337+05:30 DEBUG 13684 --- [           main] org.hibernate.type.BasicTypeRegistry     : Adding type registration java.math.BigInteger -> org.hibernate.type.BasicTypeReference@6684f7f2
2024-01-11T01:07:26.337+05:30 DEBUG 13684 --- [           main] org.hibernate.type.BasicTypeRegistry     : Adding type registration big_decimal -> org.hibernate.type.BasicTypeReference@1682e6a
2024-01-11T01:07:26.337+05:30 DEBUG 13684 --- [           main] org.hibernate.type.BasicTypeRegistry     : Adding type registration java.math.BigDecimal -> org.hibernate.type.BasicTypeReference@1682e6a
2024-01-11T01:07:26.337+05:30 DEBUG 13684 --- [           main] org.hibernate.type.BasicTypeRegistry     : Adding type registration character -> org.hibernate.type.BasicTypeReference@505d2bac
2024-01-11T01:07:26.337+05:30 DEBUG 13684 --- [           main] org.hibernate.type.BasicTypeRegistry     : Adding type registration char -> org.hibernate.type.BasicTypeReference@505d2bac
2024-01-11T01:07:26.337+05:30 DEBUG 13684 --- [           main] org.hibernate.type.BasicTypeRegistry     : Adding type registration java.lang.Character -> org.hibernate.type.BasicTypeReference@505d2bac
2024-01-11T01:07:26.337+05:30 DEBUG 13684 --- [           main] org.hibernate.type.BasicTypeRegistry     : Adding type registration character_nchar -> org.hibernate.type.BasicTypeReference@4cecc15a
2024-01-11T01:07:26.337+05:30 DEBUG 13684 --- [           main] org.hibernate.type.BasicTypeRegistry     : Adding type registration string -> org.hibernate.type.BasicTypeReference@d969452
2024-01-11T01:07:26.337+05:30 DEBUG 13684 --- [           main] org.hibernate.type.BasicTypeRegistry     : Adding type registration java.lang.String -> org.hibernate.type.BasicTypeReference@d969452
2024-01-11T01:07:26.337+05:30 DEBUG 13684 --- [           main] org.hibernate.type.BasicTypeRegistry     : Adding type registration nstring -> org.hibernate.type.BasicTypeReference@4d4df0f4
2024-01-11T01:07:26.337+05:30 DEBUG 13684 --- [           main] org.hibernate.type.BasicTypeRegistry     : Adding type registration characters -> org.hibernate.type.BasicTypeReference@74f4a2ba
2024-01-11T01:07:26.337+05:30 DEBUG 13684 --- [           main] org.hibernate.type.BasicTypeRegistry     : Adding type registration char[] -> org.hibernate.type.BasicTypeReference@74f4a2ba
2024-01-11T01:07:26.337+05:30 DEBUG 13684 --- [           main] org.hibernate.type.BasicTypeRegistry     : Adding type registration [C -> org.hibernate.type.BasicTypeReference@74f4a2ba
2024-01-11T01:07:26.337+05:30 DEBUG 13684 --- [           main] org.hibernate.type.BasicTypeRegistry     : Adding type registration wrapper-characters -> org.hibernate.type.BasicTypeReference@5e385b6f
2024-01-11T01:07:26.337+05:30 DEBUG 13684 --- [           main] org.hibernate.type.BasicTypeRegistry     : Adding type registration text -> org.hibernate.type.BasicTypeReference@67b560fe
2024-01-11T01:07:26.337+05:30 DEBUG 13684 --- [           main] org.hibernate.type.BasicTypeRegistry     : Adding type registration ntext -> org.hibernate.type.BasicTypeReference@45dde6ac
2024-01-11T01:07:26.339+05:30 DEBUG 13684 --- [           main] org.hibernate.type.BasicTypeRegistry     : Adding type registration clob -> org.hibernate.type.BasicTypeReference@14ed7ddf
2024-01-11T01:07:26.339+05:30 DEBUG 13684 --- [           main] org.hibernate.type.BasicTypeRegistry     : Adding type registration java.sql.Clob -> org.hibernate.type.BasicTypeReference@14ed7ddf
2024-01-11T01:07:26.339+05:30 DEBUG 13684 --- [           main] org.hibernate.type.BasicTypeRegistry     : Adding type registration nclob -> org.hibernate.type.BasicTypeReference@892af0e
2024-01-11T01:07:26.339+05:30 DEBUG 13684 --- [           main] org.hibernate.type.BasicTypeRegistry     : Adding type registration java.sql.NClob -> org.hibernate.type.BasicTypeReference@892af0e
2024-01-11T01:07:26.339+05:30 DEBUG 13684 --- [           main] org.hibernate.type.BasicTypeRegistry     : Adding type registration materialized_clob -> org.hibernate.type.BasicTypeReference@446c8c72
2024-01-11T01:07:26.339+05:30 DEBUG 13684 --- [           main] org.hibernate.type.BasicTypeRegistry     : Adding type registration materialized_clob_char_array -> org.hibernate.type.BasicTypeReference@6e2eead5
2024-01-11T01:07:26.339+05:30 DEBUG 13684 --- [           main] org.hibernate.type.BasicTypeRegistry     : Adding type registration materialized_clob_character_array -> org.hibernate.type.BasicTypeReference@11d2714a
2024-01-11T01:07:26.339+05:30 DEBUG 13684 --- [           main] org.hibernate.type.BasicTypeRegistry     : Adding type registration materialized_nclob -> org.hibernate.type.BasicTypeReference@ca546a1
2024-01-11T01:07:26.339+05:30 DEBUG 13684 --- [           main] org.hibernate.type.BasicTypeRegistry     : Adding type registration materialized_nclob_character_array -> org.hibernate.type.BasicTypeReference@2c8a445b
2024-01-11T01:07:26.339+05:30 DEBUG 13684 --- [           main] org.hibernate.type.BasicTypeRegistry     : Adding type registration materialized_nclob_char_array -> org.hibernate.type.BasicTypeReference@356b6b5d
2024-01-11T01:07:26.339+05:30 DEBUG 13684 --- [           main] org.hibernate.type.BasicTypeRegistry     : Adding type registration Duration -> org.hibernate.type.BasicTypeReference@37b1149b
2024-01-11T01:07:26.339+05:30 DEBUG 13684 --- [           main] org.hibernate.type.BasicTypeRegistry     : Adding type registration java.time.Duration -> org.hibernate.type.BasicTypeReference@37b1149b
2024-01-11T01:07:26.339+05:30 DEBUG 13684 --- [           main] org.hibernate.type.BasicTypeRegistry     : Adding type registration LocalDateTime -> org.hibernate.type.BasicTypeReference@1187dc82
2024-01-11T01:07:26.339+05:30 DEBUG 13684 --- [           main] org.hibernate.type.BasicTypeRegistry     : Adding type registration java.time.LocalDateTime -> org.hibernate.type.BasicTypeReference@1187dc82
2024-01-11T01:07:26.339+05:30 DEBUG 13684 --- [           main] org.hibernate.type.BasicTypeRegistry     : Adding type registration LocalDate -> org.hibernate.type.BasicTypeReference@6fd1ea75
2024-01-11T01:07:26.339+05:30 DEBUG 13684 --- [           main] org.hibernate.type.BasicTypeRegistry     : Adding type registration java.time.LocalDate -> org.hibernate.type.BasicTypeReference@6fd1ea75
2024-01-11T01:07:26.339+05:30 DEBUG 13684 --- [           main] org.hibernate.type.BasicTypeRegistry     : Adding type registration LocalTime -> org.hibernate.type.BasicTypeReference@18e4551
2024-01-11T01:07:26.339+05:30 DEBUG 13684 --- [           main] org.hibernate.type.BasicTypeRegistry     : Adding type registration java.time.LocalTime -> org.hibernate.type.BasicTypeReference@18e4551
2024-01-11T01:07:26.339+05:30 DEBUG 13684 --- [           main] org.hibernate.type.BasicTypeRegistry     : Adding type registration OffsetDateTime -> org.hibernate.type.BasicTypeReference@3ea48c37
2024-01-11T01:07:26.339+05:30 DEBUG 13684 --- [           main] org.hibernate.type.BasicTypeRegistry     : Adding type registration java.time.OffsetDateTime -> org.hibernate.type.BasicTypeReference@3ea48c37
2024-01-11T01:07:26.339+05:30 DEBUG 13684 --- [           main] org.hibernate.type.BasicTypeRegistry     : Adding type registration OffsetDateTimeWithTimezone -> org.hibernate.type.BasicTypeReference@11e834ad
2024-01-11T01:07:26.339+05:30 DEBUG 13684 --- [           main] org.hibernate.type.BasicTypeRegistry     : Adding type registration OffsetDateTimeWithoutTimezone -> org.hibernate.type.BasicTypeReference@710ae6a7
2024-01-11T01:07:26.339+05:30 DEBUG 13684 --- [           main] org.hibernate.type.BasicTypeRegistry     : Adding type registration OffsetTime -> org.hibernate.type.BasicTypeReference@25d911a
2024-01-11T01:07:26.339+05:30 DEBUG 13684 --- [           main] org.hibernate.type.BasicTypeRegistry     : Adding type registration java.time.OffsetTime -> org.hibernate.type.BasicTypeReference@25d911a
2024-01-11T01:07:26.339+05:30 DEBUG 13684 --- [           main] org.hibernate.type.BasicTypeRegistry     : Adding type registration OffsetTimeUtc -> org.hibernate.type.BasicTypeReference@18026052
2024-01-11T01:07:26.339+05:30 DEBUG 13684 --- [           main] org.hibernate.type.BasicTypeRegistry     : Adding type registration OffsetTimeWithTimezone -> org.hibernate.type.BasicTypeReference@489f62a3
2024-01-11T01:07:26.339+05:30 DEBUG 13684 --- [           main] org.hibernate.type.BasicTypeRegistry     : Adding type registration OffsetTimeWithoutTimezone -> org.hibernate.type.BasicTypeReference@6e068ac9
2024-01-11T01:07:26.339+05:30 DEBUG 13684 --- [           main] org.hibernate.type.BasicTypeRegistry     : Adding type registration ZonedDateTime -> org.hibernate.type.BasicTypeReference@3d0352
2024-01-11T01:07:26.339+05:30 DEBUG 13684 --- [           main] org.hibernate.type.BasicTypeRegistry     : Adding type registration java.time.ZonedDateTime -> org.hibernate.type.BasicTypeReference@3d0352
2024-01-11T01:07:26.339+05:30 DEBUG 13684 --- [           main] org.hibernate.type.BasicTypeRegistry     : Adding type registration ZonedDateTimeWithTimezone -> org.hibernate.type.BasicTypeReference@bb6f3f7
2024-01-11T01:07:26.339+05:30 DEBUG 13684 --- [           main] org.hibernate.type.BasicTypeRegistry     : Adding type registration ZonedDateTimeWithoutTimezone -> org.hibernate.type.BasicTypeReference@388f1258
2024-01-11T01:07:26.339+05:30 DEBUG 13684 --- [           main] org.hibernate.type.BasicTypeRegistry     : Adding type registration date -> org.hibernate.type.BasicTypeReference@62058742
2024-01-11T01:07:26.339+05:30 DEBUG 13684 --- [           main] org.hibernate.type.BasicTypeRegistry     : Adding type registration java.sql.Date -> org.hibernate.type.BasicTypeReference@62058742
2024-01-11T01:07:26.340+05:30 DEBUG 13684 --- [           main] org.hibernate.type.BasicTypeRegistry     : Adding type registration time -> org.hibernate.type.BasicTypeReference@aca2fc3
2024-01-11T01:07:26.340+05:30 DEBUG 13684 --- [           main] org.hibernate.type.BasicTypeRegistry     : Adding type registration java.sql.Time -> org.hibernate.type.BasicTypeReference@aca2fc3
2024-01-11T01:07:26.340+05:30 DEBUG 13684 --- [           main] org.hibernate.type.BasicTypeRegistry     : Adding type registration timestamp -> org.hibernate.type.BasicTypeReference@36df4c26
2024-01-11T01:07:26.340+05:30 DEBUG 13684 --- [           main] org.hibernate.type.BasicTypeRegistry     : Adding type registration java.sql.Timestamp -> org.hibernate.type.BasicTypeReference@36df4c26
2024-01-11T01:07:26.340+05:30 DEBUG 13684 --- [           main] org.hibernate.type.BasicTypeRegistry     : Adding type registration java.util.Date -> org.hibernate.type.BasicTypeReference@36df4c26
2024-01-11T01:07:26.340+05:30 DEBUG 13684 --- [           main] org.hibernate.type.BasicTypeRegistry     : Adding type registration calendar -> org.hibernate.type.BasicTypeReference@76828577
2024-01-11T01:07:26.340+05:30 DEBUG 13684 --- [           main] org.hibernate.type.BasicTypeRegistry     : Adding type registration java.util.Calendar -> org.hibernate.type.BasicTypeReference@76828577
2024-01-11T01:07:26.340+05:30 DEBUG 13684 --- [           main] org.hibernate.type.BasicTypeRegistry     : Adding type registration java.util.GregorianCalendar -> org.hibernate.type.BasicTypeReference@76828577
2024-01-11T01:07:26.340+05:30 DEBUG 13684 --- [           main] org.hibernate.type.BasicTypeRegistry     : Adding type registration calendar_date -> org.hibernate.type.BasicTypeReference@38732372
2024-01-11T01:07:26.340+05:30 DEBUG 13684 --- [           main] org.hibernate.type.BasicTypeRegistry     : Adding type registration calendar_time -> org.hibernate.type.BasicTypeReference@639cb788
2024-01-11T01:07:26.340+05:30 DEBUG 13684 --- [           main] org.hibernate.type.BasicTypeRegistry     : Adding type registration instant -> org.hibernate.type.BasicTypeReference@2fee69a1
2024-01-11T01:07:26.340+05:30 DEBUG 13684 --- [           main] org.hibernate.type.BasicTypeRegistry     : Adding type registration java.time.Instant -> org.hibernate.type.BasicTypeReference@2fee69a1
2024-01-11T01:07:26.340+05:30 DEBUG 13684 --- [           main] org.hibernate.type.BasicTypeRegistry     : Adding type registration uuid -> org.hibernate.type.BasicTypeReference@4d25f816
2024-01-11T01:07:26.340+05:30 DEBUG 13684 --- [           main] org.hibernate.type.BasicTypeRegistry     : Adding type registration java.util.UUID -> org.hibernate.type.BasicTypeReference@4d25f816
2024-01-11T01:07:26.340+05:30 DEBUG 13684 --- [           main] org.hibernate.type.BasicTypeRegistry     : Adding type registration pg-uuid -> org.hibernate.type.BasicTypeReference@4d25f816
2024-01-11T01:07:26.340+05:30 DEBUG 13684 --- [           main] org.hibernate.type.BasicTypeRegistry     : Adding type registration uuid-binary -> org.hibernate.type.BasicTypeReference@6c6c2a73
2024-01-11T01:07:26.341+05:30 DEBUG 13684 --- [           main] org.hibernate.type.BasicTypeRegistry     : Adding type registration uuid-char -> org.hibernate.type.BasicTypeReference@6a4af081
2024-01-11T01:07:26.341+05:30 DEBUG 13684 --- [           main] org.hibernate.type.BasicTypeRegistry     : Adding type registration class -> org.hibernate.type.BasicTypeReference@36b53f08
2024-01-11T01:07:26.341+05:30 DEBUG 13684 --- [           main] org.hibernate.type.BasicTypeRegistry     : Adding type registration java.lang.Class -> org.hibernate.type.BasicTypeReference@36b53f08
2024-01-11T01:07:26.341+05:30 DEBUG 13684 --- [           main] org.hibernate.type.BasicTypeRegistry     : Adding type registration currency -> org.hibernate.type.BasicTypeReference@54329480
2024-01-11T01:07:26.341+05:30 DEBUG 13684 --- [           main] org.hibernate.type.BasicTypeRegistry     : Adding type registration Currency -> org.hibernate.type.BasicTypeReference@54329480
2024-01-11T01:07:26.341+05:30 DEBUG 13684 --- [           main] org.hibernate.type.BasicTypeRegistry     : Adding type registration java.util.Currency -> org.hibernate.type.BasicTypeReference@54329480
2024-01-11T01:07:26.341+05:30 DEBUG 13684 --- [           main] org.hibernate.type.BasicTypeRegistry     : Adding type registration locale -> org.hibernate.type.BasicTypeReference@590013c7
2024-01-11T01:07:26.341+05:30 DEBUG 13684 --- [           main] org.hibernate.type.BasicTypeRegistry     : Adding type registration java.util.Locale -> org.hibernate.type.BasicTypeReference@590013c7
2024-01-11T01:07:26.341+05:30 DEBUG 13684 --- [           main] org.hibernate.type.BasicTypeRegistry     : Adding type registration serializable -> org.hibernate.type.BasicTypeReference@64f32e9e
2024-01-11T01:07:26.341+05:30 DEBUG 13684 --- [           main] org.hibernate.type.BasicTypeRegistry     : Adding type registration java.io.Serializable -> org.hibernate.type.BasicTypeReference@64f32e9e
2024-01-11T01:07:26.341+05:30 DEBUG 13684 --- [           main] org.hibernate.type.BasicTypeRegistry     : Adding type registration timezone -> org.hibernate.type.BasicTypeReference@7b211077
2024-01-11T01:07:26.341+05:30 DEBUG 13684 --- [           main] org.hibernate.type.BasicTypeRegistry     : Adding type registration java.util.TimeZone -> org.hibernate.type.BasicTypeReference@7b211077
2024-01-11T01:07:26.341+05:30 DEBUG 13684 --- [           main] org.hibernate.type.BasicTypeRegistry     : Adding type registration ZoneOffset -> org.hibernate.type.BasicTypeReference@3b770d07
2024-01-11T01:07:26.342+05:30 DEBUG 13684 --- [           main] org.hibernate.type.BasicTypeRegistry     : Adding type registration java.time.ZoneOffset -> org.hibernate.type.BasicTypeReference@3b770d07
2024-01-11T01:07:26.342+05:30 DEBUG 13684 --- [           main] org.hibernate.type.BasicTypeRegistry     : Adding type registration url -> org.hibernate.type.BasicTypeReference@62b0bf85
2024-01-11T01:07:26.342+05:30 DEBUG 13684 --- [           main] org.hibernate.type.BasicTypeRegistry     : Adding type registration java.net.URL -> org.hibernate.type.BasicTypeReference@62b0bf85
2024-01-11T01:07:26.342+05:30 DEBUG 13684 --- [           main] org.hibernate.type.BasicTypeRegistry     : Adding type registration vector -> org.hibernate.type.BasicTypeReference@1fcaea93
2024-01-11T01:07:26.342+05:30 DEBUG 13684 --- [           main] org.hibernate.type.BasicTypeRegistry     : Adding type registration row_version -> org.hibernate.type.BasicTypeReference@6c9bf3b5
2024-01-11T01:07:26.342+05:30 DEBUG 13684 --- [           main] org.hibernate.type.BasicTypeRegistry     : Adding type registration object -> org.hibernate.type.JavaObjectType@baa227e
2024-01-11T01:07:26.342+05:30 DEBUG 13684 --- [           main] org.hibernate.type.BasicTypeRegistry     : Adding type registration java.lang.Object -> org.hibernate.type.JavaObjectType@baa227e
2024-01-11T01:07:26.342+05:30 DEBUG 13684 --- [           main] org.hibernate.type.BasicTypeRegistry     : Adding type registration null -> org.hibernate.type.NullType@1b3bec6c
2024-01-11T01:07:26.342+05:30 DEBUG 13684 --- [           main] org.hibernate.type.BasicTypeRegistry     : Adding type registration imm_date -> org.hibernate.type.BasicTypeReference@7abc82fa
2024-01-11T01:07:26.342+05:30 DEBUG 13684 --- [           main] org.hibernate.type.BasicTypeRegistry     : Adding type registration imm_time -> org.hibernate.type.BasicTypeReference@7e7a6f81
2024-01-11T01:07:26.342+05:30 DEBUG 13684 --- [           main] org.hibernate.type.BasicTypeRegistry     : Adding type registration imm_timestamp -> org.hibernate.type.BasicTypeReference@79acb200
2024-01-11T01:07:26.342+05:30 DEBUG 13684 --- [           main] org.hibernate.type.BasicTypeRegistry     : Adding type registration imm_calendar -> org.hibernate.type.BasicTypeReference@548bdfda
2024-01-11T01:07:26.342+05:30 DEBUG 13684 --- [           main] org.hibernate.type.BasicTypeRegistry     : Adding type registration imm_calendar_date -> org.hibernate.type.BasicTypeReference@4a3e3ce3
2024-01-11T01:07:26.342+05:30 DEBUG 13684 --- [           main] org.hibernate.type.BasicTypeRegistry     : Adding type registration imm_calendar_time -> org.hibernate.type.BasicTypeReference@67954442
2024-01-11T01:07:26.342+05:30 DEBUG 13684 --- [           main] org.hibernate.type.BasicTypeRegistry     : Adding type registration imm_binary -> org.hibernate.type.BasicTypeReference@7bb5c602
2024-01-11T01:07:26.342+05:30 DEBUG 13684 --- [           main] org.hibernate.type.BasicTypeRegistry     : Adding type registration imm_serializable -> org.hibernate.type.BasicTypeReference@714ab3a1
2024-01-11T01:07:26.347+05:30  INFO 13684 --- [           main] o.s.o.j.p.SpringPersistenceUnitInfo      : No LoadTimeWeaver setup: ignoring JPA class transformer
2024-01-11T01:07:26.350+05:30 DEBUG 13684 --- [           main] o.h.t.d.jdbc.spi.JdbcTypeRegistry        : addDescriptor(NCharTypeDescriptor) replaced previous registration(CharTypeDescriptor)
2024-01-11T01:07:26.350+05:30 DEBUG 13684 --- [           main] o.h.t.d.jdbc.spi.JdbcTypeRegistry        : addDescriptor(NVarcharTypeDescriptor) replaced previous registration(VarcharTypeDescriptor)
2024-01-11T01:07:26.350+05:30 DEBUG 13684 --- [           main] o.h.t.d.jdbc.spi.JdbcTypeRegistry        : addDescriptor(LongNVarcharTypeDescriptor) replaced previous registration(LongVarcharTypeDescriptor)
2024-01-11T01:07:26.350+05:30 DEBUG 13684 --- [           main] o.h.t.d.jdbc.spi.JdbcTypeRegistry        : addDescriptor(NClobTypeDescriptor(DEFAULT)) replaced previous registration(ClobTypeDescriptor(DEFAULT))
2024-01-11T01:07:26.351+05:30 DEBUG 13684 --- [           main] o.h.t.d.jdbc.spi.JdbcTypeRegistry        : addDescriptor(2005, ClobTypeDescriptor(STREAM_BINDING)) replaced previous registration(ClobTypeDescriptor(DEFAULT))
2024-01-11T01:07:26.351+05:30 DEBUG 13684 --- [           main] o.h.t.d.jdbc.spi.JdbcTypeRegistry        : addDescriptor(TimestampUtcDescriptor) replaced previous registration(TimestampUtcDescriptor)
2024-01-11T01:07:26.351+05:30 DEBUG 13684 --- [           main] org.hibernate.type.BasicTypeRegistry     : Adding type registration org.hibernate.type.DurationType -> basicType@45(java.time.Duration,2)
2024-01-11T01:07:26.352+05:30 DEBUG 13684 --- [           main] org.hibernate.type.BasicTypeRegistry     : Adding type registration Duration -> basicType@45(java.time.Duration,2)
2024-01-11T01:07:26.352+05:30 DEBUG 13684 --- [           main] org.hibernate.type.BasicTypeRegistry     : Adding type registration java.time.Duration -> basicType@45(java.time.Duration,2)
2024-01-11T01:07:26.352+05:30 DEBUG 13684 --- [           main] o.h.type.spi.TypeConfiguration$Scope     : Scoping TypeConfiguration [org.hibernate.type.spi.TypeConfiguration@7e5383d1] to MetadataBuildingContext [org.hibernate.boot.internal.MetadataBuildingContextRootImpl@6c43d4dd]
2024-01-11T01:07:26.389+05:30  WARN 13684 --- [           main] org.hibernate.orm.cache                  : HHH90001006: Missing cache[com.in28minutes.jpa.hibernate.demo.entity.Course] was created on-the-fly. The created cache will use a provider-specific default configuration: make sure you defined one. You can disable this warning by setting 'hibernate.javax.cache.missing_cache_strategy' to 'create'.
2024-01-11T01:07:26.391+05:30  INFO 13684 --- [           main] org.ehcache.core.EhcacheManager          : Cache 'com.in28minutes.jpa.hibernate.demo.entity.Course' created in EhcacheManager.
2024-01-11T01:07:26.456+05:30  INFO 13684 --- [           main] o.h.e.t.j.p.i.JtaPlatformInitiator       : HHH000489: No JTA platform available (set 'hibernate.transaction.jta.platform' to enable JTA platform integration)
2024-01-11T01:07:26.457+05:30 DEBUG 13684 --- [           main] o.h.type.spi.TypeConfiguration$Scope     : Scoping TypeConfiguration [org.hibernate.type.spi.TypeConfiguration@7e5383d1] to SessionFactoryImplementor [org.hibernate.internal.SessionFactoryImpl@24af46dd]
2024-01-11T01:07:26.457+05:30 DEBUG 13684 --- [           main] o.h.stat.internal.StatisticsInitiator    : Statistics initialized [enabled=true]
Hibernate: 
    drop table if exists course cascade 
Hibernate: 
    drop table if exists full_time_employee cascade 
Hibernate: 
    drop table if exists part_time_employee cascade 
Hibernate: 
    drop table if exists passport cascade 
Hibernate: 
    drop table if exists review cascade 
Hibernate: 
    drop table if exists student cascade 
Hibernate: 
    drop table if exists student_course cascade 
Hibernate: 
    drop sequence if exists course_seq
Hibernate: 
    drop sequence if exists full_time_employee_seq
Hibernate: 
    drop sequence if exists part_time_employee_seq
Hibernate: 
    drop sequence if exists passport_seq
Hibernate: 
    drop sequence if exists review_seq
Hibernate: 
    drop sequence if exists student_seq
Hibernate: 
    create sequence course_seq start with 1 increment by 50
Hibernate: 
    create sequence full_time_employee_seq start with 1 increment by 50
Hibernate: 
    create sequence part_time_employee_seq start with 1 increment by 50
Hibernate: 
    create sequence passport_seq start with 1 increment by 50
Hibernate: 
    create sequence review_seq start with 1 increment by 50
Hibernate: 
    create sequence student_seq start with 1 increment by 50
Hibernate: 
    create table course (
        is_deleted boolean not null,
        created_date timestamp(6),
        id bigint not null,
        last_updated_date timestamp(6),
        name varchar(255) not null,
        primary key (id)
    )
Hibernate: 
    create table full_time_employee (
        salary numeric(38,2),
        id bigint not null,
        name varchar(255) not null,
        primary key (id)
    )
Hibernate: 
    create table part_time_employee (
        hourly_wage numeric(38,2),
        id bigint not null,
        name varchar(255) not null,
        primary key (id)
    )
Hibernate: 
    create table passport (
        id bigint not null,
        number varchar(255) not null,
        primary key (id)
    )
Hibernate: 
    create table review (
        course_id bigint,
        id bigint not null,
        description varchar(255),
        rating varchar(255) check (rating in ('ZERO','ONE','TWO','THREE','FOUR','FIVE')),
        primary key (id)
    )
Hibernate: 
    create table student (
        id bigint not null,
        passport_id bigint unique,
        city varchar(255),
        line1 varchar(255),
        line2 varchar(255),
        name varchar(255) not null,
        primary key (id)
    )
Hibernate: 
    create table student_course (
        course_id bigint not null,
        student_id bigint not null
    )
Hibernate: 
    alter table if exists review 
       add constraint FKprox8elgnr8u5wrq1983degk 
       foreign key (course_id) 
       references course
Hibernate: 
    alter table if exists student 
       add constraint FK6i2dofwfuu97njtfprqv68pib 
       foreign key (passport_id) 
       references passport
Hibernate: 
    alter table if exists student_course 
       add constraint FKejrkh4gv8iqgmspsanaji90ws 
       foreign key (course_id) 
       references course
Hibernate: 
    alter table if exists student_course 
       add constraint FKq7yw2wg9wlt2cnj480hcdn6dq 
       foreign key (student_id) 
       references student
2024-01-11T01:07:26.477+05:30 TRACE 13684 --- [           main] o.h.type.spi.TypeConfiguration$Scope     : Handling #sessionFactoryCreated from [org.hibernate.internal.SessionFactoryImpl@24af46dd] for TypeConfiguration
2024-01-11T01:07:26.477+05:30  INFO 13684 --- [           main] j.LocalContainerEntityManagerFactoryBean : Initialized JPA EntityManagerFactory for persistence unit 'default'
2024-01-11T01:07:26.525+05:30  WARN 13684 --- [           main] JpaBaseConfiguration$JpaWebConfiguration : spring.jpa.open-in-view is enabled by default. Therefore, database queries may be performed during view rendering. Explicitly configure spring.jpa.open-in-view to disable this warning
2024-01-11T01:07:26.562+05:30  INFO 13684 --- [           main] i.StatisticalLoggingSessionEventListener : Session Metrics {
    0 nanoseconds spent acquiring 0 JDBC connections;
    0 nanoseconds spent releasing 0 JDBC connections;
    0 nanoseconds spent preparing 0 JDBC statements;
    0 nanoseconds spent executing 0 JDBC statements;
    0 nanoseconds spent executing 0 JDBC batches;
    0 nanoseconds spent performing 0 L2C puts;
    0 nanoseconds spent performing 0 L2C hits;
    0 nanoseconds spent performing 0 L2C misses;
    0 nanoseconds spent executing 0 flushes (flushing a total of 0 entities and 0 collections);
    0 nanoseconds spent executing 0 partial-flushes (flushing a total of 0 entities and 0 collections)
}
2024-01-11T01:07:26.573+05:30  INFO 13684 --- [           main] i.StatisticalLoggingSessionEventListener : Session Metrics {
    0 nanoseconds spent acquiring 0 JDBC connections;
    0 nanoseconds spent releasing 0 JDBC connections;
    0 nanoseconds spent preparing 0 JDBC statements;
    0 nanoseconds spent executing 0 JDBC statements;
    0 nanoseconds spent executing 0 JDBC batches;
    0 nanoseconds spent performing 0 L2C puts;
    0 nanoseconds spent performing 0 L2C hits;
    0 nanoseconds spent performing 0 L2C misses;
    0 nanoseconds spent executing 0 flushes (flushing a total of 0 entities and 0 collections);
    0 nanoseconds spent executing 0 partial-flushes (flushing a total of 0 entities and 0 collections)
}
2024-01-11T01:07:26.594+05:30  INFO 13684 --- [           main] i.StatisticalLoggingSessionEventListener : Session Metrics {
    0 nanoseconds spent acquiring 0 JDBC connections;
    0 nanoseconds spent releasing 0 JDBC connections;
    0 nanoseconds spent preparing 0 JDBC statements;
    0 nanoseconds spent executing 0 JDBC statements;
    0 nanoseconds spent executing 0 JDBC batches;
    0 nanoseconds spent performing 0 L2C puts;
    0 nanoseconds spent performing 0 L2C hits;
    0 nanoseconds spent performing 0 L2C misses;
    0 nanoseconds spent executing 0 flushes (flushing a total of 0 entities and 0 collections);
    0 nanoseconds spent executing 0 partial-flushes (flushing a total of 0 entities and 0 collections)
}
2024-01-11T01:07:26.595+05:30  INFO 13684 --- [           main] i.StatisticalLoggingSessionEventListener : Session Metrics {
    0 nanoseconds spent acquiring 0 JDBC connections;
    0 nanoseconds spent releasing 0 JDBC connections;
    0 nanoseconds spent preparing 0 JDBC statements;
    0 nanoseconds spent executing 0 JDBC statements;
    0 nanoseconds spent executing 0 JDBC batches;
    0 nanoseconds spent performing 0 L2C puts;
    0 nanoseconds spent performing 0 L2C hits;
    0 nanoseconds spent performing 0 L2C misses;
    0 nanoseconds spent executing 0 flushes (flushing a total of 0 entities and 0 collections);
    0 nanoseconds spent executing 0 partial-flushes (flushing a total of 0 entities and 0 collections)
}
2024-01-11T01:07:26.595+05:30  INFO 13684 --- [           main] i.StatisticalLoggingSessionEventListener : Session Metrics {
    0 nanoseconds spent acquiring 0 JDBC connections;
    0 nanoseconds spent releasing 0 JDBC connections;
    0 nanoseconds spent preparing 0 JDBC statements;
    0 nanoseconds spent executing 0 JDBC statements;
    0 nanoseconds spent executing 0 JDBC batches;
    0 nanoseconds spent performing 0 L2C puts;
    0 nanoseconds spent performing 0 L2C hits;
    0 nanoseconds spent performing 0 L2C misses;
    0 nanoseconds spent executing 0 flushes (flushing a total of 0 entities and 0 collections);
    0 nanoseconds spent executing 0 partial-flushes (flushing a total of 0 entities and 0 collections)
}
2024-01-11T01:07:26.597+05:30  INFO 13684 --- [           main] i.StatisticalLoggingSessionEventListener : Session Metrics {
    0 nanoseconds spent acquiring 0 JDBC connections;
    0 nanoseconds spent releasing 0 JDBC connections;
    0 nanoseconds spent preparing 0 JDBC statements;
    0 nanoseconds spent executing 0 JDBC statements;
    0 nanoseconds spent executing 0 JDBC batches;
    0 nanoseconds spent performing 0 L2C puts;
    0 nanoseconds spent performing 0 L2C hits;
    0 nanoseconds spent performing 0 L2C misses;
    0 nanoseconds spent executing 0 flushes (flushing a total of 0 entities and 0 collections);
    0 nanoseconds spent executing 0 partial-flushes (flushing a total of 0 entities and 0 collections)
}
2024-01-11T01:07:26.597+05:30  INFO 13684 --- [           main] i.StatisticalLoggingSessionEventListener : Session Metrics {
    0 nanoseconds spent acquiring 0 JDBC connections;
    0 nanoseconds spent releasing 0 JDBC connections;
    0 nanoseconds spent preparing 0 JDBC statements;
    0 nanoseconds spent executing 0 JDBC statements;
    0 nanoseconds spent executing 0 JDBC batches;
    0 nanoseconds spent performing 0 L2C puts;
    0 nanoseconds spent performing 0 L2C hits;
    0 nanoseconds spent performing 0 L2C misses;
    0 nanoseconds spent executing 0 flushes (flushing a total of 0 entities and 0 collections);
    0 nanoseconds spent executing 0 partial-flushes (flushing a total of 0 entities and 0 collections)
}
2024-01-11T01:07:26.599+05:30  INFO 13684 --- [           main] i.StatisticalLoggingSessionEventListener : Session Metrics {
    0 nanoseconds spent acquiring 0 JDBC connections;
    0 nanoseconds spent releasing 0 JDBC connections;
    0 nanoseconds spent preparing 0 JDBC statements;
    0 nanoseconds spent executing 0 JDBC statements;
    0 nanoseconds spent executing 0 JDBC batches;
    0 nanoseconds spent performing 0 L2C puts;
    0 nanoseconds spent performing 0 L2C hits;
    0 nanoseconds spent performing 0 L2C misses;
    0 nanoseconds spent executing 0 flushes (flushing a total of 0 entities and 0 collections);
    0 nanoseconds spent executing 0 partial-flushes (flushing a total of 0 entities and 0 collections)
}
2024-01-11T01:07:26.599+05:30  INFO 13684 --- [           main] i.StatisticalLoggingSessionEventListener : Session Metrics {
    0 nanoseconds spent acquiring 0 JDBC connections;
    0 nanoseconds spent releasing 0 JDBC connections;
    0 nanoseconds spent preparing 0 JDBC statements;
    0 nanoseconds spent executing 0 JDBC statements;
    0 nanoseconds spent executing 0 JDBC batches;
    0 nanoseconds spent performing 0 L2C puts;
    0 nanoseconds spent performing 0 L2C hits;
    0 nanoseconds spent performing 0 L2C misses;
    0 nanoseconds spent executing 0 flushes (flushing a total of 0 entities and 0 collections);
    0 nanoseconds spent executing 0 partial-flushes (flushing a total of 0 entities and 0 collections)
}
2024-01-11T01:07:26.601+05:30  INFO 13684 --- [           main] i.StatisticalLoggingSessionEventListener : Session Metrics {
    0 nanoseconds spent acquiring 0 JDBC connections;
    0 nanoseconds spent releasing 0 JDBC connections;
    0 nanoseconds spent preparing 0 JDBC statements;
    0 nanoseconds spent executing 0 JDBC statements;
    0 nanoseconds spent executing 0 JDBC batches;
    0 nanoseconds spent performing 0 L2C puts;
    0 nanoseconds spent performing 0 L2C hits;
    0 nanoseconds spent performing 0 L2C misses;
    0 nanoseconds spent executing 0 flushes (flushing a total of 0 entities and 0 collections);
    0 nanoseconds spent executing 0 partial-flushes (flushing a total of 0 entities and 0 collections)
}
2024-01-11T01:07:26.602+05:30  INFO 13684 --- [           main] i.StatisticalLoggingSessionEventListener : Session Metrics {
    0 nanoseconds spent acquiring 0 JDBC connections;
    0 nanoseconds spent releasing 0 JDBC connections;
    0 nanoseconds spent preparing 0 JDBC statements;
    0 nanoseconds spent executing 0 JDBC statements;
    0 nanoseconds spent executing 0 JDBC batches;
    0 nanoseconds spent performing 0 L2C puts;
    0 nanoseconds spent performing 0 L2C hits;
    0 nanoseconds spent performing 0 L2C misses;
    0 nanoseconds spent executing 0 flushes (flushing a total of 0 entities and 0 collections);
    0 nanoseconds spent executing 0 partial-flushes (flushing a total of 0 entities and 0 collections)
}
2024-01-11T01:07:26.603+05:30  INFO 13684 --- [           main] i.StatisticalLoggingSessionEventListener : Session Metrics {
    0 nanoseconds spent acquiring 0 JDBC connections;
    0 nanoseconds spent releasing 0 JDBC connections;
    0 nanoseconds spent preparing 0 JDBC statements;
    0 nanoseconds spent executing 0 JDBC statements;
    0 nanoseconds spent executing 0 JDBC batches;
    0 nanoseconds spent performing 0 L2C puts;
    0 nanoseconds spent performing 0 L2C hits;
    0 nanoseconds spent performing 0 L2C misses;
    0 nanoseconds spent executing 0 flushes (flushing a total of 0 entities and 0 collections);
    0 nanoseconds spent executing 0 partial-flushes (flushing a total of 0 entities and 0 collections)
}
2024-01-11T01:07:26.604+05:30  INFO 13684 --- [           main] i.StatisticalLoggingSessionEventListener : Session Metrics {
    0 nanoseconds spent acquiring 0 JDBC connections;
    0 nanoseconds spent releasing 0 JDBC connections;
    0 nanoseconds spent preparing 0 JDBC statements;
    0 nanoseconds spent executing 0 JDBC statements;
    0 nanoseconds spent executing 0 JDBC batches;
    0 nanoseconds spent performing 0 L2C puts;
    0 nanoseconds spent performing 0 L2C hits;
    0 nanoseconds spent performing 0 L2C misses;
    0 nanoseconds spent executing 0 flushes (flushing a total of 0 entities and 0 collections);
    0 nanoseconds spent executing 0 partial-flushes (flushing a total of 0 entities and 0 collections)
}
2024-01-11T01:07:26.604+05:30  INFO 13684 --- [           main] i.StatisticalLoggingSessionEventListener : Session Metrics {
    0 nanoseconds spent acquiring 0 JDBC connections;
    0 nanoseconds spent releasing 0 JDBC connections;
    0 nanoseconds spent preparing 0 JDBC statements;
    0 nanoseconds spent executing 0 JDBC statements;
    0 nanoseconds spent executing 0 JDBC batches;
    0 nanoseconds spent performing 0 L2C puts;
    0 nanoseconds spent performing 0 L2C hits;
    0 nanoseconds spent performing 0 L2C misses;
    0 nanoseconds spent executing 0 flushes (flushing a total of 0 entities and 0 collections);
    0 nanoseconds spent executing 0 partial-flushes (flushing a total of 0 entities and 0 collections)
}
2024-01-11T01:07:26.606+05:30  INFO 13684 --- [           main] i.StatisticalLoggingSessionEventListener : Session Metrics {
    0 nanoseconds spent acquiring 0 JDBC connections;
    0 nanoseconds spent releasing 0 JDBC connections;
    0 nanoseconds spent preparing 0 JDBC statements;
    0 nanoseconds spent executing 0 JDBC statements;
    0 nanoseconds spent executing 0 JDBC batches;
    0 nanoseconds spent performing 0 L2C puts;
    0 nanoseconds spent performing 0 L2C hits;
    0 nanoseconds spent performing 0 L2C misses;
    0 nanoseconds spent executing 0 flushes (flushing a total of 0 entities and 0 collections);
    0 nanoseconds spent executing 0 partial-flushes (flushing a total of 0 entities and 0 collections)
}
2024-01-11T01:07:26.606+05:30  INFO 13684 --- [           main] i.StatisticalLoggingSessionEventListener : Session Metrics {
    0 nanoseconds spent acquiring 0 JDBC connections;
    0 nanoseconds spent releasing 0 JDBC connections;
    0 nanoseconds spent preparing 0 JDBC statements;
    0 nanoseconds spent executing 0 JDBC statements;
    0 nanoseconds spent executing 0 JDBC batches;
    0 nanoseconds spent performing 0 L2C puts;
    0 nanoseconds spent performing 0 L2C hits;
    0 nanoseconds spent performing 0 L2C misses;
    0 nanoseconds spent executing 0 flushes (flushing a total of 0 entities and 0 collections);
    0 nanoseconds spent executing 0 partial-flushes (flushing a total of 0 entities and 0 collections)
}
2024-01-11T01:07:26.607+05:30  INFO 13684 --- [           main] i.StatisticalLoggingSessionEventListener : Session Metrics {
    0 nanoseconds spent acquiring 0 JDBC connections;
    0 nanoseconds spent releasing 0 JDBC connections;
    0 nanoseconds spent preparing 0 JDBC statements;
    0 nanoseconds spent executing 0 JDBC statements;
    0 nanoseconds spent executing 0 JDBC batches;
    0 nanoseconds spent performing 0 L2C puts;
    0 nanoseconds spent performing 0 L2C hits;
    0 nanoseconds spent performing 0 L2C misses;
    0 nanoseconds spent executing 0 flushes (flushing a total of 0 entities and 0 collections);
    0 nanoseconds spent executing 0 partial-flushes (flushing a total of 0 entities and 0 collections)
}
2024-01-11T01:07:26.607+05:30  INFO 13684 --- [           main] i.StatisticalLoggingSessionEventListener : Session Metrics {
    0 nanoseconds spent acquiring 0 JDBC connections;
    0 nanoseconds spent releasing 0 JDBC connections;
    0 nanoseconds spent preparing 0 JDBC statements;
    0 nanoseconds spent executing 0 JDBC statements;
    0 nanoseconds spent executing 0 JDBC batches;
    0 nanoseconds spent performing 0 L2C puts;
    0 nanoseconds spent performing 0 L2C hits;
    0 nanoseconds spent performing 0 L2C misses;
    0 nanoseconds spent executing 0 flushes (flushing a total of 0 entities and 0 collections);
    0 nanoseconds spent executing 0 partial-flushes (flushing a total of 0 entities and 0 collections)
}
2024-01-11T01:07:26.608+05:30  INFO 13684 --- [           main] i.StatisticalLoggingSessionEventListener : Session Metrics {
    0 nanoseconds spent acquiring 0 JDBC connections;
    0 nanoseconds spent releasing 0 JDBC connections;
    0 nanoseconds spent preparing 0 JDBC statements;
    0 nanoseconds spent executing 0 JDBC statements;
    0 nanoseconds spent executing 0 JDBC batches;
    0 nanoseconds spent performing 0 L2C puts;
    0 nanoseconds spent performing 0 L2C hits;
    0 nanoseconds spent performing 0 L2C misses;
    0 nanoseconds spent executing 0 flushes (flushing a total of 0 entities and 0 collections);
    0 nanoseconds spent executing 0 partial-flushes (flushing a total of 0 entities and 0 collections)
}
2024-01-11T01:07:26.608+05:30  INFO 13684 --- [           main] i.StatisticalLoggingSessionEventListener : Session Metrics {
    0 nanoseconds spent acquiring 0 JDBC connections;
    0 nanoseconds spent releasing 0 JDBC connections;
    0 nanoseconds spent preparing 0 JDBC statements;
    0 nanoseconds spent executing 0 JDBC statements;
    0 nanoseconds spent executing 0 JDBC batches;
    0 nanoseconds spent performing 0 L2C puts;
    0 nanoseconds spent performing 0 L2C hits;
    0 nanoseconds spent performing 0 L2C misses;
    0 nanoseconds spent executing 0 flushes (flushing a total of 0 entities and 0 collections);
    0 nanoseconds spent executing 0 partial-flushes (flushing a total of 0 entities and 0 collections)
}
2024-01-11T01:07:26.763+05:30  INFO 13684 --- [           main] o.s.b.a.h2.H2ConsoleAutoConfiguration    : H2 console available at '/h2-console'. Database available at 'jdbc:h2:mem:testdb'
2024-01-11T01:07:26.795+05:30  INFO 13684 --- [           main] c.i.j.h.d.r.CourseRepositoryTest         : Started CourseRepositoryTest in 0.771 seconds (process running for 11.309)
Hibernate: 
    select
        c1_0.id,
        c1_0.created_date,
        c1_0.is_deleted,
        c1_0.last_updated_date,
        c1_0.name,
        s1_0.course_id,
        s1_1.id,
        s1_1.city,
        s1_1.line1,
        s1_1.line2,
        s1_1.name,
        s1_1.passport_id 
    from
        course c1_0 
    left join
        student_course s1_0 
            on c1_0.id=s1_0.course_id 
    left join
        student s1_1 
            on s1_1.id=s1_0.student_id 
    where
        (
            c1_0.is_deleted = false
        )
2024-01-11T01:07:26.830+05:30 DEBUG 13684 --- [           main] o.h.stat.internal.StatisticsImpl         : HHH000117: HQL: Select c from Course c, time: 8ms, rows: 3
Course[JPA in 50 Steps] [Student[Ranga], Student[Adam], Student[Jane]]
Course[Spring in 50 Steps] []
Course[Spring Boot in 100 Steps] [Student[Ranga]]
2024-01-11T01:07:26.833+05:30  INFO 13684 --- [           main] i.StatisticalLoggingSessionEventListener : Session Metrics {
    22700 nanoseconds spent acquiring 1 JDBC connections;
    0 nanoseconds spent releasing 0 JDBC connections;
    740800 nanoseconds spent preparing 1 JDBC statements;
    490300 nanoseconds spent executing 1 JDBC statements;
    0 nanoseconds spent executing 0 JDBC batches;
    2560600 nanoseconds spent performing 3 L2C puts;
    0 nanoseconds spent performing 0 L2C hits;
    0 nanoseconds spent performing 0 L2C misses;
    0 nanoseconds spent executing 0 flushes (flushing a total of 0 entities and 0 collections);
    7100 nanoseconds spent executing 1 partial-flushes (flushing a total of 0 entities and 0 collections)
}
2024-01-11T01:07:26.836+05:30  INFO 13684 --- [           main] j.LocalContainerEntityManagerFactoryBean : Closing JPA EntityManagerFactory for persistence unit 'default'
Hibernate: 
    drop table if exists course cascade 
Hibernate: 
    drop table if exists full_time_employee cascade 
Hibernate: 
    drop table if exists part_time_employee cascade 
Hibernate: 
    drop table if exists passport cascade 
Hibernate: 
    drop table if exists review cascade 
Hibernate: 
    drop table if exists student cascade 
Hibernate: 
    drop table if exists student_course cascade 
Hibernate: 
    drop sequence if exists course_seq
Hibernate: 
    drop sequence if exists full_time_employee_seq
Hibernate: 
    drop sequence if exists part_time_employee_seq
Hibernate: 
    drop sequence if exists passport_seq
Hibernate: 
    drop sequence if exists review_seq
Hibernate: 
    drop sequence if exists student_seq
2024-01-11T01:07:26.840+05:30  INFO 13684 --- [           main] org.ehcache.core.EhcacheManager          : Cache 'com.in28minutes.jpa.hibernate.demo.entity.Course' removed from EhcacheManager.
2024-01-11T01:07:26.841+05:30 TRACE 13684 --- [           main] o.h.type.spi.TypeConfiguration$Scope     : Handling #sessionFactoryClosed from [org.hibernate.internal.SessionFactoryImpl@24af46dd] for TypeConfiguration
2024-01-11T01:07:26.841+05:30 DEBUG 13684 --- [           main] o.h.type.spi.TypeConfiguration$Scope     : Un-scoping TypeConfiguration [org.hibernate.type.spi.TypeConfiguration$Scope@14c10311] from SessionFactory [org.hibernate.internal.SessionFactoryImpl@24af46dd]
2024-01-11T01:07:26.848+05:30  INFO 13684 --- [           main] com.zaxxer.hikari.HikariDataSource       : HikariPool-3 - Shutdown initiated...
2024-01-11T01:07:26.850+05:30  INFO 13684 --- [           main] com.zaxxer.hikari.HikariDataSource       : HikariPool-3 - Shutdown completed.
]]></system-out>
  </testcase>
  <testcase name="retrieveReviewsForCourse" classname="com.in28minutes.jpa.hibernate.demo.repository.CourseRepositoryTest" time="0.015">
    <system-out><![CDATA[
  .   ____          _            __ _ _
 /\\ / ___'_ __ _ _(_)_ __  __ _ \ \ \ \
( ( )\___ | '_ | '_| | '_ \/ _` | \ \ \ \
 \\/  ___)| |_)| | | | | || (_| |  ) ) ) )
  '  |____| .__|_| |_|_| |_\__, | / / / /
 =========|_|==============|___/=/_/_/_/
 :: Spring Boot ::                (v3.2.1)

2024-01-11T01:07:26.891+05:30  INFO 13684 --- [           main] c.i.j.h.d.r.CourseRepositoryTest         : Starting CourseRepositoryTest using Java 17.0.9 with PID 13684 (started by hp in C:\Users\hp\Downloads\jpa_with_hibernate\jpa-with-hibernate-master\02-jpa-advanced)
2024-01-11T01:07:26.891+05:30  INFO 13684 --- [           main] c.i.j.h.d.r.CourseRepositoryTest         : No active profile set, falling back to 1 default profile: "default"
2024-01-11T01:07:27.047+05:30  INFO 13684 --- [           main] .s.d.r.c.RepositoryConfigurationDelegate : Bootstrapping Spring Data JPA repositories in DEFAULT mode.
2024-01-11T01:07:27.058+05:30  INFO 13684 --- [           main] .s.d.r.c.RepositoryConfigurationDelegate : Finished Spring Data repository scanning in 10 ms. Found 1 JPA repository interface.
2024-01-11T01:07:27.129+05:30  INFO 13684 --- [           main] com.zaxxer.hikari.HikariDataSource       : HikariPool-4 - Starting...
2024-01-11T01:07:27.131+05:30  INFO 13684 --- [           main] com.zaxxer.hikari.pool.HikariPool        : HikariPool-4 - Added connection conn30: url=jdbc:h2:mem:testdb user=SA
2024-01-11T01:07:27.131+05:30  INFO 13684 --- [           main] com.zaxxer.hikari.HikariDataSource       : HikariPool-4 - Start completed.
2024-01-11T01:07:27.133+05:30  INFO 13684 --- [           main] o.hibernate.jpa.internal.util.LogHelper  : HHH000204: Processing PersistenceUnitInfo [name: default]
2024-01-11T01:07:27.138+05:30  INFO 13684 --- [           main] o.h.c.internal.RegionFactoryInitiator    : HHH000025: Second-level cache region factory [org.hibernate.cache.jcache.internal.JCacheRegionFactory]
2024-01-11T01:07:27.138+05:30 DEBUG 13684 --- [           main] org.hibernate.type.BasicTypeRegistry     : Adding type registration boolean -> org.hibernate.type.BasicTypeReference@6c96403e
2024-01-11T01:07:27.138+05:30 DEBUG 13684 --- [           main] org.hibernate.type.BasicTypeRegistry     : Adding type registration boolean -> org.hibernate.type.BasicTypeReference@6c96403e
2024-01-11T01:07:27.138+05:30 DEBUG 13684 --- [           main] org.hibernate.type.BasicTypeRegistry     : Adding type registration java.lang.Boolean -> org.hibernate.type.BasicTypeReference@6c96403e
2024-01-11T01:07:27.138+05:30 DEBUG 13684 --- [           main] org.hibernate.type.BasicTypeRegistry     : Adding type registration numeric_boolean -> org.hibernate.type.BasicTypeReference@7babed9e
2024-01-11T01:07:27.138+05:30 DEBUG 13684 --- [           main] org.hibernate.type.BasicTypeRegistry     : Adding type registration org.hibernate.type.NumericBooleanConverter -> org.hibernate.type.BasicTypeReference@7babed9e
2024-01-11T01:07:27.138+05:30 DEBUG 13684 --- [           main] org.hibernate.type.BasicTypeRegistry     : Adding type registration true_false -> org.hibernate.type.BasicTypeReference@2353354a
2024-01-11T01:07:27.138+05:30 DEBUG 13684 --- [           main] org.hibernate.type.BasicTypeRegistry     : Adding type registration org.hibernate.type.TrueFalseConverter -> org.hibernate.type.BasicTypeReference@2353354a
2024-01-11T01:07:27.138+05:30 DEBUG 13684 --- [           main] org.hibernate.type.BasicTypeRegistry     : Adding type registration yes_no -> org.hibernate.type.BasicTypeReference@7c7ed72a
2024-01-11T01:07:27.138+05:30 DEBUG 13684 --- [           main] org.hibernate.type.BasicTypeRegistry     : Adding type registration org.hibernate.type.YesNoConverter -> org.hibernate.type.BasicTypeReference@7c7ed72a
2024-01-11T01:07:27.138+05:30 DEBUG 13684 --- [           main] org.hibernate.type.BasicTypeRegistry     : Adding type registration byte -> org.hibernate.type.BasicTypeReference@22b7ef2b
2024-01-11T01:07:27.138+05:30 DEBUG 13684 --- [           main] org.hibernate.type.BasicTypeRegistry     : Adding type registration byte -> org.hibernate.type.BasicTypeReference@22b7ef2b
2024-01-11T01:07:27.138+05:30 DEBUG 13684 --- [           main] org.hibernate.type.BasicTypeRegistry     : Adding type registration java.lang.Byte -> org.hibernate.type.BasicTypeReference@22b7ef2b
2024-01-11T01:07:27.138+05:30 DEBUG 13684 --- [           main] org.hibernate.type.BasicTypeRegistry     : Adding type registration binary -> org.hibernate.type.BasicTypeReference@6d421fe
2024-01-11T01:07:27.138+05:30 DEBUG 13684 --- [           main] org.hibernate.type.BasicTypeRegistry     : Adding type registration byte[] -> org.hibernate.type.BasicTypeReference@6d421fe
2024-01-11T01:07:27.139+05:30 DEBUG 13684 --- [           main] org.hibernate.type.BasicTypeRegistry     : Adding type registration [B -> org.hibernate.type.BasicTypeReference@6d421fe
2024-01-11T01:07:27.139+05:30 DEBUG 13684 --- [           main] org.hibernate.type.BasicTypeRegistry     : Adding type registration binary_wrapper -> org.hibernate.type.BasicTypeReference@2b098563
2024-01-11T01:07:27.139+05:30 DEBUG 13684 --- [           main] org.hibernate.type.BasicTypeRegistry     : Adding type registration wrapper-binary -> org.hibernate.type.BasicTypeReference@2b098563
2024-01-11T01:07:27.139+05:30 DEBUG 13684 --- [           main] org.hibernate.type.BasicTypeRegistry     : Adding type registration image -> org.hibernate.type.BasicTypeReference@c758a2d
2024-01-11T01:07:27.139+05:30 DEBUG 13684 --- [           main] org.hibernate.type.BasicTypeRegistry     : Adding type registration blob -> org.hibernate.type.BasicTypeReference@d0b814d
2024-01-11T01:07:27.139+05:30 DEBUG 13684 --- [           main] org.hibernate.type.BasicTypeRegistry     : Adding type registration java.sql.Blob -> org.hibernate.type.BasicTypeReference@d0b814d
2024-01-11T01:07:27.139+05:30 DEBUG 13684 --- [           main] org.hibernate.type.BasicTypeRegistry     : Adding type registration materialized_blob -> org.hibernate.type.BasicTypeReference@6ce15112
2024-01-11T01:07:27.139+05:30 DEBUG 13684 --- [           main] org.hibernate.type.BasicTypeRegistry     : Adding type registration materialized_blob_wrapper -> org.hibernate.type.BasicTypeReference@ba4f370
2024-01-11T01:07:27.139+05:30 DEBUG 13684 --- [           main] org.hibernate.type.BasicTypeRegistry     : Adding type registration short -> org.hibernate.type.BasicTypeReference@2ba024cb
2024-01-11T01:07:27.139+05:30 DEBUG 13684 --- [           main] org.hibernate.type.BasicTypeRegistry     : Adding type registration short -> org.hibernate.type.BasicTypeReference@2ba024cb
2024-01-11T01:07:27.139+05:30 DEBUG 13684 --- [           main] org.hibernate.type.BasicTypeRegistry     : Adding type registration java.lang.Short -> org.hibernate.type.BasicTypeReference@2ba024cb
2024-01-11T01:07:27.139+05:30 DEBUG 13684 --- [           main] org.hibernate.type.BasicTypeRegistry     : Adding type registration integer -> org.hibernate.type.BasicTypeReference@7af0d91b
2024-01-11T01:07:27.139+05:30 DEBUG 13684 --- [           main] org.hibernate.type.BasicTypeRegistry     : Adding type registration int -> org.hibernate.type.BasicTypeReference@7af0d91b
2024-01-11T01:07:27.139+05:30 DEBUG 13684 --- [           main] org.hibernate.type.BasicTypeRegistry     : Adding type registration java.lang.Integer -> org.hibernate.type.BasicTypeReference@7af0d91b
2024-01-11T01:07:27.139+05:30 DEBUG 13684 --- [           main] org.hibernate.type.BasicTypeRegistry     : Adding type registration long -> org.hibernate.type.BasicTypeReference@1c7f6e96
2024-01-11T01:07:27.139+05:30 DEBUG 13684 --- [           main] org.hibernate.type.BasicTypeRegistry     : Adding type registration long -> org.hibernate.type.BasicTypeReference@1c7f6e96
2024-01-11T01:07:27.139+05:30 DEBUG 13684 --- [           main] org.hibernate.type.BasicTypeRegistry     : Adding type registration java.lang.Long -> org.hibernate.type.BasicTypeReference@1c7f6e96
2024-01-11T01:07:27.139+05:30 DEBUG 13684 --- [           main] org.hibernate.type.BasicTypeRegistry     : Adding type registration float -> org.hibernate.type.BasicTypeReference@30ec211a
2024-01-11T01:07:27.139+05:30 DEBUG 13684 --- [           main] org.hibernate.type.BasicTypeRegistry     : Adding type registration float -> org.hibernate.type.BasicTypeReference@30ec211a
2024-01-11T01:07:27.139+05:30 DEBUG 13684 --- [           main] org.hibernate.type.BasicTypeRegistry     : Adding type registration java.lang.Float -> org.hibernate.type.BasicTypeReference@30ec211a
2024-01-11T01:07:27.139+05:30 DEBUG 13684 --- [           main] org.hibernate.type.BasicTypeRegistry     : Adding type registration double -> org.hibernate.type.BasicTypeReference@1ac0cdb0
2024-01-11T01:07:27.139+05:30 DEBUG 13684 --- [           main] org.hibernate.type.BasicTypeRegistry     : Adding type registration double -> org.hibernate.type.BasicTypeReference@1ac0cdb0
2024-01-11T01:07:27.139+05:30 DEBUG 13684 --- [           main] org.hibernate.type.BasicTypeRegistry     : Adding type registration java.lang.Double -> org.hibernate.type.BasicTypeReference@1ac0cdb0
2024-01-11T01:07:27.139+05:30 DEBUG 13684 --- [           main] org.hibernate.type.BasicTypeRegistry     : Adding type registration big_integer -> org.hibernate.type.BasicTypeReference@6684f7f2
2024-01-11T01:07:27.139+05:30 DEBUG 13684 --- [           main] org.hibernate.type.BasicTypeRegistry     : Adding type registration java.math.BigInteger -> org.hibernate.type.BasicTypeReference@6684f7f2
2024-01-11T01:07:27.139+05:30 DEBUG 13684 --- [           main] org.hibernate.type.BasicTypeRegistry     : Adding type registration big_decimal -> org.hibernate.type.BasicTypeReference@1682e6a
2024-01-11T01:07:27.139+05:30 DEBUG 13684 --- [           main] org.hibernate.type.BasicTypeRegistry     : Adding type registration java.math.BigDecimal -> org.hibernate.type.BasicTypeReference@1682e6a
2024-01-11T01:07:27.139+05:30 DEBUG 13684 --- [           main] org.hibernate.type.BasicTypeRegistry     : Adding type registration character -> org.hibernate.type.BasicTypeReference@505d2bac
2024-01-11T01:07:27.139+05:30 DEBUG 13684 --- [           main] org.hibernate.type.BasicTypeRegistry     : Adding type registration char -> org.hibernate.type.BasicTypeReference@505d2bac
2024-01-11T01:07:27.139+05:30 DEBUG 13684 --- [           main] org.hibernate.type.BasicTypeRegistry     : Adding type registration java.lang.Character -> org.hibernate.type.BasicTypeReference@505d2bac
2024-01-11T01:07:27.139+05:30 DEBUG 13684 --- [           main] org.hibernate.type.BasicTypeRegistry     : Adding type registration character_nchar -> org.hibernate.type.BasicTypeReference@4cecc15a
2024-01-11T01:07:27.139+05:30 DEBUG 13684 --- [           main] org.hibernate.type.BasicTypeRegistry     : Adding type registration string -> org.hibernate.type.BasicTypeReference@d969452
2024-01-11T01:07:27.139+05:30 DEBUG 13684 --- [           main] org.hibernate.type.BasicTypeRegistry     : Adding type registration java.lang.String -> org.hibernate.type.BasicTypeReference@d969452
2024-01-11T01:07:27.139+05:30 DEBUG 13684 --- [           main] org.hibernate.type.BasicTypeRegistry     : Adding type registration nstring -> org.hibernate.type.BasicTypeReference@4d4df0f4
2024-01-11T01:07:27.139+05:30 DEBUG 13684 --- [           main] org.hibernate.type.BasicTypeRegistry     : Adding type registration characters -> org.hibernate.type.BasicTypeReference@74f4a2ba
2024-01-11T01:07:27.139+05:30 DEBUG 13684 --- [           main] org.hibernate.type.BasicTypeRegistry     : Adding type registration char[] -> org.hibernate.type.BasicTypeReference@74f4a2ba
2024-01-11T01:07:27.139+05:30 DEBUG 13684 --- [           main] org.hibernate.type.BasicTypeRegistry     : Adding type registration [C -> org.hibernate.type.BasicTypeReference@74f4a2ba
2024-01-11T01:07:27.139+05:30 DEBUG 13684 --- [           main] org.hibernate.type.BasicTypeRegistry     : Adding type registration wrapper-characters -> org.hibernate.type.BasicTypeReference@5e385b6f
2024-01-11T01:07:27.139+05:30 DEBUG 13684 --- [           main] org.hibernate.type.BasicTypeRegistry     : Adding type registration text -> org.hibernate.type.BasicTypeReference@67b560fe
2024-01-11T01:07:27.139+05:30 DEBUG 13684 --- [           main] org.hibernate.type.BasicTypeRegistry     : Adding type registration ntext -> org.hibernate.type.BasicTypeReference@45dde6ac
2024-01-11T01:07:27.139+05:30 DEBUG 13684 --- [           main] org.hibernate.type.BasicTypeRegistry     : Adding type registration clob -> org.hibernate.type.BasicTypeReference@14ed7ddf
2024-01-11T01:07:27.139+05:30 DEBUG 13684 --- [           main] org.hibernate.type.BasicTypeRegistry     : Adding type registration java.sql.Clob -> org.hibernate.type.BasicTypeReference@14ed7ddf
2024-01-11T01:07:27.139+05:30 DEBUG 13684 --- [           main] org.hibernate.type.BasicTypeRegistry     : Adding type registration nclob -> org.hibernate.type.BasicTypeReference@892af0e
2024-01-11T01:07:27.139+05:30 DEBUG 13684 --- [           main] org.hibernate.type.BasicTypeRegistry     : Adding type registration java.sql.NClob -> org.hibernate.type.BasicTypeReference@892af0e
2024-01-11T01:07:27.139+05:30 DEBUG 13684 --- [           main] org.hibernate.type.BasicTypeRegistry     : Adding type registration materialized_clob -> org.hibernate.type.BasicTypeReference@446c8c72
2024-01-11T01:07:27.139+05:30 DEBUG 13684 --- [           main] org.hibernate.type.BasicTypeRegistry     : Adding type registration materialized_clob_char_array -> org.hibernate.type.BasicTypeReference@6e2eead5
2024-01-11T01:07:27.139+05:30 DEBUG 13684 --- [           main] org.hibernate.type.BasicTypeRegistry     : Adding type registration materialized_clob_character_array -> org.hibernate.type.BasicTypeReference@11d2714a
2024-01-11T01:07:27.139+05:30 DEBUG 13684 --- [           main] org.hibernate.type.BasicTypeRegistry     : Adding type registration materialized_nclob -> org.hibernate.type.BasicTypeReference@ca546a1
2024-01-11T01:07:27.139+05:30 DEBUG 13684 --- [           main] org.hibernate.type.BasicTypeRegistry     : Adding type registration materialized_nclob_character_array -> org.hibernate.type.BasicTypeReference@2c8a445b
2024-01-11T01:07:27.140+05:30 DEBUG 13684 --- [           main] org.hibernate.type.BasicTypeRegistry     : Adding type registration materialized_nclob_char_array -> org.hibernate.type.BasicTypeReference@356b6b5d
2024-01-11T01:07:27.140+05:30 DEBUG 13684 --- [           main] org.hibernate.type.BasicTypeRegistry     : Adding type registration Duration -> org.hibernate.type.BasicTypeReference@37b1149b
2024-01-11T01:07:27.140+05:30 DEBUG 13684 --- [           main] org.hibernate.type.BasicTypeRegistry     : Adding type registration java.time.Duration -> org.hibernate.type.BasicTypeReference@37b1149b
2024-01-11T01:07:27.140+05:30 DEBUG 13684 --- [           main] org.hibernate.type.BasicTypeRegistry     : Adding type registration LocalDateTime -> org.hibernate.type.BasicTypeReference@1187dc82
2024-01-11T01:07:27.140+05:30 DEBUG 13684 --- [           main] org.hibernate.type.BasicTypeRegistry     : Adding type registration java.time.LocalDateTime -> org.hibernate.type.BasicTypeReference@1187dc82
2024-01-11T01:07:27.140+05:30 DEBUG 13684 --- [           main] org.hibernate.type.BasicTypeRegistry     : Adding type registration LocalDate -> org.hibernate.type.BasicTypeReference@6fd1ea75
2024-01-11T01:07:27.140+05:30 DEBUG 13684 --- [           main] org.hibernate.type.BasicTypeRegistry     : Adding type registration java.time.LocalDate -> org.hibernate.type.BasicTypeReference@6fd1ea75
2024-01-11T01:07:27.140+05:30 DEBUG 13684 --- [           main] org.hibernate.type.BasicTypeRegistry     : Adding type registration LocalTime -> org.hibernate.type.BasicTypeReference@18e4551
2024-01-11T01:07:27.140+05:30 DEBUG 13684 --- [           main] org.hibernate.type.BasicTypeRegistry     : Adding type registration java.time.LocalTime -> org.hibernate.type.BasicTypeReference@18e4551
2024-01-11T01:07:27.140+05:30 DEBUG 13684 --- [           main] org.hibernate.type.BasicTypeRegistry     : Adding type registration OffsetDateTime -> org.hibernate.type.BasicTypeReference@3ea48c37
2024-01-11T01:07:27.140+05:30 DEBUG 13684 --- [           main] org.hibernate.type.BasicTypeRegistry     : Adding type registration java.time.OffsetDateTime -> org.hibernate.type.BasicTypeReference@3ea48c37
2024-01-11T01:07:27.140+05:30 DEBUG 13684 --- [           main] org.hibernate.type.BasicTypeRegistry     : Adding type registration OffsetDateTimeWithTimezone -> org.hibernate.type.BasicTypeReference@11e834ad
2024-01-11T01:07:27.141+05:30 DEBUG 13684 --- [           main] org.hibernate.type.BasicTypeRegistry     : Adding type registration OffsetDateTimeWithoutTimezone -> org.hibernate.type.BasicTypeReference@710ae6a7
2024-01-11T01:07:27.141+05:30 DEBUG 13684 --- [           main] org.hibernate.type.BasicTypeRegistry     : Adding type registration OffsetTime -> org.hibernate.type.BasicTypeReference@25d911a
2024-01-11T01:07:27.141+05:30 DEBUG 13684 --- [           main] org.hibernate.type.BasicTypeRegistry     : Adding type registration java.time.OffsetTime -> org.hibernate.type.BasicTypeReference@25d911a
2024-01-11T01:07:27.141+05:30 DEBUG 13684 --- [           main] org.hibernate.type.BasicTypeRegistry     : Adding type registration OffsetTimeUtc -> org.hibernate.type.BasicTypeReference@18026052
2024-01-11T01:07:27.141+05:30 DEBUG 13684 --- [           main] org.hibernate.type.BasicTypeRegistry     : Adding type registration OffsetTimeWithTimezone -> org.hibernate.type.BasicTypeReference@489f62a3
2024-01-11T01:07:27.141+05:30 DEBUG 13684 --- [           main] org.hibernate.type.BasicTypeRegistry     : Adding type registration OffsetTimeWithoutTimezone -> org.hibernate.type.BasicTypeReference@6e068ac9
2024-01-11T01:07:27.141+05:30 DEBUG 13684 --- [           main] org.hibernate.type.BasicTypeRegistry     : Adding type registration ZonedDateTime -> org.hibernate.type.BasicTypeReference@3d0352
2024-01-11T01:07:27.141+05:30 DEBUG 13684 --- [           main] org.hibernate.type.BasicTypeRegistry     : Adding type registration java.time.ZonedDateTime -> org.hibernate.type.BasicTypeReference@3d0352
2024-01-11T01:07:27.141+05:30 DEBUG 13684 --- [           main] org.hibernate.type.BasicTypeRegistry     : Adding type registration ZonedDateTimeWithTimezone -> org.hibernate.type.BasicTypeReference@bb6f3f7
2024-01-11T01:07:27.141+05:30 DEBUG 13684 --- [           main] org.hibernate.type.BasicTypeRegistry     : Adding type registration ZonedDateTimeWithoutTimezone -> org.hibernate.type.BasicTypeReference@388f1258
2024-01-11T01:07:27.141+05:30 DEBUG 13684 --- [           main] org.hibernate.type.BasicTypeRegistry     : Adding type registration date -> org.hibernate.type.BasicTypeReference@62058742
2024-01-11T01:07:27.141+05:30 DEBUG 13684 --- [           main] org.hibernate.type.BasicTypeRegistry     : Adding type registration java.sql.Date -> org.hibernate.type.BasicTypeReference@62058742
2024-01-11T01:07:27.141+05:30 DEBUG 13684 --- [           main] org.hibernate.type.BasicTypeRegistry     : Adding type registration time -> org.hibernate.type.BasicTypeReference@aca2fc3
2024-01-11T01:07:27.141+05:30 DEBUG 13684 --- [           main] org.hibernate.type.BasicTypeRegistry     : Adding type registration java.sql.Time -> org.hibernate.type.BasicTypeReference@aca2fc3
2024-01-11T01:07:27.141+05:30 DEBUG 13684 --- [           main] org.hibernate.type.BasicTypeRegistry     : Adding type registration timestamp -> org.hibernate.type.BasicTypeReference@36df4c26
2024-01-11T01:07:27.141+05:30 DEBUG 13684 --- [           main] org.hibernate.type.BasicTypeRegistry     : Adding type registration java.sql.Timestamp -> org.hibernate.type.BasicTypeReference@36df4c26
2024-01-11T01:07:27.141+05:30 DEBUG 13684 --- [           main] org.hibernate.type.BasicTypeRegistry     : Adding type registration java.util.Date -> org.hibernate.type.BasicTypeReference@36df4c26
2024-01-11T01:07:27.141+05:30 DEBUG 13684 --- [           main] org.hibernate.type.BasicTypeRegistry     : Adding type registration calendar -> org.hibernate.type.BasicTypeReference@76828577
2024-01-11T01:07:27.141+05:30 DEBUG 13684 --- [           main] org.hibernate.type.BasicTypeRegistry     : Adding type registration java.util.Calendar -> org.hibernate.type.BasicTypeReference@76828577
2024-01-11T01:07:27.141+05:30 DEBUG 13684 --- [           main] org.hibernate.type.BasicTypeRegistry     : Adding type registration java.util.GregorianCalendar -> org.hibernate.type.BasicTypeReference@76828577
2024-01-11T01:07:27.141+05:30 DEBUG 13684 --- [           main] org.hibernate.type.BasicTypeRegistry     : Adding type registration calendar_date -> org.hibernate.type.BasicTypeReference@38732372
2024-01-11T01:07:27.141+05:30 DEBUG 13684 --- [           main] org.hibernate.type.BasicTypeRegistry     : Adding type registration calendar_time -> org.hibernate.type.BasicTypeReference@639cb788
2024-01-11T01:07:27.141+05:30 DEBUG 13684 --- [           main] org.hibernate.type.BasicTypeRegistry     : Adding type registration instant -> org.hibernate.type.BasicTypeReference@2fee69a1
2024-01-11T01:07:27.141+05:30 DEBUG 13684 --- [           main] org.hibernate.type.BasicTypeRegistry     : Adding type registration java.time.Instant -> org.hibernate.type.BasicTypeReference@2fee69a1
2024-01-11T01:07:27.141+05:30 DEBUG 13684 --- [           main] org.hibernate.type.BasicTypeRegistry     : Adding type registration uuid -> org.hibernate.type.BasicTypeReference@4d25f816
2024-01-11T01:07:27.141+05:30 DEBUG 13684 --- [           main] org.hibernate.type.BasicTypeRegistry     : Adding type registration java.util.UUID -> org.hibernate.type.BasicTypeReference@4d25f816
2024-01-11T01:07:27.141+05:30 DEBUG 13684 --- [           main] org.hibernate.type.BasicTypeRegistry     : Adding type registration pg-uuid -> org.hibernate.type.BasicTypeReference@4d25f816
2024-01-11T01:07:27.141+05:30 DEBUG 13684 --- [           main] org.hibernate.type.BasicTypeRegistry     : Adding type registration uuid-binary -> org.hibernate.type.BasicTypeReference@6c6c2a73
2024-01-11T01:07:27.141+05:30 DEBUG 13684 --- [           main] org.hibernate.type.BasicTypeRegistry     : Adding type registration uuid-char -> org.hibernate.type.BasicTypeReference@6a4af081
2024-01-11T01:07:27.141+05:30 DEBUG 13684 --- [           main] org.hibernate.type.BasicTypeRegistry     : Adding type registration class -> org.hibernate.type.BasicTypeReference@36b53f08
2024-01-11T01:07:27.142+05:30 DEBUG 13684 --- [           main] org.hibernate.type.BasicTypeRegistry     : Adding type registration java.lang.Class -> org.hibernate.type.BasicTypeReference@36b53f08
2024-01-11T01:07:27.142+05:30 DEBUG 13684 --- [           main] org.hibernate.type.BasicTypeRegistry     : Adding type registration currency -> org.hibernate.type.BasicTypeReference@54329480
2024-01-11T01:07:27.142+05:30 DEBUG 13684 --- [           main] org.hibernate.type.BasicTypeRegistry     : Adding type registration Currency -> org.hibernate.type.BasicTypeReference@54329480
2024-01-11T01:07:27.142+05:30 DEBUG 13684 --- [           main] org.hibernate.type.BasicTypeRegistry     : Adding type registration java.util.Currency -> org.hibernate.type.BasicTypeReference@54329480
2024-01-11T01:07:27.142+05:30 DEBUG 13684 --- [           main] org.hibernate.type.BasicTypeRegistry     : Adding type registration locale -> org.hibernate.type.BasicTypeReference@590013c7
2024-01-11T01:07:27.142+05:30 DEBUG 13684 --- [           main] org.hibernate.type.BasicTypeRegistry     : Adding type registration java.util.Locale -> org.hibernate.type.BasicTypeReference@590013c7
2024-01-11T01:07:27.142+05:30 DEBUG 13684 --- [           main] org.hibernate.type.BasicTypeRegistry     : Adding type registration serializable -> org.hibernate.type.BasicTypeReference@64f32e9e
2024-01-11T01:07:27.142+05:30 DEBUG 13684 --- [           main] org.hibernate.type.BasicTypeRegistry     : Adding type registration java.io.Serializable -> org.hibernate.type.BasicTypeReference@64f32e9e
2024-01-11T01:07:27.142+05:30 DEBUG 13684 --- [           main] org.hibernate.type.BasicTypeRegistry     : Adding type registration timezone -> org.hibernate.type.BasicTypeReference@7b211077
2024-01-11T01:07:27.142+05:30 DEBUG 13684 --- [           main] org.hibernate.type.BasicTypeRegistry     : Adding type registration java.util.TimeZone -> org.hibernate.type.BasicTypeReference@7b211077
2024-01-11T01:07:27.142+05:30 DEBUG 13684 --- [           main] org.hibernate.type.BasicTypeRegistry     : Adding type registration ZoneOffset -> org.hibernate.type.BasicTypeReference@3b770d07
2024-01-11T01:07:27.142+05:30 DEBUG 13684 --- [           main] org.hibernate.type.BasicTypeRegistry     : Adding type registration java.time.ZoneOffset -> org.hibernate.type.BasicTypeReference@3b770d07
2024-01-11T01:07:27.142+05:30 DEBUG 13684 --- [           main] org.hibernate.type.BasicTypeRegistry     : Adding type registration url -> org.hibernate.type.BasicTypeReference@62b0bf85
2024-01-11T01:07:27.142+05:30 DEBUG 13684 --- [           main] org.hibernate.type.BasicTypeRegistry     : Adding type registration java.net.URL -> org.hibernate.type.BasicTypeReference@62b0bf85
2024-01-11T01:07:27.142+05:30 DEBUG 13684 --- [           main] org.hibernate.type.BasicTypeRegistry     : Adding type registration vector -> org.hibernate.type.BasicTypeReference@1fcaea93
2024-01-11T01:07:27.142+05:30 DEBUG 13684 --- [           main] org.hibernate.type.BasicTypeRegistry     : Adding type registration row_version -> org.hibernate.type.BasicTypeReference@6c9bf3b5
2024-01-11T01:07:27.142+05:30 DEBUG 13684 --- [           main] org.hibernate.type.BasicTypeRegistry     : Adding type registration object -> org.hibernate.type.JavaObjectType@baa227e
2024-01-11T01:07:27.142+05:30 DEBUG 13684 --- [           main] org.hibernate.type.BasicTypeRegistry     : Adding type registration java.lang.Object -> org.hibernate.type.JavaObjectType@baa227e
2024-01-11T01:07:27.142+05:30 DEBUG 13684 --- [           main] org.hibernate.type.BasicTypeRegistry     : Adding type registration null -> org.hibernate.type.NullType@1b3bec6c
2024-01-11T01:07:27.142+05:30 DEBUG 13684 --- [           main] org.hibernate.type.BasicTypeRegistry     : Adding type registration imm_date -> org.hibernate.type.BasicTypeReference@28a50dec
2024-01-11T01:07:27.142+05:30 DEBUG 13684 --- [           main] org.hibernate.type.BasicTypeRegistry     : Adding type registration imm_time -> org.hibernate.type.BasicTypeReference@1c8020c6
2024-01-11T01:07:27.142+05:30 DEBUG 13684 --- [           main] org.hibernate.type.BasicTypeRegistry     : Adding type registration imm_timestamp -> org.hibernate.type.BasicTypeReference@46febe84
2024-01-11T01:07:27.142+05:30 DEBUG 13684 --- [           main] org.hibernate.type.BasicTypeRegistry     : Adding type registration imm_calendar -> org.hibernate.type.BasicTypeReference@5174b135
2024-01-11T01:07:27.142+05:30 DEBUG 13684 --- [           main] org.hibernate.type.BasicTypeRegistry     : Adding type registration imm_calendar_date -> org.hibernate.type.BasicTypeReference@513e0c9a
2024-01-11T01:07:27.142+05:30 DEBUG 13684 --- [           main] org.hibernate.type.BasicTypeRegistry     : Adding type registration imm_calendar_time -> org.hibernate.type.BasicTypeReference@4c25906b
2024-01-11T01:07:27.142+05:30 DEBUG 13684 --- [           main] org.hibernate.type.BasicTypeRegistry     : Adding type registration imm_binary -> org.hibernate.type.BasicTypeReference@7f1c1df5
2024-01-11T01:07:27.142+05:30 DEBUG 13684 --- [           main] org.hibernate.type.BasicTypeRegistry     : Adding type registration imm_serializable -> org.hibernate.type.BasicTypeReference@b95e63a
2024-01-11T01:07:27.148+05:30  INFO 13684 --- [           main] o.s.o.j.p.SpringPersistenceUnitInfo      : No LoadTimeWeaver setup: ignoring JPA class transformer
2024-01-11T01:07:27.150+05:30 DEBUG 13684 --- [           main] o.h.t.d.jdbc.spi.JdbcTypeRegistry        : addDescriptor(NCharTypeDescriptor) replaced previous registration(CharTypeDescriptor)
2024-01-11T01:07:27.151+05:30 DEBUG 13684 --- [           main] o.h.t.d.jdbc.spi.JdbcTypeRegistry        : addDescriptor(NVarcharTypeDescriptor) replaced previous registration(VarcharTypeDescriptor)
2024-01-11T01:07:27.151+05:30 DEBUG 13684 --- [           main] o.h.t.d.jdbc.spi.JdbcTypeRegistry        : addDescriptor(LongNVarcharTypeDescriptor) replaced previous registration(LongVarcharTypeDescriptor)
2024-01-11T01:07:27.151+05:30 DEBUG 13684 --- [           main] o.h.t.d.jdbc.spi.JdbcTypeRegistry        : addDescriptor(NClobTypeDescriptor(DEFAULT)) replaced previous registration(ClobTypeDescriptor(DEFAULT))
2024-01-11T01:07:27.151+05:30 DEBUG 13684 --- [           main] o.h.t.d.jdbc.spi.JdbcTypeRegistry        : addDescriptor(2005, ClobTypeDescriptor(STREAM_BINDING)) replaced previous registration(ClobTypeDescriptor(DEFAULT))
2024-01-11T01:07:27.151+05:30 DEBUG 13684 --- [           main] o.h.t.d.jdbc.spi.JdbcTypeRegistry        : addDescriptor(TimestampUtcDescriptor) replaced previous registration(TimestampUtcDescriptor)
2024-01-11T01:07:27.151+05:30 DEBUG 13684 --- [           main] org.hibernate.type.BasicTypeRegistry     : Adding type registration org.hibernate.type.DurationType -> basicType@67(java.time.Duration,2)
2024-01-11T01:07:27.151+05:30 DEBUG 13684 --- [           main] org.hibernate.type.BasicTypeRegistry     : Adding type registration Duration -> basicType@67(java.time.Duration,2)
2024-01-11T01:07:27.151+05:30 DEBUG 13684 --- [           main] org.hibernate.type.BasicTypeRegistry     : Adding type registration java.time.Duration -> basicType@67(java.time.Duration,2)
2024-01-11T01:07:27.151+05:30 DEBUG 13684 --- [           main] o.h.type.spi.TypeConfiguration$Scope     : Scoping TypeConfiguration [org.hibernate.type.spi.TypeConfiguration@28fb3476] to MetadataBuildingContext [org.hibernate.boot.internal.MetadataBuildingContextRootImpl@228ec493]
2024-01-11T01:07:27.187+05:30  WARN 13684 --- [           main] org.hibernate.orm.cache                  : HHH90001006: Missing cache[com.in28minutes.jpa.hibernate.demo.entity.Course] was created on-the-fly. The created cache will use a provider-specific default configuration: make sure you defined one. You can disable this warning by setting 'hibernate.javax.cache.missing_cache_strategy' to 'create'.
2024-01-11T01:07:27.190+05:30  INFO 13684 --- [           main] org.ehcache.core.EhcacheManager          : Cache 'com.in28minutes.jpa.hibernate.demo.entity.Course' created in EhcacheManager.
2024-01-11T01:07:27.247+05:30  INFO 13684 --- [           main] o.h.e.t.j.p.i.JtaPlatformInitiator       : HHH000489: No JTA platform available (set 'hibernate.transaction.jta.platform' to enable JTA platform integration)
2024-01-11T01:07:27.247+05:30 DEBUG 13684 --- [           main] o.h.type.spi.TypeConfiguration$Scope     : Scoping TypeConfiguration [org.hibernate.type.spi.TypeConfiguration@28fb3476] to SessionFactoryImplementor [org.hibernate.internal.SessionFactoryImpl@52b3a9c6]
2024-01-11T01:07:27.247+05:30 DEBUG 13684 --- [           main] o.h.stat.internal.StatisticsInitiator    : Statistics initialized [enabled=true]
Hibernate: 
    drop table if exists course cascade 
Hibernate: 
    drop table if exists full_time_employee cascade 
Hibernate: 
    drop table if exists part_time_employee cascade 
Hibernate: 
    drop table if exists passport cascade 
Hibernate: 
    drop table if exists review cascade 
Hibernate: 
    drop table if exists student cascade 
Hibernate: 
    drop table if exists student_course cascade 
Hibernate: 
    drop sequence if exists course_seq
Hibernate: 
    drop sequence if exists full_time_employee_seq
Hibernate: 
    drop sequence if exists part_time_employee_seq
Hibernate: 
    drop sequence if exists passport_seq
Hibernate: 
    drop sequence if exists review_seq
Hibernate: 
    drop sequence if exists student_seq
Hibernate: 
    create sequence course_seq start with 1 increment by 50
Hibernate: 
    create sequence full_time_employee_seq start with 1 increment by 50
Hibernate: 
    create sequence part_time_employee_seq start with 1 increment by 50
Hibernate: 
    create sequence passport_seq start with 1 increment by 50
Hibernate: 
    create sequence review_seq start with 1 increment by 50
Hibernate: 
    create sequence student_seq start with 1 increment by 50
Hibernate: 
    create table course (
        is_deleted boolean not null,
        created_date timestamp(6),
        id bigint not null,
        last_updated_date timestamp(6),
        name varchar(255) not null,
        primary key (id)
    )
Hibernate: 
    create table full_time_employee (
        salary numeric(38,2),
        id bigint not null,
        name varchar(255) not null,
        primary key (id)
    )
Hibernate: 
    create table part_time_employee (
        hourly_wage numeric(38,2),
        id bigint not null,
        name varchar(255) not null,
        primary key (id)
    )
Hibernate: 
    create table passport (
        id bigint not null,
        number varchar(255) not null,
        primary key (id)
    )
Hibernate: 
    create table review (
        course_id bigint,
        id bigint not null,
        description varchar(255),
        rating varchar(255) check (rating in ('ZERO','ONE','TWO','THREE','FOUR','FIVE')),
        primary key (id)
    )
Hibernate: 
    create table student (
        id bigint not null,
        passport_id bigint unique,
        city varchar(255),
        line1 varchar(255),
        line2 varchar(255),
        name varchar(255) not null,
        primary key (id)
    )
Hibernate: 
    create table student_course (
        course_id bigint not null,
        student_id bigint not null
    )
Hibernate: 
    alter table if exists review 
       add constraint FKprox8elgnr8u5wrq1983degk 
       foreign key (course_id) 
       references course
Hibernate: 
    alter table if exists student 
       add constraint FK6i2dofwfuu97njtfprqv68pib 
       foreign key (passport_id) 
       references passport
Hibernate: 
    alter table if exists student_course 
       add constraint FKejrkh4gv8iqgmspsanaji90ws 
       foreign key (course_id) 
       references course
Hibernate: 
    alter table if exists student_course 
       add constraint FKq7yw2wg9wlt2cnj480hcdn6dq 
       foreign key (student_id) 
       references student
2024-01-11T01:07:27.261+05:30 TRACE 13684 --- [           main] o.h.type.spi.TypeConfiguration$Scope     : Handling #sessionFactoryCreated from [org.hibernate.internal.SessionFactoryImpl@52b3a9c6] for TypeConfiguration
2024-01-11T01:07:27.261+05:30  INFO 13684 --- [           main] j.LocalContainerEntityManagerFactoryBean : Initialized JPA EntityManagerFactory for persistence unit 'default'
2024-01-11T01:07:27.307+05:30  WARN 13684 --- [           main] JpaBaseConfiguration$JpaWebConfiguration : spring.jpa.open-in-view is enabled by default. Therefore, database queries may be performed during view rendering. Explicitly configure spring.jpa.open-in-view to disable this warning
2024-01-11T01:07:27.340+05:30  INFO 13684 --- [           main] i.StatisticalLoggingSessionEventListener : Session Metrics {
    0 nanoseconds spent acquiring 0 JDBC connections;
    0 nanoseconds spent releasing 0 JDBC connections;
    0 nanoseconds spent preparing 0 JDBC statements;
    0 nanoseconds spent executing 0 JDBC statements;
    0 nanoseconds spent executing 0 JDBC batches;
    0 nanoseconds spent performing 0 L2C puts;
    0 nanoseconds spent performing 0 L2C hits;
    0 nanoseconds spent performing 0 L2C misses;
    0 nanoseconds spent executing 0 flushes (flushing a total of 0 entities and 0 collections);
    0 nanoseconds spent executing 0 partial-flushes (flushing a total of 0 entities and 0 collections)
}
2024-01-11T01:07:27.361+05:30  INFO 13684 --- [           main] i.StatisticalLoggingSessionEventListener : Session Metrics {
    0 nanoseconds spent acquiring 0 JDBC connections;
    0 nanoseconds spent releasing 0 JDBC connections;
    0 nanoseconds spent preparing 0 JDBC statements;
    0 nanoseconds spent executing 0 JDBC statements;
    0 nanoseconds spent executing 0 JDBC batches;
    0 nanoseconds spent performing 0 L2C puts;
    0 nanoseconds spent performing 0 L2C hits;
    0 nanoseconds spent performing 0 L2C misses;
    0 nanoseconds spent executing 0 flushes (flushing a total of 0 entities and 0 collections);
    0 nanoseconds spent executing 0 partial-flushes (flushing a total of 0 entities and 0 collections)
}
2024-01-11T01:07:27.379+05:30  INFO 13684 --- [           main] i.StatisticalLoggingSessionEventListener : Session Metrics {
    0 nanoseconds spent acquiring 0 JDBC connections;
    0 nanoseconds spent releasing 0 JDBC connections;
    0 nanoseconds spent preparing 0 JDBC statements;
    0 nanoseconds spent executing 0 JDBC statements;
    0 nanoseconds spent executing 0 JDBC batches;
    0 nanoseconds spent performing 0 L2C puts;
    0 nanoseconds spent performing 0 L2C hits;
    0 nanoseconds spent performing 0 L2C misses;
    0 nanoseconds spent executing 0 flushes (flushing a total of 0 entities and 0 collections);
    0 nanoseconds spent executing 0 partial-flushes (flushing a total of 0 entities and 0 collections)
}
2024-01-11T01:07:27.379+05:30  INFO 13684 --- [           main] i.StatisticalLoggingSessionEventListener : Session Metrics {
    0 nanoseconds spent acquiring 0 JDBC connections;
    0 nanoseconds spent releasing 0 JDBC connections;
    0 nanoseconds spent preparing 0 JDBC statements;
    0 nanoseconds spent executing 0 JDBC statements;
    0 nanoseconds spent executing 0 JDBC batches;
    0 nanoseconds spent performing 0 L2C puts;
    0 nanoseconds spent performing 0 L2C hits;
    0 nanoseconds spent performing 0 L2C misses;
    0 nanoseconds spent executing 0 flushes (flushing a total of 0 entities and 0 collections);
    0 nanoseconds spent executing 0 partial-flushes (flushing a total of 0 entities and 0 collections)
}
2024-01-11T01:07:27.379+05:30  INFO 13684 --- [           main] i.StatisticalLoggingSessionEventListener : Session Metrics {
    0 nanoseconds spent acquiring 0 JDBC connections;
    0 nanoseconds spent releasing 0 JDBC connections;
    0 nanoseconds spent preparing 0 JDBC statements;
    0 nanoseconds spent executing 0 JDBC statements;
    0 nanoseconds spent executing 0 JDBC batches;
    0 nanoseconds spent performing 0 L2C puts;
    0 nanoseconds spent performing 0 L2C hits;
    0 nanoseconds spent performing 0 L2C misses;
    0 nanoseconds spent executing 0 flushes (flushing a total of 0 entities and 0 collections);
    0 nanoseconds spent executing 0 partial-flushes (flushing a total of 0 entities and 0 collections)
}
2024-01-11T01:07:27.381+05:30  INFO 13684 --- [           main] i.StatisticalLoggingSessionEventListener : Session Metrics {
    0 nanoseconds spent acquiring 0 JDBC connections;
    0 nanoseconds spent releasing 0 JDBC connections;
    0 nanoseconds spent preparing 0 JDBC statements;
    0 nanoseconds spent executing 0 JDBC statements;
    0 nanoseconds spent executing 0 JDBC batches;
    0 nanoseconds spent performing 0 L2C puts;
    0 nanoseconds spent performing 0 L2C hits;
    0 nanoseconds spent performing 0 L2C misses;
    0 nanoseconds spent executing 0 flushes (flushing a total of 0 entities and 0 collections);
    0 nanoseconds spent executing 0 partial-flushes (flushing a total of 0 entities and 0 collections)
}
2024-01-11T01:07:27.381+05:30  INFO 13684 --- [           main] i.StatisticalLoggingSessionEventListener : Session Metrics {
    0 nanoseconds spent acquiring 0 JDBC connections;
    0 nanoseconds spent releasing 0 JDBC connections;
    0 nanoseconds spent preparing 0 JDBC statements;
    0 nanoseconds spent executing 0 JDBC statements;
    0 nanoseconds spent executing 0 JDBC batches;
    0 nanoseconds spent performing 0 L2C puts;
    0 nanoseconds spent performing 0 L2C hits;
    0 nanoseconds spent performing 0 L2C misses;
    0 nanoseconds spent executing 0 flushes (flushing a total of 0 entities and 0 collections);
    0 nanoseconds spent executing 0 partial-flushes (flushing a total of 0 entities and 0 collections)
}
2024-01-11T01:07:27.382+05:30  INFO 13684 --- [           main] i.StatisticalLoggingSessionEventListener : Session Metrics {
    0 nanoseconds spent acquiring 0 JDBC connections;
    0 nanoseconds spent releasing 0 JDBC connections;
    0 nanoseconds spent preparing 0 JDBC statements;
    0 nanoseconds spent executing 0 JDBC statements;
    0 nanoseconds spent executing 0 JDBC batches;
    0 nanoseconds spent performing 0 L2C puts;
    0 nanoseconds spent performing 0 L2C hits;
    0 nanoseconds spent performing 0 L2C misses;
    0 nanoseconds spent executing 0 flushes (flushing a total of 0 entities and 0 collections);
    0 nanoseconds spent executing 0 partial-flushes (flushing a total of 0 entities and 0 collections)
}
2024-01-11T01:07:27.383+05:30  INFO 13684 --- [           main] i.StatisticalLoggingSessionEventListener : Session Metrics {
    0 nanoseconds spent acquiring 0 JDBC connections;
    0 nanoseconds spent releasing 0 JDBC connections;
    0 nanoseconds spent preparing 0 JDBC statements;
    0 nanoseconds spent executing 0 JDBC statements;
    0 nanoseconds spent executing 0 JDBC batches;
    0 nanoseconds spent performing 0 L2C puts;
    0 nanoseconds spent performing 0 L2C hits;
    0 nanoseconds spent performing 0 L2C misses;
    0 nanoseconds spent executing 0 flushes (flushing a total of 0 entities and 0 collections);
    0 nanoseconds spent executing 0 partial-flushes (flushing a total of 0 entities and 0 collections)
}
2024-01-11T01:07:27.387+05:30  INFO 13684 --- [           main] i.StatisticalLoggingSessionEventListener : Session Metrics {
    0 nanoseconds spent acquiring 0 JDBC connections;
    0 nanoseconds spent releasing 0 JDBC connections;
    0 nanoseconds spent preparing 0 JDBC statements;
    0 nanoseconds spent executing 0 JDBC statements;
    0 nanoseconds spent executing 0 JDBC batches;
    0 nanoseconds spent performing 0 L2C puts;
    0 nanoseconds spent performing 0 L2C hits;
    0 nanoseconds spent performing 0 L2C misses;
    0 nanoseconds spent executing 0 flushes (flushing a total of 0 entities and 0 collections);
    0 nanoseconds spent executing 0 partial-flushes (flushing a total of 0 entities and 0 collections)
}
2024-01-11T01:07:27.387+05:30  INFO 13684 --- [           main] i.StatisticalLoggingSessionEventListener : Session Metrics {
    0 nanoseconds spent acquiring 0 JDBC connections;
    0 nanoseconds spent releasing 0 JDBC connections;
    0 nanoseconds spent preparing 0 JDBC statements;
    0 nanoseconds spent executing 0 JDBC statements;
    0 nanoseconds spent executing 0 JDBC batches;
    0 nanoseconds spent performing 0 L2C puts;
    0 nanoseconds spent performing 0 L2C hits;
    0 nanoseconds spent performing 0 L2C misses;
    0 nanoseconds spent executing 0 flushes (flushing a total of 0 entities and 0 collections);
    0 nanoseconds spent executing 0 partial-flushes (flushing a total of 0 entities and 0 collections)
}
2024-01-11T01:07:27.388+05:30  INFO 13684 --- [           main] i.StatisticalLoggingSessionEventListener : Session Metrics {
    0 nanoseconds spent acquiring 0 JDBC connections;
    0 nanoseconds spent releasing 0 JDBC connections;
    0 nanoseconds spent preparing 0 JDBC statements;
    0 nanoseconds spent executing 0 JDBC statements;
    0 nanoseconds spent executing 0 JDBC batches;
    0 nanoseconds spent performing 0 L2C puts;
    0 nanoseconds spent performing 0 L2C hits;
    0 nanoseconds spent performing 0 L2C misses;
    0 nanoseconds spent executing 0 flushes (flushing a total of 0 entities and 0 collections);
    0 nanoseconds spent executing 0 partial-flushes (flushing a total of 0 entities and 0 collections)
}
2024-01-11T01:07:27.391+05:30  INFO 13684 --- [           main] i.StatisticalLoggingSessionEventListener : Session Metrics {
    0 nanoseconds spent acquiring 0 JDBC connections;
    0 nanoseconds spent releasing 0 JDBC connections;
    0 nanoseconds spent preparing 0 JDBC statements;
    0 nanoseconds spent executing 0 JDBC statements;
    0 nanoseconds spent executing 0 JDBC batches;
    0 nanoseconds spent performing 0 L2C puts;
    0 nanoseconds spent performing 0 L2C hits;
    0 nanoseconds spent performing 0 L2C misses;
    0 nanoseconds spent executing 0 flushes (flushing a total of 0 entities and 0 collections);
    0 nanoseconds spent executing 0 partial-flushes (flushing a total of 0 entities and 0 collections)
}
2024-01-11T01:07:27.391+05:30  INFO 13684 --- [           main] i.StatisticalLoggingSessionEventListener : Session Metrics {
    0 nanoseconds spent acquiring 0 JDBC connections;
    0 nanoseconds spent releasing 0 JDBC connections;
    0 nanoseconds spent preparing 0 JDBC statements;
    0 nanoseconds spent executing 0 JDBC statements;
    0 nanoseconds spent executing 0 JDBC batches;
    0 nanoseconds spent performing 0 L2C puts;
    0 nanoseconds spent performing 0 L2C hits;
    0 nanoseconds spent performing 0 L2C misses;
    0 nanoseconds spent executing 0 flushes (flushing a total of 0 entities and 0 collections);
    0 nanoseconds spent executing 0 partial-flushes (flushing a total of 0 entities and 0 collections)
}
2024-01-11T01:07:27.394+05:30  INFO 13684 --- [           main] i.StatisticalLoggingSessionEventListener : Session Metrics {
    0 nanoseconds spent acquiring 0 JDBC connections;
    0 nanoseconds spent releasing 0 JDBC connections;
    0 nanoseconds spent preparing 0 JDBC statements;
    0 nanoseconds spent executing 0 JDBC statements;
    0 nanoseconds spent executing 0 JDBC batches;
    0 nanoseconds spent performing 0 L2C puts;
    0 nanoseconds spent performing 0 L2C hits;
    0 nanoseconds spent performing 0 L2C misses;
    0 nanoseconds spent executing 0 flushes (flushing a total of 0 entities and 0 collections);
    0 nanoseconds spent executing 0 partial-flushes (flushing a total of 0 entities and 0 collections)
}
2024-01-11T01:07:27.394+05:30  INFO 13684 --- [           main] i.StatisticalLoggingSessionEventListener : Session Metrics {
    0 nanoseconds spent acquiring 0 JDBC connections;
    0 nanoseconds spent releasing 0 JDBC connections;
    0 nanoseconds spent preparing 0 JDBC statements;
    0 nanoseconds spent executing 0 JDBC statements;
    0 nanoseconds spent executing 0 JDBC batches;
    0 nanoseconds spent performing 0 L2C puts;
    0 nanoseconds spent performing 0 L2C hits;
    0 nanoseconds spent performing 0 L2C misses;
    0 nanoseconds spent executing 0 flushes (flushing a total of 0 entities and 0 collections);
    0 nanoseconds spent executing 0 partial-flushes (flushing a total of 0 entities and 0 collections)
}
2024-01-11T01:07:27.395+05:30  INFO 13684 --- [           main] i.StatisticalLoggingSessionEventListener : Session Metrics {
    0 nanoseconds spent acquiring 0 JDBC connections;
    0 nanoseconds spent releasing 0 JDBC connections;
    0 nanoseconds spent preparing 0 JDBC statements;
    0 nanoseconds spent executing 0 JDBC statements;
    0 nanoseconds spent executing 0 JDBC batches;
    0 nanoseconds spent performing 0 L2C puts;
    0 nanoseconds spent performing 0 L2C hits;
    0 nanoseconds spent performing 0 L2C misses;
    0 nanoseconds spent executing 0 flushes (flushing a total of 0 entities and 0 collections);
    0 nanoseconds spent executing 0 partial-flushes (flushing a total of 0 entities and 0 collections)
}
2024-01-11T01:07:27.395+05:30  INFO 13684 --- [           main] i.StatisticalLoggingSessionEventListener : Session Metrics {
    0 nanoseconds spent acquiring 0 JDBC connections;
    0 nanoseconds spent releasing 0 JDBC connections;
    0 nanoseconds spent preparing 0 JDBC statements;
    0 nanoseconds spent executing 0 JDBC statements;
    0 nanoseconds spent executing 0 JDBC batches;
    0 nanoseconds spent performing 0 L2C puts;
    0 nanoseconds spent performing 0 L2C hits;
    0 nanoseconds spent performing 0 L2C misses;
    0 nanoseconds spent executing 0 flushes (flushing a total of 0 entities and 0 collections);
    0 nanoseconds spent executing 0 partial-flushes (flushing a total of 0 entities and 0 collections)
}
2024-01-11T01:07:27.397+05:30  INFO 13684 --- [           main] i.StatisticalLoggingSessionEventListener : Session Metrics {
    0 nanoseconds spent acquiring 0 JDBC connections;
    0 nanoseconds spent releasing 0 JDBC connections;
    0 nanoseconds spent preparing 0 JDBC statements;
    0 nanoseconds spent executing 0 JDBC statements;
    0 nanoseconds spent executing 0 JDBC batches;
    0 nanoseconds spent performing 0 L2C puts;
    0 nanoseconds spent performing 0 L2C hits;
    0 nanoseconds spent performing 0 L2C misses;
    0 nanoseconds spent executing 0 flushes (flushing a total of 0 entities and 0 collections);
    0 nanoseconds spent executing 0 partial-flushes (flushing a total of 0 entities and 0 collections)
}
2024-01-11T01:07:27.397+05:30  INFO 13684 --- [           main] i.StatisticalLoggingSessionEventListener : Session Metrics {
    0 nanoseconds spent acquiring 0 JDBC connections;
    0 nanoseconds spent releasing 0 JDBC connections;
    0 nanoseconds spent preparing 0 JDBC statements;
    0 nanoseconds spent executing 0 JDBC statements;
    0 nanoseconds spent executing 0 JDBC batches;
    0 nanoseconds spent performing 0 L2C puts;
    0 nanoseconds spent performing 0 L2C hits;
    0 nanoseconds spent performing 0 L2C misses;
    0 nanoseconds spent executing 0 flushes (flushing a total of 0 entities and 0 collections);
    0 nanoseconds spent executing 0 partial-flushes (flushing a total of 0 entities and 0 collections)
}
2024-01-11T01:07:27.530+05:30  INFO 13684 --- [           main] o.s.b.a.h2.H2ConsoleAutoConfiguration    : H2 console available at '/h2-console'. Database available at 'jdbc:h2:mem:testdb'
2024-01-11T01:07:27.554+05:30  INFO 13684 --- [           main] c.i.j.h.d.r.CourseRepositoryTest         : Started CourseRepositoryTest in 0.7 seconds (process running for 12.068)
Hibernate: 
    select
        c1_0.id,
        c1_0.created_date,
        c1_0.is_deleted,
        c1_0.last_updated_date,
        c1_0.name 
    from
        course c1_0 
    where
        c1_0.id=? 
        and (
            c1_0.is_deleted = false
        )
2024-01-11T01:07:27.564+05:30  INFO 13684 --- [           main] c.i.j.h.d.repository.CourseRepository    : Course -> Course[JPA in 50 Steps]
Hibernate: 
    select
        r1_0.course_id,
        r1_0.id,
        r1_0.description,
        r1_0.rating 
    from
        review r1_0 
    where
        r1_0.course_id=?
2024-01-11T01:07:27.564+05:30  INFO 13684 --- [           main] c.i.j.h.d.r.CourseRepositoryTest         : [Review[FIVE Great Course], Review[FOUR Wonderful Course]]
2024-01-11T01:07:27.571+05:30  INFO 13684 --- [           main] i.StatisticalLoggingSessionEventListener : Session Metrics {
    18600 nanoseconds spent acquiring 1 JDBC connections;
    0 nanoseconds spent releasing 0 JDBC connections;
    437500 nanoseconds spent preparing 2 JDBC statements;
    378800 nanoseconds spent executing 2 JDBC statements;
    0 nanoseconds spent executing 0 JDBC batches;
    556400 nanoseconds spent performing 1 L2C puts;
    0 nanoseconds spent performing 0 L2C hits;
    82100 nanoseconds spent performing 1 L2C misses;
    0 nanoseconds spent executing 0 flushes (flushing a total of 0 entities and 0 collections);
    0 nanoseconds spent executing 0 partial-flushes (flushing a total of 0 entities and 0 collections)
}
]]></system-out>
  </testcase>
  <testcase name="retrieveCourseForReview" classname="com.in28minutes.jpa.hibernate.demo.repository.CourseRepositoryTest" time="0.008">
    <system-out><![CDATA[Hibernate: 
    select
        r1_0.id,
        c1_0.id,
        c1_0.created_date,
        c1_0.is_deleted,
        c1_0.last_updated_date,
        c1_0.name,
        r1_0.description,
        r1_0.rating 
    from
        review r1_0 
    left join
        course c1_0 
            on c1_0.id=r1_0.course_id 
            and (c1_0.is_deleted = false) 
    where
        r1_0.id=?
2024-01-11T01:07:27.580+05:30  INFO 13684 --- [           main] c.i.j.h.d.r.CourseRepositoryTest         : Course[JPA in 50 Steps]
2024-01-11T01:07:27.582+05:30  INFO 13684 --- [           main] i.StatisticalLoggingSessionEventListener : Session Metrics {
    19800 nanoseconds spent acquiring 1 JDBC connections;
    0 nanoseconds spent releasing 0 JDBC connections;
    485700 nanoseconds spent preparing 1 JDBC statements;
    244300 nanoseconds spent executing 1 JDBC statements;
    0 nanoseconds spent executing 0 JDBC batches;
    486200 nanoseconds spent performing 1 L2C puts;
    0 nanoseconds spent performing 0 L2C hits;
    0 nanoseconds spent performing 0 L2C misses;
    0 nanoseconds spent executing 0 flushes (flushing a total of 0 entities and 0 collections);
    0 nanoseconds spent executing 0 partial-flushes (flushing a total of 0 entities and 0 collections)
}
]]></system-out>
  </testcase>
  <testcase name="deleteById_basic" classname="com.in28minutes.jpa.hibernate.demo.repository.CourseRepositoryTest" time="0.049">
    <system-out><![CDATA[Hibernate: 
    select
        c1_0.id,
        c1_0.created_date,
        c1_0.is_deleted,
        c1_0.last_updated_date,
        c1_0.name 
    from
        course c1_0 
    where
        c1_0.id=? 
        and (
            c1_0.is_deleted = false
        )
2024-01-11T01:07:27.589+05:30  INFO 13684 --- [           main] c.i.j.h.d.repository.CourseRepository    : Course -> Course[Spring in 50 Steps]
2024-01-11T01:07:27.591+05:30  INFO 13684 --- [           main] c.i.jpa.hibernate.demo.entity.Course     : Setting isDeleted to True
Hibernate: 
    update
        course 
    set
        is_deleted=true 
    where
        id=?
2024-01-11T01:07:27.601+05:30  INFO 13684 --- [           main] i.StatisticalLoggingSessionEventListener : Session Metrics {
    17800 nanoseconds spent acquiring 1 JDBC connections;
    0 nanoseconds spent releasing 0 JDBC connections;
    437400 nanoseconds spent preparing 2 JDBC statements;
    288100 nanoseconds spent executing 1 JDBC statements;
    282600 nanoseconds spent executing 1 JDBC batches;
    750500 nanoseconds spent performing 1 L2C puts;
    0 nanoseconds spent performing 0 L2C hits;
    47900 nanoseconds spent performing 1 L2C misses;
    7915300 nanoseconds spent executing 1 flushes (flushing a total of 1 entities and 2 collections);
    0 nanoseconds spent executing 0 partial-flushes (flushing a total of 0 entities and 0 collections)
}
Hibernate: 
    select
        c1_0.id,
        c1_0.created_date,
        c1_0.is_deleted,
        c1_0.last_updated_date,
        c1_0.name 
    from
        course c1_0 
    where
        c1_0.id=? 
        and (
            c1_0.is_deleted = false
        )
2024-01-11T01:07:27.603+05:30  INFO 13684 --- [           main] c.i.j.h.d.repository.CourseRepository    : Course -> null
2024-01-11T01:07:27.604+05:30  INFO 13684 --- [           main] i.StatisticalLoggingSessionEventListener : Session Metrics {
    20200 nanoseconds spent acquiring 1 JDBC connections;
    0 nanoseconds spent releasing 0 JDBC connections;
    43400 nanoseconds spent preparing 1 JDBC statements;
    298200 nanoseconds spent executing 1 JDBC statements;
    0 nanoseconds spent executing 0 JDBC batches;
    0 nanoseconds spent performing 0 L2C puts;
    0 nanoseconds spent performing 0 L2C hits;
    345000 nanoseconds spent performing 1 L2C misses;
    0 nanoseconds spent executing 0 flushes (flushing a total of 0 entities and 0 collections);
    0 nanoseconds spent executing 0 partial-flushes (flushing a total of 0 entities and 0 collections)
}
2024-01-11T01:07:27.607+05:30  INFO 13684 --- [           main] j.LocalContainerEntityManagerFactoryBean : Closing JPA EntityManagerFactory for persistence unit 'default'
Hibernate: 
    drop table if exists course cascade 
Hibernate: 
    drop table if exists full_time_employee cascade 
Hibernate: 
    drop table if exists part_time_employee cascade 
Hibernate: 
    drop table if exists passport cascade 
Hibernate: 
    drop table if exists review cascade 
Hibernate: 
    drop table if exists student cascade 
Hibernate: 
    drop table if exists student_course cascade 
Hibernate: 
    drop sequence if exists course_seq
Hibernate: 
    drop sequence if exists full_time_employee_seq
Hibernate: 
    drop sequence if exists part_time_employee_seq
Hibernate: 
    drop sequence if exists passport_seq
Hibernate: 
    drop sequence if exists review_seq
Hibernate: 
    drop sequence if exists student_seq
2024-01-11T01:07:27.611+05:30  INFO 13684 --- [           main] org.ehcache.core.EhcacheManager          : Cache 'com.in28minutes.jpa.hibernate.demo.entity.Course' removed from EhcacheManager.
2024-01-11T01:07:27.612+05:30 TRACE 13684 --- [           main] o.h.type.spi.TypeConfiguration$Scope     : Handling #sessionFactoryClosed from [org.hibernate.internal.SessionFactoryImpl@52b3a9c6] for TypeConfiguration
2024-01-11T01:07:27.612+05:30 DEBUG 13684 --- [           main] o.h.type.spi.TypeConfiguration$Scope     : Un-scoping TypeConfiguration [org.hibernate.type.spi.TypeConfiguration$Scope@3b00a7b9] from SessionFactory [org.hibernate.internal.SessionFactoryImpl@52b3a9c6]
2024-01-11T01:07:27.632+05:30  INFO 13684 --- [           main] com.zaxxer.hikari.HikariDataSource       : HikariPool-4 - Shutdown initiated...
2024-01-11T01:07:27.632+05:30  INFO 13684 --- [           main] com.zaxxer.hikari.HikariDataSource       : HikariPool-4 - Shutdown completed.
]]></system-out>
  </testcase>
  <testcase name="findById_basic" classname="com.in28minutes.jpa.hibernate.demo.repository.CourseRepositoryTest" time="0.01">
    <system-out><![CDATA[
  .   ____          _            __ _ _
 /\\ / ___'_ __ _ _(_)_ __  __ _ \ \ \ \
( ( )\___ | '_ | '_| | '_ \/ _` | \ \ \ \
 \\/  ___)| |_)| | | | | || (_| |  ) ) ) )
  '  |____| .__|_| |_|_| |_\__, | / / / /
 =========|_|==============|___/=/_/_/_/
 :: Spring Boot ::                (v3.2.1)

2024-01-11T01:07:27.662+05:30  INFO 13684 --- [           main] c.i.j.h.d.r.CourseRepositoryTest         : Starting CourseRepositoryTest using Java 17.0.9 with PID 13684 (started by hp in C:\Users\hp\Downloads\jpa_with_hibernate\jpa-with-hibernate-master\02-jpa-advanced)
2024-01-11T01:07:27.663+05:30  INFO 13684 --- [           main] c.i.j.h.d.r.CourseRepositoryTest         : No active profile set, falling back to 1 default profile: "default"
2024-01-11T01:07:27.815+05:30  INFO 13684 --- [           main] .s.d.r.c.RepositoryConfigurationDelegate : Bootstrapping Spring Data JPA repositories in DEFAULT mode.
2024-01-11T01:07:27.823+05:30  INFO 13684 --- [           main] .s.d.r.c.RepositoryConfigurationDelegate : Finished Spring Data repository scanning in 8 ms. Found 1 JPA repository interface.
2024-01-11T01:07:27.904+05:30  INFO 13684 --- [           main] com.zaxxer.hikari.HikariDataSource       : HikariPool-5 - Starting...
2024-01-11T01:07:27.907+05:30  INFO 13684 --- [           main] com.zaxxer.hikari.pool.HikariPool        : HikariPool-5 - Added connection conn40: url=jdbc:h2:mem:testdb user=SA
2024-01-11T01:07:27.908+05:30  INFO 13684 --- [           main] com.zaxxer.hikari.HikariDataSource       : HikariPool-5 - Start completed.
2024-01-11T01:07:27.909+05:30  INFO 13684 --- [           main] o.hibernate.jpa.internal.util.LogHelper  : HHH000204: Processing PersistenceUnitInfo [name: default]
2024-01-11T01:07:27.914+05:30  INFO 13684 --- [           main] o.h.c.internal.RegionFactoryInitiator    : HHH000025: Second-level cache region factory [org.hibernate.cache.jcache.internal.JCacheRegionFactory]
2024-01-11T01:07:27.915+05:30 DEBUG 13684 --- [           main] org.hibernate.type.BasicTypeRegistry     : Adding type registration boolean -> org.hibernate.type.BasicTypeReference@6c96403e
2024-01-11T01:07:27.915+05:30 DEBUG 13684 --- [           main] org.hibernate.type.BasicTypeRegistry     : Adding type registration boolean -> org.hibernate.type.BasicTypeReference@6c96403e
2024-01-11T01:07:27.915+05:30 DEBUG 13684 --- [           main] org.hibernate.type.BasicTypeRegistry     : Adding type registration java.lang.Boolean -> org.hibernate.type.BasicTypeReference@6c96403e
2024-01-11T01:07:27.915+05:30 DEBUG 13684 --- [           main] org.hibernate.type.BasicTypeRegistry     : Adding type registration numeric_boolean -> org.hibernate.type.BasicTypeReference@7babed9e
2024-01-11T01:07:27.915+05:30 DEBUG 13684 --- [           main] org.hibernate.type.BasicTypeRegistry     : Adding type registration org.hibernate.type.NumericBooleanConverter -> org.hibernate.type.BasicTypeReference@7babed9e
2024-01-11T01:07:27.915+05:30 DEBUG 13684 --- [           main] org.hibernate.type.BasicTypeRegistry     : Adding type registration true_false -> org.hibernate.type.BasicTypeReference@2353354a
2024-01-11T01:07:27.915+05:30 DEBUG 13684 --- [           main] org.hibernate.type.BasicTypeRegistry     : Adding type registration org.hibernate.type.TrueFalseConverter -> org.hibernate.type.BasicTypeReference@2353354a
2024-01-11T01:07:27.915+05:30 DEBUG 13684 --- [           main] org.hibernate.type.BasicTypeRegistry     : Adding type registration yes_no -> org.hibernate.type.BasicTypeReference@7c7ed72a
2024-01-11T01:07:27.916+05:30 DEBUG 13684 --- [           main] org.hibernate.type.BasicTypeRegistry     : Adding type registration org.hibernate.type.YesNoConverter -> org.hibernate.type.BasicTypeReference@7c7ed72a
2024-01-11T01:07:27.916+05:30 DEBUG 13684 --- [           main] org.hibernate.type.BasicTypeRegistry     : Adding type registration byte -> org.hibernate.type.BasicTypeReference@22b7ef2b
2024-01-11T01:07:27.916+05:30 DEBUG 13684 --- [           main] org.hibernate.type.BasicTypeRegistry     : Adding type registration byte -> org.hibernate.type.BasicTypeReference@22b7ef2b
2024-01-11T01:07:27.916+05:30 DEBUG 13684 --- [           main] org.hibernate.type.BasicTypeRegistry     : Adding type registration java.lang.Byte -> org.hibernate.type.BasicTypeReference@22b7ef2b
2024-01-11T01:07:27.916+05:30 DEBUG 13684 --- [           main] org.hibernate.type.BasicTypeRegistry     : Adding type registration binary -> org.hibernate.type.BasicTypeReference@6d421fe
2024-01-11T01:07:27.916+05:30 DEBUG 13684 --- [           main] org.hibernate.type.BasicTypeRegistry     : Adding type registration byte[] -> org.hibernate.type.BasicTypeReference@6d421fe
2024-01-11T01:07:27.916+05:30 DEBUG 13684 --- [           main] org.hibernate.type.BasicTypeRegistry     : Adding type registration [B -> org.hibernate.type.BasicTypeReference@6d421fe
2024-01-11T01:07:27.916+05:30 DEBUG 13684 --- [           main] org.hibernate.type.BasicTypeRegistry     : Adding type registration binary_wrapper -> org.hibernate.type.BasicTypeReference@2b098563
2024-01-11T01:07:27.916+05:30 DEBUG 13684 --- [           main] org.hibernate.type.BasicTypeRegistry     : Adding type registration wrapper-binary -> org.hibernate.type.BasicTypeReference@2b098563
2024-01-11T01:07:27.916+05:30 DEBUG 13684 --- [           main] org.hibernate.type.BasicTypeRegistry     : Adding type registration image -> org.hibernate.type.BasicTypeReference@c758a2d
2024-01-11T01:07:27.916+05:30 DEBUG 13684 --- [           main] org.hibernate.type.BasicTypeRegistry     : Adding type registration blob -> org.hibernate.type.BasicTypeReference@d0b814d
2024-01-11T01:07:27.916+05:30 DEBUG 13684 --- [           main] org.hibernate.type.BasicTypeRegistry     : Adding type registration java.sql.Blob -> org.hibernate.type.BasicTypeReference@d0b814d
2024-01-11T01:07:27.916+05:30 DEBUG 13684 --- [           main] org.hibernate.type.BasicTypeRegistry     : Adding type registration materialized_blob -> org.hibernate.type.BasicTypeReference@6ce15112
2024-01-11T01:07:27.916+05:30 DEBUG 13684 --- [           main] org.hibernate.type.BasicTypeRegistry     : Adding type registration materialized_blob_wrapper -> org.hibernate.type.BasicTypeReference@ba4f370
2024-01-11T01:07:27.916+05:30 DEBUG 13684 --- [           main] org.hibernate.type.BasicTypeRegistry     : Adding type registration short -> org.hibernate.type.BasicTypeReference@2ba024cb
2024-01-11T01:07:27.916+05:30 DEBUG 13684 --- [           main] org.hibernate.type.BasicTypeRegistry     : Adding type registration short -> org.hibernate.type.BasicTypeReference@2ba024cb
2024-01-11T01:07:27.916+05:30 DEBUG 13684 --- [           main] org.hibernate.type.BasicTypeRegistry     : Adding type registration java.lang.Short -> org.hibernate.type.BasicTypeReference@2ba024cb
2024-01-11T01:07:27.916+05:30 DEBUG 13684 --- [           main] org.hibernate.type.BasicTypeRegistry     : Adding type registration integer -> org.hibernate.type.BasicTypeReference@7af0d91b
2024-01-11T01:07:27.916+05:30 DEBUG 13684 --- [           main] org.hibernate.type.BasicTypeRegistry     : Adding type registration int -> org.hibernate.type.BasicTypeReference@7af0d91b
2024-01-11T01:07:27.916+05:30 DEBUG 13684 --- [           main] org.hibernate.type.BasicTypeRegistry     : Adding type registration java.lang.Integer -> org.hibernate.type.BasicTypeReference@7af0d91b
2024-01-11T01:07:27.916+05:30 DEBUG 13684 --- [           main] org.hibernate.type.BasicTypeRegistry     : Adding type registration long -> org.hibernate.type.BasicTypeReference@1c7f6e96
2024-01-11T01:07:27.916+05:30 DEBUG 13684 --- [           main] org.hibernate.type.BasicTypeRegistry     : Adding type registration long -> org.hibernate.type.BasicTypeReference@1c7f6e96
2024-01-11T01:07:27.916+05:30 DEBUG 13684 --- [           main] org.hibernate.type.BasicTypeRegistry     : Adding type registration java.lang.Long -> org.hibernate.type.BasicTypeReference@1c7f6e96
2024-01-11T01:07:27.916+05:30 DEBUG 13684 --- [           main] org.hibernate.type.BasicTypeRegistry     : Adding type registration float -> org.hibernate.type.BasicTypeReference@30ec211a
2024-01-11T01:07:27.916+05:30 DEBUG 13684 --- [           main] org.hibernate.type.BasicTypeRegistry     : Adding type registration float -> org.hibernate.type.BasicTypeReference@30ec211a
2024-01-11T01:07:27.916+05:30 DEBUG 13684 --- [           main] org.hibernate.type.BasicTypeRegistry     : Adding type registration java.lang.Float -> org.hibernate.type.BasicTypeReference@30ec211a
2024-01-11T01:07:27.916+05:30 DEBUG 13684 --- [           main] org.hibernate.type.BasicTypeRegistry     : Adding type registration double -> org.hibernate.type.BasicTypeReference@1ac0cdb0
2024-01-11T01:07:27.916+05:30 DEBUG 13684 --- [           main] org.hibernate.type.BasicTypeRegistry     : Adding type registration double -> org.hibernate.type.BasicTypeReference@1ac0cdb0
2024-01-11T01:07:27.916+05:30 DEBUG 13684 --- [           main] org.hibernate.type.BasicTypeRegistry     : Adding type registration java.lang.Double -> org.hibernate.type.BasicTypeReference@1ac0cdb0
2024-01-11T01:07:27.916+05:30 DEBUG 13684 --- [           main] org.hibernate.type.BasicTypeRegistry     : Adding type registration big_integer -> org.hibernate.type.BasicTypeReference@6684f7f2
2024-01-11T01:07:27.916+05:30 DEBUG 13684 --- [           main] org.hibernate.type.BasicTypeRegistry     : Adding type registration java.math.BigInteger -> org.hibernate.type.BasicTypeReference@6684f7f2
2024-01-11T01:07:27.916+05:30 DEBUG 13684 --- [           main] org.hibernate.type.BasicTypeRegistry     : Adding type registration big_decimal -> org.hibernate.type.BasicTypeReference@1682e6a
2024-01-11T01:07:27.916+05:30 DEBUG 13684 --- [           main] org.hibernate.type.BasicTypeRegistry     : Adding type registration java.math.BigDecimal -> org.hibernate.type.BasicTypeReference@1682e6a
2024-01-11T01:07:27.916+05:30 DEBUG 13684 --- [           main] org.hibernate.type.BasicTypeRegistry     : Adding type registration character -> org.hibernate.type.BasicTypeReference@505d2bac
2024-01-11T01:07:27.916+05:30 DEBUG 13684 --- [           main] org.hibernate.type.BasicTypeRegistry     : Adding type registration char -> org.hibernate.type.BasicTypeReference@505d2bac
2024-01-11T01:07:27.917+05:30 DEBUG 13684 --- [           main] org.hibernate.type.BasicTypeRegistry     : Adding type registration java.lang.Character -> org.hibernate.type.BasicTypeReference@505d2bac
2024-01-11T01:07:27.917+05:30 DEBUG 13684 --- [           main] org.hibernate.type.BasicTypeRegistry     : Adding type registration character_nchar -> org.hibernate.type.BasicTypeReference@4cecc15a
2024-01-11T01:07:27.917+05:30 DEBUG 13684 --- [           main] org.hibernate.type.BasicTypeRegistry     : Adding type registration string -> org.hibernate.type.BasicTypeReference@d969452
2024-01-11T01:07:27.917+05:30 DEBUG 13684 --- [           main] org.hibernate.type.BasicTypeRegistry     : Adding type registration java.lang.String -> org.hibernate.type.BasicTypeReference@d969452
2024-01-11T01:07:27.917+05:30 DEBUG 13684 --- [           main] org.hibernate.type.BasicTypeRegistry     : Adding type registration nstring -> org.hibernate.type.BasicTypeReference@4d4df0f4
2024-01-11T01:07:27.917+05:30 DEBUG 13684 --- [           main] org.hibernate.type.BasicTypeRegistry     : Adding type registration characters -> org.hibernate.type.BasicTypeReference@74f4a2ba
2024-01-11T01:07:27.917+05:30 DEBUG 13684 --- [           main] org.hibernate.type.BasicTypeRegistry     : Adding type registration char[] -> org.hibernate.type.BasicTypeReference@74f4a2ba
2024-01-11T01:07:27.917+05:30 DEBUG 13684 --- [           main] org.hibernate.type.BasicTypeRegistry     : Adding type registration [C -> org.hibernate.type.BasicTypeReference@74f4a2ba
2024-01-11T01:07:27.917+05:30 DEBUG 13684 --- [           main] org.hibernate.type.BasicTypeRegistry     : Adding type registration wrapper-characters -> org.hibernate.type.BasicTypeReference@5e385b6f
2024-01-11T01:07:27.917+05:30 DEBUG 13684 --- [           main] org.hibernate.type.BasicTypeRegistry     : Adding type registration text -> org.hibernate.type.BasicTypeReference@67b560fe
2024-01-11T01:07:27.917+05:30 DEBUG 13684 --- [           main] org.hibernate.type.BasicTypeRegistry     : Adding type registration ntext -> org.hibernate.type.BasicTypeReference@45dde6ac
2024-01-11T01:07:27.917+05:30 DEBUG 13684 --- [           main] org.hibernate.type.BasicTypeRegistry     : Adding type registration clob -> org.hibernate.type.BasicTypeReference@14ed7ddf
2024-01-11T01:07:27.917+05:30 DEBUG 13684 --- [           main] org.hibernate.type.BasicTypeRegistry     : Adding type registration java.sql.Clob -> org.hibernate.type.BasicTypeReference@14ed7ddf
2024-01-11T01:07:27.917+05:30 DEBUG 13684 --- [           main] org.hibernate.type.BasicTypeRegistry     : Adding type registration nclob -> org.hibernate.type.BasicTypeReference@892af0e
2024-01-11T01:07:27.917+05:30 DEBUG 13684 --- [           main] org.hibernate.type.BasicTypeRegistry     : Adding type registration java.sql.NClob -> org.hibernate.type.BasicTypeReference@892af0e
2024-01-11T01:07:27.917+05:30 DEBUG 13684 --- [           main] org.hibernate.type.BasicTypeRegistry     : Adding type registration materialized_clob -> org.hibernate.type.BasicTypeReference@446c8c72
2024-01-11T01:07:27.917+05:30 DEBUG 13684 --- [           main] org.hibernate.type.BasicTypeRegistry     : Adding type registration materialized_clob_char_array -> org.hibernate.type.BasicTypeReference@6e2eead5
2024-01-11T01:07:27.917+05:30 DEBUG 13684 --- [           main] org.hibernate.type.BasicTypeRegistry     : Adding type registration materialized_clob_character_array -> org.hibernate.type.BasicTypeReference@11d2714a
2024-01-11T01:07:27.917+05:30 DEBUG 13684 --- [           main] org.hibernate.type.BasicTypeRegistry     : Adding type registration materialized_nclob -> org.hibernate.type.BasicTypeReference@ca546a1
2024-01-11T01:07:27.917+05:30 DEBUG 13684 --- [           main] org.hibernate.type.BasicTypeRegistry     : Adding type registration materialized_nclob_character_array -> org.hibernate.type.BasicTypeReference@2c8a445b
2024-01-11T01:07:27.917+05:30 DEBUG 13684 --- [           main] org.hibernate.type.BasicTypeRegistry     : Adding type registration materialized_nclob_char_array -> org.hibernate.type.BasicTypeReference@356b6b5d
2024-01-11T01:07:27.917+05:30 DEBUG 13684 --- [           main] org.hibernate.type.BasicTypeRegistry     : Adding type registration Duration -> org.hibernate.type.BasicTypeReference@37b1149b
2024-01-11T01:07:27.917+05:30 DEBUG 13684 --- [           main] org.hibernate.type.BasicTypeRegistry     : Adding type registration java.time.Duration -> org.hibernate.type.BasicTypeReference@37b1149b
2024-01-11T01:07:27.917+05:30 DEBUG 13684 --- [           main] org.hibernate.type.BasicTypeRegistry     : Adding type registration LocalDateTime -> org.hibernate.type.BasicTypeReference@1187dc82
2024-01-11T01:07:27.917+05:30 DEBUG 13684 --- [           main] org.hibernate.type.BasicTypeRegistry     : Adding type registration java.time.LocalDateTime -> org.hibernate.type.BasicTypeReference@1187dc82
2024-01-11T01:07:27.917+05:30 DEBUG 13684 --- [           main] org.hibernate.type.BasicTypeRegistry     : Adding type registration LocalDate -> org.hibernate.type.BasicTypeReference@6fd1ea75
2024-01-11T01:07:27.917+05:30 DEBUG 13684 --- [           main] org.hibernate.type.BasicTypeRegistry     : Adding type registration java.time.LocalDate -> org.hibernate.type.BasicTypeReference@6fd1ea75
2024-01-11T01:07:27.917+05:30 DEBUG 13684 --- [           main] org.hibernate.type.BasicTypeRegistry     : Adding type registration LocalTime -> org.hibernate.type.BasicTypeReference@18e4551
2024-01-11T01:07:27.917+05:30 DEBUG 13684 --- [           main] org.hibernate.type.BasicTypeRegistry     : Adding type registration java.time.LocalTime -> org.hibernate.type.BasicTypeReference@18e4551
2024-01-11T01:07:27.917+05:30 DEBUG 13684 --- [           main] org.hibernate.type.BasicTypeRegistry     : Adding type registration OffsetDateTime -> org.hibernate.type.BasicTypeReference@3ea48c37
2024-01-11T01:07:27.917+05:30 DEBUG 13684 --- [           main] org.hibernate.type.BasicTypeRegistry     : Adding type registration java.time.OffsetDateTime -> org.hibernate.type.BasicTypeReference@3ea48c37
2024-01-11T01:07:27.917+05:30 DEBUG 13684 --- [           main] org.hibernate.type.BasicTypeRegistry     : Adding type registration OffsetDateTimeWithTimezone -> org.hibernate.type.BasicTypeReference@11e834ad
2024-01-11T01:07:27.917+05:30 DEBUG 13684 --- [           main] org.hibernate.type.BasicTypeRegistry     : Adding type registration OffsetDateTimeWithoutTimezone -> org.hibernate.type.BasicTypeReference@710ae6a7
2024-01-11T01:07:27.917+05:30 DEBUG 13684 --- [           main] org.hibernate.type.BasicTypeRegistry     : Adding type registration OffsetTime -> org.hibernate.type.BasicTypeReference@25d911a
2024-01-11T01:07:27.917+05:30 DEBUG 13684 --- [           main] org.hibernate.type.BasicTypeRegistry     : Adding type registration java.time.OffsetTime -> org.hibernate.type.BasicTypeReference@25d911a
2024-01-11T01:07:27.917+05:30 DEBUG 13684 --- [           main] org.hibernate.type.BasicTypeRegistry     : Adding type registration OffsetTimeUtc -> org.hibernate.type.BasicTypeReference@18026052
2024-01-11T01:07:27.917+05:30 DEBUG 13684 --- [           main] org.hibernate.type.BasicTypeRegistry     : Adding type registration OffsetTimeWithTimezone -> org.hibernate.type.BasicTypeReference@489f62a3
2024-01-11T01:07:27.917+05:30 DEBUG 13684 --- [           main] org.hibernate.type.BasicTypeRegistry     : Adding type registration OffsetTimeWithoutTimezone -> org.hibernate.type.BasicTypeReference@6e068ac9
2024-01-11T01:07:27.917+05:30 DEBUG 13684 --- [           main] org.hibernate.type.BasicTypeRegistry     : Adding type registration ZonedDateTime -> org.hibernate.type.BasicTypeReference@3d0352
2024-01-11T01:07:27.917+05:30 DEBUG 13684 --- [           main] org.hibernate.type.BasicTypeRegistry     : Adding type registration java.time.ZonedDateTime -> org.hibernate.type.BasicTypeReference@3d0352
2024-01-11T01:07:27.917+05:30 DEBUG 13684 --- [           main] org.hibernate.type.BasicTypeRegistry     : Adding type registration ZonedDateTimeWithTimezone -> org.hibernate.type.BasicTypeReference@bb6f3f7
2024-01-11T01:07:27.917+05:30 DEBUG 13684 --- [           main] org.hibernate.type.BasicTypeRegistry     : Adding type registration ZonedDateTimeWithoutTimezone -> org.hibernate.type.BasicTypeReference@388f1258
2024-01-11T01:07:27.917+05:30 DEBUG 13684 --- [           main] org.hibernate.type.BasicTypeRegistry     : Adding type registration date -> org.hibernate.type.BasicTypeReference@62058742
2024-01-11T01:07:27.917+05:30 DEBUG 13684 --- [           main] org.hibernate.type.BasicTypeRegistry     : Adding type registration java.sql.Date -> org.hibernate.type.BasicTypeReference@62058742
2024-01-11T01:07:27.917+05:30 DEBUG 13684 --- [           main] org.hibernate.type.BasicTypeRegistry     : Adding type registration time -> org.hibernate.type.BasicTypeReference@aca2fc3
2024-01-11T01:07:27.917+05:30 DEBUG 13684 --- [           main] org.hibernate.type.BasicTypeRegistry     : Adding type registration java.sql.Time -> org.hibernate.type.BasicTypeReference@aca2fc3
2024-01-11T01:07:27.917+05:30 DEBUG 13684 --- [           main] org.hibernate.type.BasicTypeRegistry     : Adding type registration timestamp -> org.hibernate.type.BasicTypeReference@36df4c26
2024-01-11T01:07:27.917+05:30 DEBUG 13684 --- [           main] org.hibernate.type.BasicTypeRegistry     : Adding type registration java.sql.Timestamp -> org.hibernate.type.BasicTypeReference@36df4c26
2024-01-11T01:07:27.917+05:30 DEBUG 13684 --- [           main] org.hibernate.type.BasicTypeRegistry     : Adding type registration java.util.Date -> org.hibernate.type.BasicTypeReference@36df4c26
2024-01-11T01:07:27.917+05:30 DEBUG 13684 --- [           main] org.hibernate.type.BasicTypeRegistry     : Adding type registration calendar -> org.hibernate.type.BasicTypeReference@76828577
2024-01-11T01:07:27.917+05:30 DEBUG 13684 --- [           main] org.hibernate.type.BasicTypeRegistry     : Adding type registration java.util.Calendar -> org.hibernate.type.BasicTypeReference@76828577
2024-01-11T01:07:27.918+05:30 DEBUG 13684 --- [           main] org.hibernate.type.BasicTypeRegistry     : Adding type registration java.util.GregorianCalendar -> org.hibernate.type.BasicTypeReference@76828577
2024-01-11T01:07:27.918+05:30 DEBUG 13684 --- [           main] org.hibernate.type.BasicTypeRegistry     : Adding type registration calendar_date -> org.hibernate.type.BasicTypeReference@38732372
2024-01-11T01:07:27.918+05:30 DEBUG 13684 --- [           main] org.hibernate.type.BasicTypeRegistry     : Adding type registration calendar_time -> org.hibernate.type.BasicTypeReference@639cb788
2024-01-11T01:07:27.918+05:30 DEBUG 13684 --- [           main] org.hibernate.type.BasicTypeRegistry     : Adding type registration instant -> org.hibernate.type.BasicTypeReference@2fee69a1
2024-01-11T01:07:27.918+05:30 DEBUG 13684 --- [           main] org.hibernate.type.BasicTypeRegistry     : Adding type registration java.time.Instant -> org.hibernate.type.BasicTypeReference@2fee69a1
2024-01-11T01:07:27.918+05:30 DEBUG 13684 --- [           main] org.hibernate.type.BasicTypeRegistry     : Adding type registration uuid -> org.hibernate.type.BasicTypeReference@4d25f816
2024-01-11T01:07:27.918+05:30 DEBUG 13684 --- [           main] org.hibernate.type.BasicTypeRegistry     : Adding type registration java.util.UUID -> org.hibernate.type.BasicTypeReference@4d25f816
2024-01-11T01:07:27.918+05:30 DEBUG 13684 --- [           main] org.hibernate.type.BasicTypeRegistry     : Adding type registration pg-uuid -> org.hibernate.type.BasicTypeReference@4d25f816
2024-01-11T01:07:27.918+05:30 DEBUG 13684 --- [           main] org.hibernate.type.BasicTypeRegistry     : Adding type registration uuid-binary -> org.hibernate.type.BasicTypeReference@6c6c2a73
2024-01-11T01:07:27.918+05:30 DEBUG 13684 --- [           main] org.hibernate.type.BasicTypeRegistry     : Adding type registration uuid-char -> org.hibernate.type.BasicTypeReference@6a4af081
2024-01-11T01:07:27.918+05:30 DEBUG 13684 --- [           main] org.hibernate.type.BasicTypeRegistry     : Adding type registration class -> org.hibernate.type.BasicTypeReference@36b53f08
2024-01-11T01:07:27.918+05:30 DEBUG 13684 --- [           main] org.hibernate.type.BasicTypeRegistry     : Adding type registration java.lang.Class -> org.hibernate.type.BasicTypeReference@36b53f08
2024-01-11T01:07:27.918+05:30 DEBUG 13684 --- [           main] org.hibernate.type.BasicTypeRegistry     : Adding type registration currency -> org.hibernate.type.BasicTypeReference@54329480
2024-01-11T01:07:27.918+05:30 DEBUG 13684 --- [           main] org.hibernate.type.BasicTypeRegistry     : Adding type registration Currency -> org.hibernate.type.BasicTypeReference@54329480
2024-01-11T01:07:27.918+05:30 DEBUG 13684 --- [           main] org.hibernate.type.BasicTypeRegistry     : Adding type registration java.util.Currency -> org.hibernate.type.BasicTypeReference@54329480
2024-01-11T01:07:27.918+05:30 DEBUG 13684 --- [           main] org.hibernate.type.BasicTypeRegistry     : Adding type registration locale -> org.hibernate.type.BasicTypeReference@590013c7
2024-01-11T01:07:27.918+05:30 DEBUG 13684 --- [           main] org.hibernate.type.BasicTypeRegistry     : Adding type registration java.util.Locale -> org.hibernate.type.BasicTypeReference@590013c7
2024-01-11T01:07:27.918+05:30 DEBUG 13684 --- [           main] org.hibernate.type.BasicTypeRegistry     : Adding type registration serializable -> org.hibernate.type.BasicTypeReference@64f32e9e
2024-01-11T01:07:27.918+05:30 DEBUG 13684 --- [           main] org.hibernate.type.BasicTypeRegistry     : Adding type registration java.io.Serializable -> org.hibernate.type.BasicTypeReference@64f32e9e
2024-01-11T01:07:27.918+05:30 DEBUG 13684 --- [           main] org.hibernate.type.BasicTypeRegistry     : Adding type registration timezone -> org.hibernate.type.BasicTypeReference@7b211077
2024-01-11T01:07:27.918+05:30 DEBUG 13684 --- [           main] org.hibernate.type.BasicTypeRegistry     : Adding type registration java.util.TimeZone -> org.hibernate.type.BasicTypeReference@7b211077
2024-01-11T01:07:27.918+05:30 DEBUG 13684 --- [           main] org.hibernate.type.BasicTypeRegistry     : Adding type registration ZoneOffset -> org.hibernate.type.BasicTypeReference@3b770d07
2024-01-11T01:07:27.918+05:30 DEBUG 13684 --- [           main] org.hibernate.type.BasicTypeRegistry     : Adding type registration java.time.ZoneOffset -> org.hibernate.type.BasicTypeReference@3b770d07
2024-01-11T01:07:27.918+05:30 DEBUG 13684 --- [           main] org.hibernate.type.BasicTypeRegistry     : Adding type registration url -> org.hibernate.type.BasicTypeReference@62b0bf85
2024-01-11T01:07:27.918+05:30 DEBUG 13684 --- [           main] org.hibernate.type.BasicTypeRegistry     : Adding type registration java.net.URL -> org.hibernate.type.BasicTypeReference@62b0bf85
2024-01-11T01:07:27.918+05:30 DEBUG 13684 --- [           main] org.hibernate.type.BasicTypeRegistry     : Adding type registration vector -> org.hibernate.type.BasicTypeReference@1fcaea93
2024-01-11T01:07:27.918+05:30 DEBUG 13684 --- [           main] org.hibernate.type.BasicTypeRegistry     : Adding type registration row_version -> org.hibernate.type.BasicTypeReference@6c9bf3b5
2024-01-11T01:07:27.918+05:30 DEBUG 13684 --- [           main] org.hibernate.type.BasicTypeRegistry     : Adding type registration object -> org.hibernate.type.JavaObjectType@baa227e
2024-01-11T01:07:27.918+05:30 DEBUG 13684 --- [           main] org.hibernate.type.BasicTypeRegistry     : Adding type registration java.lang.Object -> org.hibernate.type.JavaObjectType@baa227e
2024-01-11T01:07:27.918+05:30 DEBUG 13684 --- [           main] org.hibernate.type.BasicTypeRegistry     : Adding type registration null -> org.hibernate.type.NullType@1b3bec6c
2024-01-11T01:07:27.918+05:30 DEBUG 13684 --- [           main] org.hibernate.type.BasicTypeRegistry     : Adding type registration imm_date -> org.hibernate.type.BasicTypeReference@772ce28e
2024-01-11T01:07:27.918+05:30 DEBUG 13684 --- [           main] org.hibernate.type.BasicTypeRegistry     : Adding type registration imm_time -> org.hibernate.type.BasicTypeReference@32a2da8c
2024-01-11T01:07:27.918+05:30 DEBUG 13684 --- [           main] org.hibernate.type.BasicTypeRegistry     : Adding type registration imm_timestamp -> org.hibernate.type.BasicTypeReference@47c9b8ee
2024-01-11T01:07:27.918+05:30 DEBUG 13684 --- [           main] org.hibernate.type.BasicTypeRegistry     : Adding type registration imm_calendar -> org.hibernate.type.BasicTypeReference@3861f2c9
2024-01-11T01:07:27.918+05:30 DEBUG 13684 --- [           main] org.hibernate.type.BasicTypeRegistry     : Adding type registration imm_calendar_date -> org.hibernate.type.BasicTypeReference@28494fd9
2024-01-11T01:07:27.918+05:30 DEBUG 13684 --- [           main] org.hibernate.type.BasicTypeRegistry     : Adding type registration imm_calendar_time -> org.hibernate.type.BasicTypeReference@c1b96e6
2024-01-11T01:07:27.918+05:30 DEBUG 13684 --- [           main] org.hibernate.type.BasicTypeRegistry     : Adding type registration imm_binary -> org.hibernate.type.BasicTypeReference@69f4143
2024-01-11T01:07:27.918+05:30 DEBUG 13684 --- [           main] org.hibernate.type.BasicTypeRegistry     : Adding type registration imm_serializable -> org.hibernate.type.BasicTypeReference@31df0ce3
2024-01-11T01:07:27.925+05:30  INFO 13684 --- [           main] o.s.o.j.p.SpringPersistenceUnitInfo      : No LoadTimeWeaver setup: ignoring JPA class transformer
2024-01-11T01:07:27.927+05:30 DEBUG 13684 --- [           main] o.h.t.d.jdbc.spi.JdbcTypeRegistry        : addDescriptor(NCharTypeDescriptor) replaced previous registration(CharTypeDescriptor)
2024-01-11T01:07:27.927+05:30 DEBUG 13684 --- [           main] o.h.t.d.jdbc.spi.JdbcTypeRegistry        : addDescriptor(NVarcharTypeDescriptor) replaced previous registration(VarcharTypeDescriptor)
2024-01-11T01:07:27.927+05:30 DEBUG 13684 --- [           main] o.h.t.d.jdbc.spi.JdbcTypeRegistry        : addDescriptor(LongNVarcharTypeDescriptor) replaced previous registration(LongVarcharTypeDescriptor)
2024-01-11T01:07:27.927+05:30 DEBUG 13684 --- [           main] o.h.t.d.jdbc.spi.JdbcTypeRegistry        : addDescriptor(NClobTypeDescriptor(DEFAULT)) replaced previous registration(ClobTypeDescriptor(DEFAULT))
2024-01-11T01:07:27.927+05:30 DEBUG 13684 --- [           main] o.h.t.d.jdbc.spi.JdbcTypeRegistry        : addDescriptor(2005, ClobTypeDescriptor(STREAM_BINDING)) replaced previous registration(ClobTypeDescriptor(DEFAULT))
2024-01-11T01:07:27.927+05:30 DEBUG 13684 --- [           main] o.h.t.d.jdbc.spi.JdbcTypeRegistry        : addDescriptor(TimestampUtcDescriptor) replaced previous registration(TimestampUtcDescriptor)
2024-01-11T01:07:27.928+05:30 DEBUG 13684 --- [           main] org.hibernate.type.BasicTypeRegistry     : Adding type registration org.hibernate.type.DurationType -> basicType@89(java.time.Duration,2)
2024-01-11T01:07:27.928+05:30 DEBUG 13684 --- [           main] org.hibernate.type.BasicTypeRegistry     : Adding type registration Duration -> basicType@89(java.time.Duration,2)
2024-01-11T01:07:27.928+05:30 DEBUG 13684 --- [           main] org.hibernate.type.BasicTypeRegistry     : Adding type registration java.time.Duration -> basicType@89(java.time.Duration,2)
2024-01-11T01:07:27.928+05:30 DEBUG 13684 --- [           main] o.h.type.spi.TypeConfiguration$Scope     : Scoping TypeConfiguration [org.hibernate.type.spi.TypeConfiguration@30360716] to MetadataBuildingContext [org.hibernate.boot.internal.MetadataBuildingContextRootImpl@6232025]
2024-01-11T01:07:27.985+05:30  WARN 13684 --- [           main] org.hibernate.orm.cache                  : HHH90001006: Missing cache[com.in28minutes.jpa.hibernate.demo.entity.Course] was created on-the-fly. The created cache will use a provider-specific default configuration: make sure you defined one. You can disable this warning by setting 'hibernate.javax.cache.missing_cache_strategy' to 'create'.
2024-01-11T01:07:27.988+05:30  INFO 13684 --- [           main] org.ehcache.core.EhcacheManager          : Cache 'com.in28minutes.jpa.hibernate.demo.entity.Course' created in EhcacheManager.
2024-01-11T01:07:28.089+05:30  INFO 13684 --- [           main] o.h.e.t.j.p.i.JtaPlatformInitiator       : HHH000489: No JTA platform available (set 'hibernate.transaction.jta.platform' to enable JTA platform integration)
2024-01-11T01:07:28.091+05:30 DEBUG 13684 --- [           main] o.h.type.spi.TypeConfiguration$Scope     : Scoping TypeConfiguration [org.hibernate.type.spi.TypeConfiguration@30360716] to SessionFactoryImplementor [org.hibernate.internal.SessionFactoryImpl@4ca5eb61]
2024-01-11T01:07:28.091+05:30 DEBUG 13684 --- [           main] o.h.stat.internal.StatisticsInitiator    : Statistics initialized [enabled=true]
Hibernate: 
    drop table if exists course cascade 
Hibernate: 
    drop table if exists full_time_employee cascade 
Hibernate: 
    drop table if exists part_time_employee cascade 
Hibernate: 
    drop table if exists passport cascade 
Hibernate: 
    drop table if exists review cascade 
Hibernate: 
    drop table if exists student cascade 
Hibernate: 
    drop table if exists student_course cascade 
Hibernate: 
    drop sequence if exists course_seq
Hibernate: 
    drop sequence if exists full_time_employee_seq
Hibernate: 
    drop sequence if exists part_time_employee_seq
Hibernate: 
    drop sequence if exists passport_seq
Hibernate: 
    drop sequence if exists review_seq
Hibernate: 
    drop sequence if exists student_seq
Hibernate: 
    create sequence course_seq start with 1 increment by 50
Hibernate: 
    create sequence full_time_employee_seq start with 1 increment by 50
Hibernate: 
    create sequence part_time_employee_seq start with 1 increment by 50
Hibernate: 
    create sequence passport_seq start with 1 increment by 50
Hibernate: 
    create sequence review_seq start with 1 increment by 50
Hibernate: 
    create sequence student_seq start with 1 increment by 50
Hibernate: 
    create table course (
        is_deleted boolean not null,
        created_date timestamp(6),
        id bigint not null,
        last_updated_date timestamp(6),
        name varchar(255) not null,
        primary key (id)
    )
Hibernate: 
    create table full_time_employee (
        salary numeric(38,2),
        id bigint not null,
        name varchar(255) not null,
        primary key (id)
    )
Hibernate: 
    create table part_time_employee (
        hourly_wage numeric(38,2),
        id bigint not null,
        name varchar(255) not null,
        primary key (id)
    )
Hibernate: 
    create table passport (
        id bigint not null,
        number varchar(255) not null,
        primary key (id)
    )
Hibernate: 
    create table review (
        course_id bigint,
        id bigint not null,
        description varchar(255),
        rating varchar(255) check (rating in ('ZERO','ONE','TWO','THREE','FOUR','FIVE')),
        primary key (id)
    )
Hibernate: 
    create table student (
        id bigint not null,
        passport_id bigint unique,
        city varchar(255),
        line1 varchar(255),
        line2 varchar(255),
        name varchar(255) not null,
        primary key (id)
    )
Hibernate: 
    create table student_course (
        course_id bigint not null,
        student_id bigint not null
    )
Hibernate: 
    alter table if exists review 
       add constraint FKprox8elgnr8u5wrq1983degk 
       foreign key (course_id) 
       references course
Hibernate: 
    alter table if exists student 
       add constraint FK6i2dofwfuu97njtfprqv68pib 
       foreign key (passport_id) 
       references passport
Hibernate: 
    alter table if exists student_course 
       add constraint FKejrkh4gv8iqgmspsanaji90ws 
       foreign key (course_id) 
       references course
Hibernate: 
    alter table if exists student_course 
       add constraint FKq7yw2wg9wlt2cnj480hcdn6dq 
       foreign key (student_id) 
       references student
2024-01-11T01:07:28.113+05:30 TRACE 13684 --- [           main] o.h.type.spi.TypeConfiguration$Scope     : Handling #sessionFactoryCreated from [org.hibernate.internal.SessionFactoryImpl@4ca5eb61] for TypeConfiguration
2024-01-11T01:07:28.114+05:30  INFO 13684 --- [           main] j.LocalContainerEntityManagerFactoryBean : Initialized JPA EntityManagerFactory for persistence unit 'default'
2024-01-11T01:07:28.171+05:30  WARN 13684 --- [           main] JpaBaseConfiguration$JpaWebConfiguration : spring.jpa.open-in-view is enabled by default. Therefore, database queries may be performed during view rendering. Explicitly configure spring.jpa.open-in-view to disable this warning
2024-01-11T01:07:28.206+05:30  INFO 13684 --- [           main] i.StatisticalLoggingSessionEventListener : Session Metrics {
    0 nanoseconds spent acquiring 0 JDBC connections;
    0 nanoseconds spent releasing 0 JDBC connections;
    0 nanoseconds spent preparing 0 JDBC statements;
    0 nanoseconds spent executing 0 JDBC statements;
    0 nanoseconds spent executing 0 JDBC batches;
    0 nanoseconds spent performing 0 L2C puts;
    0 nanoseconds spent performing 0 L2C hits;
    0 nanoseconds spent performing 0 L2C misses;
    0 nanoseconds spent executing 0 flushes (flushing a total of 0 entities and 0 collections);
    0 nanoseconds spent executing 0 partial-flushes (flushing a total of 0 entities and 0 collections)
}
2024-01-11T01:07:28.213+05:30  INFO 13684 --- [           main] i.StatisticalLoggingSessionEventListener : Session Metrics {
    0 nanoseconds spent acquiring 0 JDBC connections;
    0 nanoseconds spent releasing 0 JDBC connections;
    0 nanoseconds spent preparing 0 JDBC statements;
    0 nanoseconds spent executing 0 JDBC statements;
    0 nanoseconds spent executing 0 JDBC batches;
    0 nanoseconds spent performing 0 L2C puts;
    0 nanoseconds spent performing 0 L2C hits;
    0 nanoseconds spent performing 0 L2C misses;
    0 nanoseconds spent executing 0 flushes (flushing a total of 0 entities and 0 collections);
    0 nanoseconds spent executing 0 partial-flushes (flushing a total of 0 entities and 0 collections)
}
2024-01-11T01:07:28.237+05:30  INFO 13684 --- [           main] i.StatisticalLoggingSessionEventListener : Session Metrics {
    0 nanoseconds spent acquiring 0 JDBC connections;
    0 nanoseconds spent releasing 0 JDBC connections;
    0 nanoseconds spent preparing 0 JDBC statements;
    0 nanoseconds spent executing 0 JDBC statements;
    0 nanoseconds spent executing 0 JDBC batches;
    0 nanoseconds spent performing 0 L2C puts;
    0 nanoseconds spent performing 0 L2C hits;
    0 nanoseconds spent performing 0 L2C misses;
    0 nanoseconds spent executing 0 flushes (flushing a total of 0 entities and 0 collections);
    0 nanoseconds spent executing 0 partial-flushes (flushing a total of 0 entities and 0 collections)
}
2024-01-11T01:07:28.237+05:30  INFO 13684 --- [           main] i.StatisticalLoggingSessionEventListener : Session Metrics {
    0 nanoseconds spent acquiring 0 JDBC connections;
    0 nanoseconds spent releasing 0 JDBC connections;
    0 nanoseconds spent preparing 0 JDBC statements;
    0 nanoseconds spent executing 0 JDBC statements;
    0 nanoseconds spent executing 0 JDBC batches;
    0 nanoseconds spent performing 0 L2C puts;
    0 nanoseconds spent performing 0 L2C hits;
    0 nanoseconds spent performing 0 L2C misses;
    0 nanoseconds spent executing 0 flushes (flushing a total of 0 entities and 0 collections);
    0 nanoseconds spent executing 0 partial-flushes (flushing a total of 0 entities and 0 collections)
}
2024-01-11T01:07:28.237+05:30  INFO 13684 --- [           main] i.StatisticalLoggingSessionEventListener : Session Metrics {
    0 nanoseconds spent acquiring 0 JDBC connections;
    0 nanoseconds spent releasing 0 JDBC connections;
    0 nanoseconds spent preparing 0 JDBC statements;
    0 nanoseconds spent executing 0 JDBC statements;
    0 nanoseconds spent executing 0 JDBC batches;
    0 nanoseconds spent performing 0 L2C puts;
    0 nanoseconds spent performing 0 L2C hits;
    0 nanoseconds spent performing 0 L2C misses;
    0 nanoseconds spent executing 0 flushes (flushing a total of 0 entities and 0 collections);
    0 nanoseconds spent executing 0 partial-flushes (flushing a total of 0 entities and 0 collections)
}
2024-01-11T01:07:28.239+05:30  INFO 13684 --- [           main] i.StatisticalLoggingSessionEventListener : Session Metrics {
    0 nanoseconds spent acquiring 0 JDBC connections;
    0 nanoseconds spent releasing 0 JDBC connections;
    0 nanoseconds spent preparing 0 JDBC statements;
    0 nanoseconds spent executing 0 JDBC statements;
    0 nanoseconds spent executing 0 JDBC batches;
    0 nanoseconds spent performing 0 L2C puts;
    0 nanoseconds spent performing 0 L2C hits;
    0 nanoseconds spent performing 0 L2C misses;
    0 nanoseconds spent executing 0 flushes (flushing a total of 0 entities and 0 collections);
    0 nanoseconds spent executing 0 partial-flushes (flushing a total of 0 entities and 0 collections)
}
2024-01-11T01:07:28.239+05:30  INFO 13684 --- [           main] i.StatisticalLoggingSessionEventListener : Session Metrics {
    0 nanoseconds spent acquiring 0 JDBC connections;
    0 nanoseconds spent releasing 0 JDBC connections;
    0 nanoseconds spent preparing 0 JDBC statements;
    0 nanoseconds spent executing 0 JDBC statements;
    0 nanoseconds spent executing 0 JDBC batches;
    0 nanoseconds spent performing 0 L2C puts;
    0 nanoseconds spent performing 0 L2C hits;
    0 nanoseconds spent performing 0 L2C misses;
    0 nanoseconds spent executing 0 flushes (flushing a total of 0 entities and 0 collections);
    0 nanoseconds spent executing 0 partial-flushes (flushing a total of 0 entities and 0 collections)
}
2024-01-11T01:07:28.240+05:30  INFO 13684 --- [           main] i.StatisticalLoggingSessionEventListener : Session Metrics {
    0 nanoseconds spent acquiring 0 JDBC connections;
    0 nanoseconds spent releasing 0 JDBC connections;
    0 nanoseconds spent preparing 0 JDBC statements;
    0 nanoseconds spent executing 0 JDBC statements;
    0 nanoseconds spent executing 0 JDBC batches;
    0 nanoseconds spent performing 0 L2C puts;
    0 nanoseconds spent performing 0 L2C hits;
    0 nanoseconds spent performing 0 L2C misses;
    0 nanoseconds spent executing 0 flushes (flushing a total of 0 entities and 0 collections);
    0 nanoseconds spent executing 0 partial-flushes (flushing a total of 0 entities and 0 collections)
}
2024-01-11T01:07:28.240+05:30  INFO 13684 --- [           main] i.StatisticalLoggingSessionEventListener : Session Metrics {
    0 nanoseconds spent acquiring 0 JDBC connections;
    0 nanoseconds spent releasing 0 JDBC connections;
    0 nanoseconds spent preparing 0 JDBC statements;
    0 nanoseconds spent executing 0 JDBC statements;
    0 nanoseconds spent executing 0 JDBC batches;
    0 nanoseconds spent performing 0 L2C puts;
    0 nanoseconds spent performing 0 L2C hits;
    0 nanoseconds spent performing 0 L2C misses;
    0 nanoseconds spent executing 0 flushes (flushing a total of 0 entities and 0 collections);
    0 nanoseconds spent executing 0 partial-flushes (flushing a total of 0 entities and 0 collections)
}
2024-01-11T01:07:28.242+05:30  INFO 13684 --- [           main] i.StatisticalLoggingSessionEventListener : Session Metrics {
    0 nanoseconds spent acquiring 0 JDBC connections;
    0 nanoseconds spent releasing 0 JDBC connections;
    0 nanoseconds spent preparing 0 JDBC statements;
    0 nanoseconds spent executing 0 JDBC statements;
    0 nanoseconds spent executing 0 JDBC batches;
    0 nanoseconds spent performing 0 L2C puts;
    0 nanoseconds spent performing 0 L2C hits;
    0 nanoseconds spent performing 0 L2C misses;
    0 nanoseconds spent executing 0 flushes (flushing a total of 0 entities and 0 collections);
    0 nanoseconds spent executing 0 partial-flushes (flushing a total of 0 entities and 0 collections)
}
2024-01-11T01:07:28.242+05:30  INFO 13684 --- [           main] i.StatisticalLoggingSessionEventListener : Session Metrics {
    0 nanoseconds spent acquiring 0 JDBC connections;
    0 nanoseconds spent releasing 0 JDBC connections;
    0 nanoseconds spent preparing 0 JDBC statements;
    0 nanoseconds spent executing 0 JDBC statements;
    0 nanoseconds spent executing 0 JDBC batches;
    0 nanoseconds spent performing 0 L2C puts;
    0 nanoseconds spent performing 0 L2C hits;
    0 nanoseconds spent performing 0 L2C misses;
    0 nanoseconds spent executing 0 flushes (flushing a total of 0 entities and 0 collections);
    0 nanoseconds spent executing 0 partial-flushes (flushing a total of 0 entities and 0 collections)
}
2024-01-11T01:07:28.243+05:30  INFO 13684 --- [           main] i.StatisticalLoggingSessionEventListener : Session Metrics {
    0 nanoseconds spent acquiring 0 JDBC connections;
    0 nanoseconds spent releasing 0 JDBC connections;
    0 nanoseconds spent preparing 0 JDBC statements;
    0 nanoseconds spent executing 0 JDBC statements;
    0 nanoseconds spent executing 0 JDBC batches;
    0 nanoseconds spent performing 0 L2C puts;
    0 nanoseconds spent performing 0 L2C hits;
    0 nanoseconds spent performing 0 L2C misses;
    0 nanoseconds spent executing 0 flushes (flushing a total of 0 entities and 0 collections);
    0 nanoseconds spent executing 0 partial-flushes (flushing a total of 0 entities and 0 collections)
}
2024-01-11T01:07:28.244+05:30  INFO 13684 --- [           main] i.StatisticalLoggingSessionEventListener : Session Metrics {
    0 nanoseconds spent acquiring 0 JDBC connections;
    0 nanoseconds spent releasing 0 JDBC connections;
    0 nanoseconds spent preparing 0 JDBC statements;
    0 nanoseconds spent executing 0 JDBC statements;
    0 nanoseconds spent executing 0 JDBC batches;
    0 nanoseconds spent performing 0 L2C puts;
    0 nanoseconds spent performing 0 L2C hits;
    0 nanoseconds spent performing 0 L2C misses;
    0 nanoseconds spent executing 0 flushes (flushing a total of 0 entities and 0 collections);
    0 nanoseconds spent executing 0 partial-flushes (flushing a total of 0 entities and 0 collections)
}
2024-01-11T01:07:28.244+05:30  INFO 13684 --- [           main] i.StatisticalLoggingSessionEventListener : Session Metrics {
    0 nanoseconds spent acquiring 0 JDBC connections;
    0 nanoseconds spent releasing 0 JDBC connections;
    0 nanoseconds spent preparing 0 JDBC statements;
    0 nanoseconds spent executing 0 JDBC statements;
    0 nanoseconds spent executing 0 JDBC batches;
    0 nanoseconds spent performing 0 L2C puts;
    0 nanoseconds spent performing 0 L2C hits;
    0 nanoseconds spent performing 0 L2C misses;
    0 nanoseconds spent executing 0 flushes (flushing a total of 0 entities and 0 collections);
    0 nanoseconds spent executing 0 partial-flushes (flushing a total of 0 entities and 0 collections)
}
2024-01-11T01:07:28.246+05:30  INFO 13684 --- [           main] i.StatisticalLoggingSessionEventListener : Session Metrics {
    0 nanoseconds spent acquiring 0 JDBC connections;
    0 nanoseconds spent releasing 0 JDBC connections;
    0 nanoseconds spent preparing 0 JDBC statements;
    0 nanoseconds spent executing 0 JDBC statements;
    0 nanoseconds spent executing 0 JDBC batches;
    0 nanoseconds spent performing 0 L2C puts;
    0 nanoseconds spent performing 0 L2C hits;
    0 nanoseconds spent performing 0 L2C misses;
    0 nanoseconds spent executing 0 flushes (flushing a total of 0 entities and 0 collections);
    0 nanoseconds spent executing 0 partial-flushes (flushing a total of 0 entities and 0 collections)
}
2024-01-11T01:07:28.246+05:30  INFO 13684 --- [           main] i.StatisticalLoggingSessionEventListener : Session Metrics {
    0 nanoseconds spent acquiring 0 JDBC connections;
    0 nanoseconds spent releasing 0 JDBC connections;
    0 nanoseconds spent preparing 0 JDBC statements;
    0 nanoseconds spent executing 0 JDBC statements;
    0 nanoseconds spent executing 0 JDBC batches;
    0 nanoseconds spent performing 0 L2C puts;
    0 nanoseconds spent performing 0 L2C hits;
    0 nanoseconds spent performing 0 L2C misses;
    0 nanoseconds spent executing 0 flushes (flushing a total of 0 entities and 0 collections);
    0 nanoseconds spent executing 0 partial-flushes (flushing a total of 0 entities and 0 collections)
}
2024-01-11T01:07:28.247+05:30  INFO 13684 --- [           main] i.StatisticalLoggingSessionEventListener : Session Metrics {
    0 nanoseconds spent acquiring 0 JDBC connections;
    0 nanoseconds spent releasing 0 JDBC connections;
    0 nanoseconds spent preparing 0 JDBC statements;
    0 nanoseconds spent executing 0 JDBC statements;
    0 nanoseconds spent executing 0 JDBC batches;
    0 nanoseconds spent performing 0 L2C puts;
    0 nanoseconds spent performing 0 L2C hits;
    0 nanoseconds spent performing 0 L2C misses;
    0 nanoseconds spent executing 0 flushes (flushing a total of 0 entities and 0 collections);
    0 nanoseconds spent executing 0 partial-flushes (flushing a total of 0 entities and 0 collections)
}
2024-01-11T01:07:28.247+05:30  INFO 13684 --- [           main] i.StatisticalLoggingSessionEventListener : Session Metrics {
    0 nanoseconds spent acquiring 0 JDBC connections;
    0 nanoseconds spent releasing 0 JDBC connections;
    0 nanoseconds spent preparing 0 JDBC statements;
    0 nanoseconds spent executing 0 JDBC statements;
    0 nanoseconds spent executing 0 JDBC batches;
    0 nanoseconds spent performing 0 L2C puts;
    0 nanoseconds spent performing 0 L2C hits;
    0 nanoseconds spent performing 0 L2C misses;
    0 nanoseconds spent executing 0 flushes (flushing a total of 0 entities and 0 collections);
    0 nanoseconds spent executing 0 partial-flushes (flushing a total of 0 entities and 0 collections)
}
2024-01-11T01:07:28.249+05:30  INFO 13684 --- [           main] i.StatisticalLoggingSessionEventListener : Session Metrics {
    0 nanoseconds spent acquiring 0 JDBC connections;
    0 nanoseconds spent releasing 0 JDBC connections;
    0 nanoseconds spent preparing 0 JDBC statements;
    0 nanoseconds spent executing 0 JDBC statements;
    0 nanoseconds spent executing 0 JDBC batches;
    0 nanoseconds spent performing 0 L2C puts;
    0 nanoseconds spent performing 0 L2C hits;
    0 nanoseconds spent performing 0 L2C misses;
    0 nanoseconds spent executing 0 flushes (flushing a total of 0 entities and 0 collections);
    0 nanoseconds spent executing 0 partial-flushes (flushing a total of 0 entities and 0 collections)
}
2024-01-11T01:07:28.249+05:30  INFO 13684 --- [           main] i.StatisticalLoggingSessionEventListener : Session Metrics {
    0 nanoseconds spent acquiring 0 JDBC connections;
    0 nanoseconds spent releasing 0 JDBC connections;
    0 nanoseconds spent preparing 0 JDBC statements;
    0 nanoseconds spent executing 0 JDBC statements;
    0 nanoseconds spent executing 0 JDBC batches;
    0 nanoseconds spent performing 0 L2C puts;
    0 nanoseconds spent performing 0 L2C hits;
    0 nanoseconds spent performing 0 L2C misses;
    0 nanoseconds spent executing 0 flushes (flushing a total of 0 entities and 0 collections);
    0 nanoseconds spent executing 0 partial-flushes (flushing a total of 0 entities and 0 collections)
}
2024-01-11T01:07:28.364+05:30  INFO 13684 --- [           main] o.s.b.a.h2.H2ConsoleAutoConfiguration    : H2 console available at '/h2-console'. Database available at 'jdbc:h2:mem:testdb'
2024-01-11T01:07:28.385+05:30  INFO 13684 --- [           main] c.i.j.h.d.r.CourseRepositoryTest         : Started CourseRepositoryTest in 0.749 seconds (process running for 12.899)
Hibernate: 
    select
        c1_0.id,
        c1_0.created_date,
        c1_0.is_deleted,
        c1_0.last_updated_date,
        c1_0.name 
    from
        course c1_0 
    where
        c1_0.id=? 
        and (
            c1_0.is_deleted = false
        )
2024-01-11T01:07:28.396+05:30  INFO 13684 --- [           main] c.i.j.h.d.repository.CourseRepository    : Course -> Course[JPA in 50 Steps]
2024-01-11T01:07:28.397+05:30  INFO 13684 --- [           main] i.StatisticalLoggingSessionEventListener : Session Metrics {
    17900 nanoseconds spent acquiring 1 JDBC connections;
    0 nanoseconds spent releasing 0 JDBC connections;
    263400 nanoseconds spent preparing 1 JDBC statements;
    155700 nanoseconds spent executing 1 JDBC statements;
    0 nanoseconds spent executing 0 JDBC batches;
    875100 nanoseconds spent performing 1 L2C puts;
    0 nanoseconds spent performing 0 L2C hits;
    35900 nanoseconds spent performing 1 L2C misses;
    266200 nanoseconds spent executing 1 flushes (flushing a total of 1 entities and 2 collections);
    0 nanoseconds spent executing 0 partial-flushes (flushing a total of 0 entities and 0 collections)
}
]]></system-out>
  </testcase>
  <testcase name="save_basic" classname="com.in28minutes.jpa.hibernate.demo.repository.CourseRepositoryTest" time="0.037">
    <system-out><![CDATA[2024-01-11T01:07:28.404+05:30 TRACE 13684 --- [           main] org.hibernate.type.CollectionType        : Created collection wrapper: [com.in28minutes.jpa.hibernate.demo.entity.Course.reviews#10001]
2024-01-11T01:07:28.404+05:30 TRACE 13684 --- [           main] org.hibernate.type.CollectionType        : Created collection wrapper: [com.in28minutes.jpa.hibernate.demo.entity.Course.students#10001]
2024-01-11T01:07:28.404+05:30  INFO 13684 --- [           main] c.i.j.h.d.repository.CourseRepository    : Course -> Course[JPA in 50 Steps]
2024-01-11T01:07:28.405+05:30  INFO 13684 --- [           main] i.StatisticalLoggingSessionEventListener : Session Metrics {
    24400 nanoseconds spent acquiring 1 JDBC connections;
    0 nanoseconds spent releasing 0 JDBC connections;
    0 nanoseconds spent preparing 0 JDBC statements;
    0 nanoseconds spent executing 0 JDBC statements;
    0 nanoseconds spent executing 0 JDBC batches;
    0 nanoseconds spent performing 0 L2C puts;
    627300 nanoseconds spent performing 1 L2C hits;
    0 nanoseconds spent performing 0 L2C misses;
    212100 nanoseconds spent executing 1 flushes (flushing a total of 1 entities and 2 collections);
    0 nanoseconds spent executing 0 partial-flushes (flushing a total of 0 entities and 0 collections)
}
2024-01-11T01:07:28.409+05:30 TRACE 13684 --- [           main] org.hibernate.type.CollectionType        : Created collection wrapper: [com.in28minutes.jpa.hibernate.demo.entity.Course.reviews#10001]
2024-01-11T01:07:28.409+05:30 TRACE 13684 --- [           main] org.hibernate.type.CollectionType        : Created collection wrapper: [com.in28minutes.jpa.hibernate.demo.entity.Course.students#10001]
Hibernate: 
    update
        course 
    set
        created_date=?,
        is_deleted=?,
        last_updated_date=?,
        name=? 
    where
        id=?
2024-01-11T01:07:28.415+05:30  INFO 13684 --- [           main] i.StatisticalLoggingSessionEventListener : Session Metrics {
    13600 nanoseconds spent acquiring 1 JDBC connections;
    0 nanoseconds spent releasing 0 JDBC connections;
    199900 nanoseconds spent preparing 1 JDBC statements;
    0 nanoseconds spent executing 0 JDBC statements;
    409300 nanoseconds spent executing 1 JDBC batches;
    978100 nanoseconds spent performing 2 L2C puts;
    464900 nanoseconds spent performing 1 L2C hits;
    0 nanoseconds spent performing 0 L2C misses;
    2942400 nanoseconds spent executing 1 flushes (flushing a total of 1 entities and 2 collections);
    0 nanoseconds spent executing 0 partial-flushes (flushing a total of 0 entities and 0 collections)
}
2024-01-11T01:07:28.416+05:30 TRACE 13684 --- [           main] org.hibernate.type.CollectionType        : Created collection wrapper: [com.in28minutes.jpa.hibernate.demo.entity.Course.reviews#10001]
2024-01-11T01:07:28.416+05:30 TRACE 13684 --- [           main] org.hibernate.type.CollectionType        : Created collection wrapper: [com.in28minutes.jpa.hibernate.demo.entity.Course.students#10001]
2024-01-11T01:07:28.416+05:30  INFO 13684 --- [           main] c.i.j.h.d.repository.CourseRepository    : Course -> Course[JPA in 50 Steps - Updated]
2024-01-11T01:07:28.417+05:30  INFO 13684 --- [           main] i.StatisticalLoggingSessionEventListener : Session Metrics {
    15600 nanoseconds spent acquiring 1 JDBC connections;
    0 nanoseconds spent releasing 0 JDBC connections;
    0 nanoseconds spent preparing 0 JDBC statements;
    0 nanoseconds spent executing 0 JDBC statements;
    0 nanoseconds spent executing 0 JDBC batches;
    0 nanoseconds spent performing 0 L2C puts;
    520000 nanoseconds spent performing 1 L2C hits;
    0 nanoseconds spent performing 0 L2C misses;
    296300 nanoseconds spent executing 1 flushes (flushing a total of 1 entities and 2 collections);
    0 nanoseconds spent executing 0 partial-flushes (flushing a total of 0 entities and 0 collections)
}
2024-01-11T01:07:28.420+05:30  INFO 13684 --- [           main] j.LocalContainerEntityManagerFactoryBean : Closing JPA EntityManagerFactory for persistence unit 'default'
Hibernate: 
    drop table if exists course cascade 
Hibernate: 
    drop table if exists full_time_employee cascade 
Hibernate: 
    drop table if exists part_time_employee cascade 
Hibernate: 
    drop table if exists passport cascade 
Hibernate: 
    drop table if exists review cascade 
Hibernate: 
    drop table if exists student cascade 
Hibernate: 
    drop table if exists student_course cascade 
Hibernate: 
    drop sequence if exists course_seq
Hibernate: 
    drop sequence if exists full_time_employee_seq
Hibernate: 
    drop sequence if exists part_time_employee_seq
Hibernate: 
    drop sequence if exists passport_seq
Hibernate: 
    drop sequence if exists review_seq
Hibernate: 
    drop sequence if exists student_seq
2024-01-11T01:07:28.423+05:30  INFO 13684 --- [           main] org.ehcache.core.EhcacheManager          : Cache 'com.in28minutes.jpa.hibernate.demo.entity.Course' removed from EhcacheManager.
2024-01-11T01:07:28.424+05:30 TRACE 13684 --- [           main] o.h.type.spi.TypeConfiguration$Scope     : Handling #sessionFactoryClosed from [org.hibernate.internal.SessionFactoryImpl@4ca5eb61] for TypeConfiguration
2024-01-11T01:07:28.424+05:30 DEBUG 13684 --- [           main] o.h.type.spi.TypeConfiguration$Scope     : Un-scoping TypeConfiguration [org.hibernate.type.spi.TypeConfiguration$Scope@2610cb55] from SessionFactory [org.hibernate.internal.SessionFactoryImpl@4ca5eb61]
2024-01-11T01:07:28.436+05:30  INFO 13684 --- [           main] com.zaxxer.hikari.HikariDataSource       : HikariPool-5 - Shutdown initiated...
2024-01-11T01:07:28.437+05:30  INFO 13684 --- [           main] com.zaxxer.hikari.HikariDataSource       : HikariPool-5 - Shutdown completed.
]]></system-out>
  </testcase>
</testsuite>